Using pre-set license
Built from '2021.3/staging' branch; Version is '2021.3.10f1 (1c7d0df0160b) revision 1867021'; Using compiler version '192829333'; Build Type 'Release'
OS: 'Windows 10  (10.0.19043) 64bit Core' Language: 'es' Physical Memory: 7545 MB
BatchMode: 1, IsHumanControllingUs: 0, StartBugReporterOnCrash: 0, Is64bit: 1, IsPro: 1

COMMAND LINE ARGUMENTS:
C:\Program Files\Unity\Hub\Editor\2021.3.10f1\Editor\Unity.exe
-adb2
-batchMode
-noUpm
-name
AssetImportWorker5
-projectPath
C:/Users/Usuario/OneDrive/Documentos/GitHub/Unity
-logFile
Logs/AssetImportWorker5.log
-srvPort
51898
Successfully changed project path to: C:/Users/Usuario/OneDrive/Documentos/GitHub/Unity
C:/Users/Usuario/OneDrive/Documentos/GitHub/Unity
[UnityMemory] Configuration Parameters - Can be set up in boot.config
    "memorysetup-bucket-allocator-granularity=16"
    "memorysetup-bucket-allocator-bucket-count=8"
    "memorysetup-bucket-allocator-block-size=33554432"
    "memorysetup-bucket-allocator-block-count=8"
    "memorysetup-main-allocator-block-size=16777216"
    "memorysetup-thread-allocator-block-size=16777216"
    "memorysetup-gfx-main-allocator-block-size=16777216"
    "memorysetup-gfx-thread-allocator-block-size=16777216"
    "memorysetup-cache-allocator-block-size=4194304"
    "memorysetup-typetree-allocator-block-size=2097152"
    "memorysetup-profiler-bucket-allocator-granularity=16"
    "memorysetup-profiler-bucket-allocator-bucket-count=8"
    "memorysetup-profiler-bucket-allocator-block-size=33554432"
    "memorysetup-profiler-bucket-allocator-block-count=8"
    "memorysetup-profiler-allocator-block-size=16777216"
    "memorysetup-profiler-editor-allocator-block-size=1048576"
    "memorysetup-temp-allocator-size-main=16777216"
    "memorysetup-job-temp-allocator-block-size=2097152"
    "memorysetup-job-temp-allocator-block-size-background=1048576"
    "memorysetup-job-temp-allocator-reduction-small-platforms=262144"
    "memorysetup-temp-allocator-size-background-worker=32768"
    "memorysetup-temp-allocator-size-job-worker=262144"
    "memorysetup-temp-allocator-size-preload-manager=33554432"
    "memorysetup-temp-allocator-size-nav-mesh-worker=65536"
    "memorysetup-temp-allocator-size-audio-worker=65536"
    "memorysetup-temp-allocator-size-cloud-worker=32768"
    "memorysetup-temp-allocator-size-gi-baking-worker=262144"
    "memorysetup-temp-allocator-size-gfx=262144"
Refreshing native plugins compatible for Editor in 62.99 ms, found 3 plugins.
Preloading 0 native plugins for Editor in 0.00 ms.
Initialize engine version: 2021.3.10f1 (1c7d0df0160b)
[Subsystems] Discovering subsystems at path C:/Program Files/Unity/Hub/Editor/2021.3.10f1/Editor/Data/Resources/UnitySubsystems
[Subsystems] Discovering subsystems at path C:/Users/Usuario/OneDrive/Documentos/GitHub/Unity/Assets
GfxDevice: creating device client; threaded=0; jobified=0
Direct3D:
    Version:  Direct3D 11.0 [level 11.1]
    Renderer: AMD Radeon RX 5600M (ID=0x731f)
    Vendor:   ATI
    VRAM:     6103 MB
    Driver:   30.0.15021.11005
Initialize mono
Mono path[0] = 'C:/Program Files/Unity/Hub/Editor/2021.3.10f1/Editor/Data/Managed'
Mono path[1] = 'C:/Program Files/Unity/Hub/Editor/2021.3.10f1/Editor/Data/MonoBleedingEdge/lib/mono/unityjit-win32'
Mono config path = 'C:/Program Files/Unity/Hub/Editor/2021.3.10f1/Editor/Data/MonoBleedingEdge/etc'
Using monoOptions --debugger-agent=transport=dt_socket,embedding=1,server=y,suspend=n,address=127.0.0.1:56300
Begin MonoManager ReloadAssembly
Registering precompiled unity dll's ...
Register platform support module: C:/Program Files/Unity/Hub/Editor/2021.3.10f1/Editor/Data/PlaybackEngines/WebGLSupport/UnityEditor.WebGL.Extensions.dll
Register platform support module: C:/Program Files/Unity/Hub/Editor/2021.3.10f1/Editor/Data/PlaybackEngines/WindowsStandaloneSupport/UnityEditor.WindowsStandalone.Extensions.dll
Registered in 0.011395 seconds.
Native extension for WindowsStandalone target not found
Native extension for WebGL target not found
Refreshing native plugins compatible for Editor in 49.26 ms, found 3 plugins.
Preloading 0 native plugins for Editor in 0.00 ms.
Mono: successfully reloaded assembly
- Completed reload, in  0.764 seconds
Domain Reload Profiling:
	ReloadAssembly (765ms)
		BeginReloadAssembly (129ms)
			ExecutionOrderSort (0ms)
			DisableScriptedObjects (0ms)
			BackupInstance (0ms)
			ReleaseScriptingObjects (0ms)
			CreateAndSetChildDomain (1ms)
		EndReloadAssembly (499ms)
			LoadAssemblies (127ms)
			RebuildTransferFunctionScriptingTraits (0ms)
			SetupTypeCache (165ms)
			ReleaseScriptCaches (0ms)
			RebuildScriptCaches (29ms)
			SetupLoadedEditorAssemblies (249ms)
				LogAssemblyErrors (0ms)
				InitializePlatformSupportModulesInManaged (12ms)
				SetLoadedEditorAssemblies (0ms)
				RefreshPlugins (49ms)
				BeforeProcessingInitializeOnLoad (2ms)
				ProcessInitializeOnLoadAttributes (125ms)
				ProcessInitializeOnLoadMethodAttributes (62ms)
				AfterProcessingInitializeOnLoad (0ms)
				EditorAssembliesLoaded (0ms)
			ExecutionOrderSort2 (0ms)
			AwakeInstancesAfterBackupRestoration (0ms)
Platform modules already initialized, skipping
Registering precompiled user dll's ...
Registered in 0.015922 seconds.
Begin MonoManager ReloadAssembly
Native extension for WindowsStandalone target not found
Native extension for WebGL target not found
Refreshing native plugins compatible for Editor in 42.35 ms, found 3 plugins.
Preloading 0 native plugins for Editor in 0.00 ms.
Mono: successfully reloaded assembly
- Completed reload, in  0.989 seconds
Domain Reload Profiling:
	ReloadAssembly (990ms)
		BeginReloadAssembly (113ms)
			ExecutionOrderSort (0ms)
			DisableScriptedObjects (5ms)
			BackupInstance (0ms)
			ReleaseScriptingObjects (0ms)
			CreateAndSetChildDomain (21ms)
		EndReloadAssembly (763ms)
			LoadAssemblies (120ms)
			RebuildTransferFunctionScriptingTraits (0ms)
			SetupTypeCache (191ms)
			ReleaseScriptCaches (1ms)
			RebuildScriptCaches (45ms)
			SetupLoadedEditorAssemblies (372ms)
				LogAssemblyErrors (0ms)
				InitializePlatformSupportModulesInManaged (6ms)
				SetLoadedEditorAssemblies (0ms)
				RefreshPlugins (42ms)
				BeforeProcessingInitializeOnLoad (74ms)
				ProcessInitializeOnLoadAttributes (191ms)
				ProcessInitializeOnLoadMethodAttributes (49ms)
				AfterProcessingInitializeOnLoad (9ms)
				EditorAssembliesLoaded (0ms)
			ExecutionOrderSort2 (0ms)
			AwakeInstancesAfterBackupRestoration (6ms)
Platform modules already initialized, skipping
========================================================================
Worker process is ready to serve import requests
Launched and connected shader compiler UnityShaderCompiler.exe after 0.06 seconds
Refreshing native plugins compatible for Editor in 0.62 ms, found 3 plugins.
Preloading 0 native plugins for Editor in 0.00 ms.
Unloading 2525 Unused Serialized files (Serialized files now loaded: 0)
Unloading 33 unused Assets / (56.3 KB). Loaded Objects now: 2987.
Memory consumption went from 112.9 MB to 112.8 MB.
Total: 3.643700 ms (FindLiveObjects: 0.270500 ms CreateObjectMapping: 0.092900 ms MarkObjects: 3.175700 ms  DeleteObjects: 0.102900 ms)

AssetImportParameters requested are different than current active one (requested -> active):
  custom:video-decoder-ogg-theora: a1e56fd34408186e4bbccfd4996cb3dc -> 
  custom:container-muxer-webm: aa71ff27fc2769a1b78a27578f13a17b -> 
  custom:container-demuxer-webm: 4f35f7cbe854078d1ac9338744f61a02 -> 
  custom:video-encoder-webm-vp8: eb34c28f22e8b96e1ab97ce403110664 -> 
  custom:video-codec-MediaFoundation-h265: 746d11721c4dcdbdad8f713fa42b33f4 -> 
  custom:audio-encoder-webm-vorbis: bf7c407c2cedff20999df2af8eb42d56 -> 
  custom:framework-win-MediaFoundation: 216162199b28c13a410421893ffa2e32 -> 
  custom:container-demuxer-ogg: 62fdf1f143b41e24485cea50d1cbac27 -> 
  custom:video-decoder-webm-vp8: 9c59270c3fd7afecdb556c50c9e8de78 -> 
  custom:audio-decoder-ogg-vorbis: bf7c407c2cedff20999df2af8eb42d56 -> 
========================================================================
Received Import Request.
  Time since last request: 378836.248898 seconds.
  path: Assets/TextMesh Pro/Examples & Extras/Prefabs/TextMeshPro - Prefab 1.prefab
  artifactKey: Guid(a6e39ced0ea046bcb636c3f0b2e2a745) Importer(815301076,1909f56bfc062723c751e8b465ee728b)
Start importing Assets/TextMesh Pro/Examples & Extras/Prefabs/TextMeshPro - Prefab 1.prefab using Guid(a6e39ced0ea046bcb636c3f0b2e2a745) Importer(815301076,1909f56bfc062723c751e8b465ee728b)  -> (artifact id: '857d00b92706dd12525e05ee0d147f27') in 0.091524 seconds 
========================================================================
Received Prepare
Registering precompiled user dll's ...
Registered in 0.006154 seconds.
Begin MonoManager ReloadAssembly
Native extension for WindowsStandalone target not found
Native extension for WebGL target not found
Refreshing native plugins compatible for Editor in 0.68 ms, found 3 plugins.
Preloading 0 native plugins for Editor in 0.00 ms.
Mono: successfully reloaded assembly
- Completed reload, in  0.921 seconds
Domain Reload Profiling:
	ReloadAssembly (921ms)
		BeginReloadAssembly (127ms)
			ExecutionOrderSort (0ms)
			DisableScriptedObjects (6ms)
			BackupInstance (0ms)
			ReleaseScriptingObjects (0ms)
			CreateAndSetChildDomain (34ms)
		EndReloadAssembly (700ms)
			LoadAssemblies (79ms)
			RebuildTransferFunctionScriptingTraits (0ms)
			SetupTypeCache (192ms)
			ReleaseScriptCaches (1ms)
			RebuildScriptCaches (45ms)
			SetupLoadedEditorAssemblies (336ms)
				LogAssemblyErrors (0ms)
				InitializePlatformSupportModulesInManaged (15ms)
				SetLoadedEditorAssemblies (1ms)
				RefreshPlugins (1ms)
				BeforeProcessingInitializeOnLoad (64ms)
				ProcessInitializeOnLoadAttributes (203ms)
				ProcessInitializeOnLoadMethodAttributes (44ms)
				AfterProcessingInitializeOnLoad (8ms)
				EditorAssembliesLoaded (0ms)
			ExecutionOrderSort2 (0ms)
			AwakeInstancesAfterBackupRestoration (8ms)
Platform modules already initialized, skipping
Refreshing native plugins compatible for Editor in 2.32 ms, found 3 plugins.
Preloading 0 native plugins for Editor in 0.00 ms.
Unloading 2501 Unused Serialized files (Serialized files now loaded: 0)
Unloading 20 unused Assets / (24.7 KB). Loaded Objects now: 2991.
Memory consumption went from 110.8 MB to 110.8 MB.
Total: 3.406500 ms (FindLiveObjects: 0.238900 ms CreateObjectMapping: 0.067200 ms MarkObjects: 3.070300 ms  DeleteObjects: 0.028200 ms)

AssetImportParameters requested are different than current active one (requested -> active):
  custom:video-decoder-ogg-theora: a1e56fd34408186e4bbccfd4996cb3dc -> 
  custom:container-muxer-webm: aa71ff27fc2769a1b78a27578f13a17b -> 
  custom:container-demuxer-webm: 4f35f7cbe854078d1ac9338744f61a02 -> 
  custom:video-encoder-webm-vp8: eb34c28f22e8b96e1ab97ce403110664 -> 
  custom:video-codec-MediaFoundation-h265: 746d11721c4dcdbdad8f713fa42b33f4 -> 
  custom:audio-encoder-webm-vorbis: bf7c407c2cedff20999df2af8eb42d56 -> 
  custom:framework-win-MediaFoundation: 216162199b28c13a410421893ffa2e32 -> 
  custom:container-demuxer-ogg: 62fdf1f143b41e24485cea50d1cbac27 -> 
  custom:video-decoder-webm-vp8: 9c59270c3fd7afecdb556c50c9e8de78 -> 
  custom:audio-decoder-ogg-vorbis: bf7c407c2cedff20999df2af8eb42d56 -> 
========================================================================
Received Prepare
Registering precompiled user dll's ...
Registered in 0.005666 seconds.
Begin MonoManager ReloadAssembly
Native extension for WindowsStandalone target not found
Native extension for WebGL target not found
Refreshing native plugins compatible for Editor in 0.65 ms, found 3 plugins.
Preloading 0 native plugins for Editor in 0.00 ms.
Mono: successfully reloaded assembly
- Completed reload, in  0.934 seconds
Domain Reload Profiling:
	ReloadAssembly (935ms)
		BeginReloadAssembly (122ms)
			ExecutionOrderSort (0ms)
			DisableScriptedObjects (6ms)
			BackupInstance (0ms)
			ReleaseScriptingObjects (0ms)
			CreateAndSetChildDomain (33ms)
		EndReloadAssembly (716ms)
			LoadAssemblies (79ms)
			RebuildTransferFunctionScriptingTraits (0ms)
			SetupTypeCache (190ms)
			ReleaseScriptCaches (1ms)
			RebuildScriptCaches (44ms)
			SetupLoadedEditorAssemblies (354ms)
				LogAssemblyErrors (0ms)
				InitializePlatformSupportModulesInManaged (16ms)
				SetLoadedEditorAssemblies (1ms)
				RefreshPlugins (1ms)
				BeforeProcessingInitializeOnLoad (76ms)
				ProcessInitializeOnLoadAttributes (211ms)
				ProcessInitializeOnLoadMethodAttributes (39ms)
				AfterProcessingInitializeOnLoad (11ms)
				EditorAssembliesLoaded (0ms)
			ExecutionOrderSort2 (0ms)
			AwakeInstancesAfterBackupRestoration (9ms)
Platform modules already initialized, skipping
Refreshing native plugins compatible for Editor in 2.69 ms, found 3 plugins.
Preloading 0 native plugins for Editor in 0.00 ms.
Unloading 2501 Unused Serialized files (Serialized files now loaded: 0)
Unloading 20 unused Assets / (24.6 KB). Loaded Objects now: 2994.
Memory consumption went from 110.8 MB to 110.8 MB.
Total: 3.244800 ms (FindLiveObjects: 0.230300 ms CreateObjectMapping: 0.066800 ms MarkObjects: 2.921900 ms  DeleteObjects: 0.024200 ms)

AssetImportParameters requested are different than current active one (requested -> active):
  custom:video-decoder-ogg-theora: a1e56fd34408186e4bbccfd4996cb3dc -> 
  custom:container-muxer-webm: aa71ff27fc2769a1b78a27578f13a17b -> 
  custom:container-demuxer-webm: 4f35f7cbe854078d1ac9338744f61a02 -> 
  custom:video-encoder-webm-vp8: eb34c28f22e8b96e1ab97ce403110664 -> 
  custom:video-codec-MediaFoundation-h265: 746d11721c4dcdbdad8f713fa42b33f4 -> 
  custom:audio-encoder-webm-vorbis: bf7c407c2cedff20999df2af8eb42d56 -> 
  custom:framework-win-MediaFoundation: 216162199b28c13a410421893ffa2e32 -> 
  custom:container-demuxer-ogg: 62fdf1f143b41e24485cea50d1cbac27 -> 
  custom:video-decoder-webm-vp8: 9c59270c3fd7afecdb556c50c9e8de78 -> 
  custom:audio-decoder-ogg-vorbis: bf7c407c2cedff20999df2af8eb42d56 -> 
========================================================================
Received Import Request.
  Time since last request: 223.321291 seconds.
  path: Assets/Brackeys/2D Mega Pack/-- Example Photos --/Dungeon Puzzle Example.png
  artifactKey: Guid(a6a22e0c395be6049bb58c2edebd5c4e) Importer(815301076,1909f56bfc062723c751e8b465ee728b)
Start importing Assets/Brackeys/2D Mega Pack/-- Example Photos --/Dungeon Puzzle Example.png using Guid(a6a22e0c395be6049bb58c2edebd5c4e) Importer(815301076,1909f56bfc062723c751e8b465ee728b)  -> (artifact id: '3b4b81f93602053916b6bd7402227e17') in 0.241776 seconds 
========================================================================
Received Import Request.
  Time since last request: 0.000028 seconds.
  path: Assets/Brackeys/2D Mega Pack/-- Example Photos --/Gothic Rogue-like Example.png
  artifactKey: Guid(7576666deaabf1445bc7f71d96a0162e) Importer(815301076,1909f56bfc062723c751e8b465ee728b)
Start importing Assets/Brackeys/2D Mega Pack/-- Example Photos --/Gothic Rogue-like Example.png using Guid(7576666deaabf1445bc7f71d96a0162e) Importer(815301076,1909f56bfc062723c751e8b465ee728b)  -> (artifact id: '186ce3808f41318f6d59ae052ea8ee47') in 0.131640 seconds 
========================================================================
Received Import Request.
  Time since last request: 0.000035 seconds.
  path: Assets/Brackeys/2D Mega Pack/-- Example Photos --/Retro Platformer Example.png
  artifactKey: Guid(10a0eaf66baf3454bbbba17ad579aec9) Importer(815301076,1909f56bfc062723c751e8b465ee728b)
Start importing Assets/Brackeys/2D Mega Pack/-- Example Photos --/Retro Platformer Example.png using Guid(10a0eaf66baf3454bbbba17ad579aec9) Importer(815301076,1909f56bfc062723c751e8b465ee728b)  -> (artifact id: 'd6f1235073051fe544a8b05a873d439b') in 0.065634 seconds 
========================================================================
Received Import Request.
  Time since last request: 0.000040 seconds.
  path: Assets/Brackeys/2D Mega Pack/-- Example Photos --/Pong Example.png
  artifactKey: Guid(8de1383f09bd7e447bfaaa8c2e6c0219) Importer(815301076,1909f56bfc062723c751e8b465ee728b)
Start importing Assets/Brackeys/2D Mega Pack/-- Example Photos --/Pong Example.png using Guid(8de1383f09bd7e447bfaaa8c2e6c0219) Importer(815301076,1909f56bfc062723c751e8b465ee728b)  -> (artifact id: '90a797af4c326007d59556a8cb0581ab') in 0.153164 seconds 
========================================================================
Received Import Request.
  Time since last request: 6.691182 seconds.
  path: Assets/Brackeys/2D Mega Pack/Characters/Detective.png
  artifactKey: Guid(f776e2e9690501e41a2e5b81ceb440b9) Importer(815301076,1909f56bfc062723c751e8b465ee728b)
Start importing Assets/Brackeys/2D Mega Pack/Characters/Detective.png using Guid(f776e2e9690501e41a2e5b81ceb440b9) Importer(815301076,1909f56bfc062723c751e8b465ee728b)  -> (artifact id: 'eb3fbbf02c5cf7bcc8ff0f52caf96435') in 0.070065 seconds 
========================================================================
Received Import Request.
  Time since last request: 0.000032 seconds.
  path: Assets/Brackeys/2D Mega Pack/Characters/MrPeanut.png
  artifactKey: Guid(25dbfbd01b6dc0c49a048b76d7f7368f) Importer(815301076,1909f56bfc062723c751e8b465ee728b)
Start importing Assets/Brackeys/2D Mega Pack/Characters/MrPeanut.png using Guid(25dbfbd01b6dc0c49a048b76d7f7368f) Importer(815301076,1909f56bfc062723c751e8b465ee728b)  -> (artifact id: '50084470a5b5fa3ed811129da608a98f') in 0.029913 seconds 
========================================================================
Received Import Request.
  Time since last request: 0.552438 seconds.
  path: Assets/Brackeys/2D Mega Pack/Backgrounds/BrickBackground.png
  artifactKey: Guid(fdfb3796a96b09f45b7ed20555d95926) Importer(815301076,1909f56bfc062723c751e8b465ee728b)
Start importing Assets/Brackeys/2D Mega Pack/Backgrounds/BrickBackground.png using Guid(fdfb3796a96b09f45b7ed20555d95926) Importer(815301076,1909f56bfc062723c751e8b465ee728b)  -> (artifact id: '740f5613f22c6855a2ebffafe804fdd0') in 0.034079 seconds 
========================================================================
Received Import Request.
  Time since last request: 0.000028 seconds.
  path: Assets/Brackeys/2D Mega Pack/Backgrounds/FieldBackground.png
  artifactKey: Guid(816d352463058f7488a74e1e59af50f1) Importer(815301076,1909f56bfc062723c751e8b465ee728b)
Start importing Assets/Brackeys/2D Mega Pack/Backgrounds/FieldBackground.png using Guid(816d352463058f7488a74e1e59af50f1) Importer(815301076,1909f56bfc062723c751e8b465ee728b)  -> (artifact id: '491831584d91437f7fef1ae70c54a204') in 0.034982 seconds 
========================================================================
Received Import Request.
  Time since last request: 2.545042 seconds.
  path: Assets/Brackeys/2D Mega Pack/Effects/Muzzleflash1.png
  artifactKey: Guid(537061d6ab4addf439f918145d65123e) Importer(815301076,1909f56bfc062723c751e8b465ee728b)
Start importing Assets/Brackeys/2D Mega Pack/Effects/Muzzleflash1.png using Guid(537061d6ab4addf439f918145d65123e) Importer(815301076,1909f56bfc062723c751e8b465ee728b)  -> (artifact id: 'fd58eecaad4c44264d64d711e5829b6e') in 0.021072 seconds 
========================================================================
Received Import Request.
  Time since last request: 0.000027 seconds.
  path: Assets/Brackeys/2D Mega Pack/Effects/Muzzleflash3.png
  artifactKey: Guid(729dd7a288cc6af4cac0edf25f4af631) Importer(815301076,1909f56bfc062723c751e8b465ee728b)
Start importing Assets/Brackeys/2D Mega Pack/Effects/Muzzleflash3.png using Guid(729dd7a288cc6af4cac0edf25f4af631) Importer(815301076,1909f56bfc062723c751e8b465ee728b)  -> (artifact id: '57d269d4da5a5352034e982fe4079e3d') in 0.020609 seconds 
========================================================================
Received Import Request.
  Time since last request: 0.480999 seconds.
  path: Assets/Brackeys/2D Mega Pack/Enemies/Canon.png
  artifactKey: Guid(8bfadec067237c04ab16144f6847e733) Importer(815301076,1909f56bfc062723c751e8b465ee728b)
Start importing Assets/Brackeys/2D Mega Pack/Enemies/Canon.png using Guid(8bfadec067237c04ab16144f6847e733) Importer(815301076,1909f56bfc062723c751e8b465ee728b)  -> (artifact id: '5d2634f2fd1a05c5fbb83949a0f42e53') in 0.021161 seconds 
========================================================================
Received Import Request.
  Time since last request: 0.812029 seconds.
  path: Assets/Brackeys/2D Mega Pack/Environment/Mountains&Platforms.png
  artifactKey: Guid(87b209f140a1f3c408061c67de42043c) Importer(815301076,1909f56bfc062723c751e8b465ee728b)
Start importing Assets/Brackeys/2D Mega Pack/Environment/Mountains&Platforms.png using Guid(87b209f140a1f3c408061c67de42043c) Importer(815301076,1909f56bfc062723c751e8b465ee728b)  -> (artifact id: '07135cdc38fdfb582a5e402be4c93695') in 0.057652 seconds 
========================================================================
Received Prepare
Registering precompiled user dll's ...
Registered in 0.006209 seconds.
Begin MonoManager ReloadAssembly
Native extension for WindowsStandalone target not found
Native extension for WebGL target not found
Refreshing native plugins compatible for Editor in 0.73 ms, found 3 plugins.
Preloading 0 native plugins for Editor in 0.00 ms.
Mono: successfully reloaded assembly
- Completed reload, in  0.941 seconds
Domain Reload Profiling:
	ReloadAssembly (942ms)
		BeginReloadAssembly (128ms)
			ExecutionOrderSort (0ms)
			DisableScriptedObjects (6ms)
			BackupInstance (0ms)
			ReleaseScriptingObjects (0ms)
			CreateAndSetChildDomain (34ms)
		EndReloadAssembly (720ms)
			LoadAssemblies (80ms)
			RebuildTransferFunctionScriptingTraits (0ms)
			SetupTypeCache (203ms)
			ReleaseScriptCaches (2ms)
			RebuildScriptCaches (51ms)
			SetupLoadedEditorAssemblies (334ms)
				LogAssemblyErrors (0ms)
				InitializePlatformSupportModulesInManaged (14ms)
				SetLoadedEditorAssemblies (0ms)
				RefreshPlugins (1ms)
				BeforeProcessingInitializeOnLoad (72ms)
				ProcessInitializeOnLoadAttributes (198ms)
				ProcessInitializeOnLoadMethodAttributes (40ms)
				AfterProcessingInitializeOnLoad (8ms)
				EditorAssembliesLoaded (0ms)
			ExecutionOrderSort2 (0ms)
			AwakeInstancesAfterBackupRestoration (9ms)
Platform modules already initialized, skipping
Refreshing native plugins compatible for Editor in 2.59 ms, found 3 plugins.
Preloading 0 native plugins for Editor in 0.00 ms.
Unloading 2501 Unused Serialized files (Serialized files now loaded: 0)
Unloading 20 unused Assets / (24.6 KB). Loaded Objects now: 3049.
Memory consumption went from 114.8 MB to 114.7 MB.
Total: 3.595400 ms (FindLiveObjects: 0.341900 ms CreateObjectMapping: 0.085200 ms MarkObjects: 3.129300 ms  DeleteObjects: 0.037300 ms)

AssetImportParameters requested are different than current active one (requested -> active):
  custom:video-decoder-ogg-theora: a1e56fd34408186e4bbccfd4996cb3dc -> 
  custom:container-muxer-webm: aa71ff27fc2769a1b78a27578f13a17b -> 
  custom:container-demuxer-webm: 4f35f7cbe854078d1ac9338744f61a02 -> 
  custom:video-encoder-webm-vp8: eb34c28f22e8b96e1ab97ce403110664 -> 
  custom:video-codec-MediaFoundation-h265: 746d11721c4dcdbdad8f713fa42b33f4 -> 
  custom:audio-encoder-webm-vorbis: bf7c407c2cedff20999df2af8eb42d56 -> 
  custom:framework-win-MediaFoundation: 216162199b28c13a410421893ffa2e32 -> 
  custom:container-demuxer-ogg: 62fdf1f143b41e24485cea50d1cbac27 -> 
  custom:video-decoder-webm-vp8: 9c59270c3fd7afecdb556c50c9e8de78 -> 
  custom:audio-decoder-ogg-vorbis: bf7c407c2cedff20999df2af8eb42d56 -> 
========================================================================
Received Prepare
Registering precompiled user dll's ...
Registered in 0.005067 seconds.
Begin MonoManager ReloadAssembly
Native extension for WindowsStandalone target not found
Native extension for WebGL target not found
Refreshing native plugins compatible for Editor in 0.83 ms, found 3 plugins.
Preloading 0 native plugins for Editor in 0.00 ms.
Mono: successfully reloaded assembly
- Completed reload, in  0.919 seconds
Domain Reload Profiling:
	ReloadAssembly (919ms)
		BeginReloadAssembly (124ms)
			ExecutionOrderSort (0ms)
			DisableScriptedObjects (6ms)
			BackupInstance (0ms)
			ReleaseScriptingObjects (0ms)
			CreateAndSetChildDomain (33ms)
		EndReloadAssembly (698ms)
			LoadAssemblies (80ms)
			RebuildTransferFunctionScriptingTraits (0ms)
			SetupTypeCache (182ms)
			ReleaseScriptCaches (1ms)
			RebuildScriptCaches (42ms)
			SetupLoadedEditorAssemblies (346ms)
				LogAssemblyErrors (0ms)
				InitializePlatformSupportModulesInManaged (15ms)
				SetLoadedEditorAssemblies (0ms)
				RefreshPlugins (1ms)
				BeforeProcessingInitializeOnLoad (69ms)
				ProcessInitializeOnLoadAttributes (208ms)
				ProcessInitializeOnLoadMethodAttributes (43ms)
				AfterProcessingInitializeOnLoad (8ms)
				EditorAssembliesLoaded (0ms)
			ExecutionOrderSort2 (0ms)
			AwakeInstancesAfterBackupRestoration (9ms)
Platform modules already initialized, skipping
Refreshing native plugins compatible for Editor in 2.33 ms, found 3 plugins.
Preloading 0 native plugins for Editor in 0.00 ms.
Unloading 2501 Unused Serialized files (Serialized files now loaded: 0)
Unloading 20 unused Assets / (24.6 KB). Loaded Objects now: 3052.
Memory consumption went from 114.8 MB to 114.7 MB.
Total: 3.734200 ms (FindLiveObjects: 0.251200 ms CreateObjectMapping: 0.090800 ms MarkObjects: 3.358700 ms  DeleteObjects: 0.032000 ms)

AssetImportParameters requested are different than current active one (requested -> active):
  custom:video-decoder-ogg-theora: a1e56fd34408186e4bbccfd4996cb3dc -> 
  custom:container-muxer-webm: aa71ff27fc2769a1b78a27578f13a17b -> 
  custom:container-demuxer-webm: 4f35f7cbe854078d1ac9338744f61a02 -> 
  custom:video-encoder-webm-vp8: eb34c28f22e8b96e1ab97ce403110664 -> 
  custom:video-codec-MediaFoundation-h265: 746d11721c4dcdbdad8f713fa42b33f4 -> 
  custom:audio-encoder-webm-vorbis: bf7c407c2cedff20999df2af8eb42d56 -> 
  custom:framework-win-MediaFoundation: 216162199b28c13a410421893ffa2e32 -> 
  custom:container-demuxer-ogg: 62fdf1f143b41e24485cea50d1cbac27 -> 
  custom:video-decoder-webm-vp8: 9c59270c3fd7afecdb556c50c9e8de78 -> 
  custom:audio-decoder-ogg-vorbis: bf7c407c2cedff20999df2af8eb42d56 -> 
========================================================================
Received Prepare
Registering precompiled user dll's ...
Registered in 0.005212 seconds.
Begin MonoManager ReloadAssembly
Native extension for WindowsStandalone target not found
Native extension for WebGL target not found
Refreshing native plugins compatible for Editor in 0.63 ms, found 3 plugins.
Preloading 0 native plugins for Editor in 0.00 ms.
Mono: successfully reloaded assembly
- Completed reload, in  0.919 seconds
Domain Reload Profiling:
	ReloadAssembly (920ms)
		BeginReloadAssembly (124ms)
			ExecutionOrderSort (0ms)
			DisableScriptedObjects (6ms)
			BackupInstance (0ms)
			ReleaseScriptingObjects (0ms)
			CreateAndSetChildDomain (31ms)
		EndReloadAssembly (697ms)
			LoadAssemblies (80ms)
			RebuildTransferFunctionScriptingTraits (0ms)
			SetupTypeCache (181ms)
			ReleaseScriptCaches (1ms)
			RebuildScriptCaches (45ms)
			SetupLoadedEditorAssemblies (342ms)
				LogAssemblyErrors (0ms)
				InitializePlatformSupportModulesInManaged (14ms)
				SetLoadedEditorAssemblies (1ms)
				RefreshPlugins (1ms)
				BeforeProcessingInitializeOnLoad (70ms)
				ProcessInitializeOnLoadAttributes (203ms)
				ProcessInitializeOnLoadMethodAttributes (42ms)
				AfterProcessingInitializeOnLoad (10ms)
				EditorAssembliesLoaded (0ms)
			ExecutionOrderSort2 (0ms)
			AwakeInstancesAfterBackupRestoration (9ms)
Platform modules already initialized, skipping
Refreshing native plugins compatible for Editor in 3.04 ms, found 3 plugins.
Preloading 0 native plugins for Editor in 0.00 ms.
Unloading 2501 Unused Serialized files (Serialized files now loaded: 0)
Unloading 20 unused Assets / (24.6 KB). Loaded Objects now: 3055.
Memory consumption went from 114.8 MB to 114.7 MB.
Total: 3.516800 ms (FindLiveObjects: 0.424700 ms CreateObjectMapping: 0.121100 ms MarkObjects: 2.923700 ms  DeleteObjects: 0.045300 ms)

AssetImportParameters requested are different than current active one (requested -> active):
  custom:video-decoder-ogg-theora: a1e56fd34408186e4bbccfd4996cb3dc -> 
  custom:container-muxer-webm: aa71ff27fc2769a1b78a27578f13a17b -> 
  custom:container-demuxer-webm: 4f35f7cbe854078d1ac9338744f61a02 -> 
  custom:video-encoder-webm-vp8: eb34c28f22e8b96e1ab97ce403110664 -> 
  custom:video-codec-MediaFoundation-h265: 746d11721c4dcdbdad8f713fa42b33f4 -> 
  custom:audio-encoder-webm-vorbis: bf7c407c2cedff20999df2af8eb42d56 -> 
  custom:framework-win-MediaFoundation: 216162199b28c13a410421893ffa2e32 -> 
  custom:container-demuxer-ogg: 62fdf1f143b41e24485cea50d1cbac27 -> 
  custom:video-decoder-webm-vp8: 9c59270c3fd7afecdb556c50c9e8de78 -> 
  custom:audio-decoder-ogg-vorbis: bf7c407c2cedff20999df2af8eb42d56 -> 
========================================================================
Received Prepare
Registering precompiled user dll's ...
Registered in 0.006417 seconds.
Begin MonoManager ReloadAssembly
Native extension for WindowsStandalone target not found
Native extension for WebGL target not found
Refreshing native plugins compatible for Editor in 1.21 ms, found 3 plugins.
Preloading 0 native plugins for Editor in 0.00 ms.
Mono: successfully reloaded assembly
- Completed reload, in  1.235 seconds
Domain Reload Profiling:
	ReloadAssembly (1236ms)
		BeginReloadAssembly (149ms)
			ExecutionOrderSort (0ms)
			DisableScriptedObjects (7ms)
			BackupInstance (0ms)
			ReleaseScriptingObjects (0ms)
			CreateAndSetChildDomain (40ms)
		EndReloadAssembly (980ms)
			LoadAssemblies (101ms)
			RebuildTransferFunctionScriptingTraits (0ms)
			SetupTypeCache (209ms)
			ReleaseScriptCaches (1ms)
			RebuildScriptCaches (51ms)
			SetupLoadedEditorAssemblies (553ms)
				LogAssemblyErrors (0ms)
				InitializePlatformSupportModulesInManaged (17ms)
				SetLoadedEditorAssemblies (1ms)
				RefreshPlugins (1ms)
				BeforeProcessingInitializeOnLoad (97ms)
				ProcessInitializeOnLoadAttributes (372ms)
				ProcessInitializeOnLoadMethodAttributes (56ms)
				AfterProcessingInitializeOnLoad (9ms)
				EditorAssembliesLoaded (0ms)
			ExecutionOrderSort2 (0ms)
			AwakeInstancesAfterBackupRestoration (11ms)
Platform modules already initialized, skipping
Refreshing native plugins compatible for Editor in 2.43 ms, found 3 plugins.
Preloading 0 native plugins for Editor in 0.00 ms.
Unloading 2501 Unused Serialized files (Serialized files now loaded: 0)
Unloading 20 unused Assets / (24.6 KB). Loaded Objects now: 3058.
Memory consumption went from 114.8 MB to 114.8 MB.
Total: 3.743800 ms (FindLiveObjects: 0.326300 ms CreateObjectMapping: 0.093800 ms MarkObjects: 3.290800 ms  DeleteObjects: 0.031400 ms)

AssetImportParameters requested are different than current active one (requested -> active):
  custom:video-decoder-ogg-theora: a1e56fd34408186e4bbccfd4996cb3dc -> 
  custom:container-muxer-webm: aa71ff27fc2769a1b78a27578f13a17b -> 
  custom:container-demuxer-webm: 4f35f7cbe854078d1ac9338744f61a02 -> 
  custom:video-encoder-webm-vp8: eb34c28f22e8b96e1ab97ce403110664 -> 
  custom:video-codec-MediaFoundation-h265: 746d11721c4dcdbdad8f713fa42b33f4 -> 
  custom:audio-encoder-webm-vorbis: bf7c407c2cedff20999df2af8eb42d56 -> 
  custom:framework-win-MediaFoundation: 216162199b28c13a410421893ffa2e32 -> 
  custom:container-demuxer-ogg: 62fdf1f143b41e24485cea50d1cbac27 -> 
  custom:video-decoder-webm-vp8: 9c59270c3fd7afecdb556c50c9e8de78 -> 
  custom:audio-decoder-ogg-vorbis: bf7c407c2cedff20999df2af8eb42d56 -> 
========================================================================
Received Prepare
Registering precompiled user dll's ...
Registered in 0.005002 seconds.
Begin MonoManager ReloadAssembly
Native extension for WindowsStandalone target not found
Native extension for WebGL target not found
Refreshing native plugins compatible for Editor in 0.98 ms, found 3 plugins.
Preloading 0 native plugins for Editor in 0.00 ms.
Mono: successfully reloaded assembly
- Completed reload, in  1.473 seconds
Domain Reload Profiling:
	ReloadAssembly (1475ms)
		BeginReloadAssembly (442ms)
			ExecutionOrderSort (0ms)
			DisableScriptedObjects (41ms)
			BackupInstance (0ms)
			ReleaseScriptingObjects (0ms)
			CreateAndSetChildDomain (198ms)
		EndReloadAssembly (877ms)
			LoadAssemblies (168ms)
			RebuildTransferFunctionScriptingTraits (0ms)
			SetupTypeCache (287ms)
			ReleaseScriptCaches (1ms)
			RebuildScriptCaches (49ms)
			SetupLoadedEditorAssemblies (389ms)
				LogAssemblyErrors (0ms)
				InitializePlatformSupportModulesInManaged (21ms)
				SetLoadedEditorAssemblies (1ms)
				RefreshPlugins (1ms)
				BeforeProcessingInitializeOnLoad (79ms)
				ProcessInitializeOnLoadAttributes (233ms)
				ProcessInitializeOnLoadMethodAttributes (45ms)
				AfterProcessingInitializeOnLoad (9ms)
				EditorAssembliesLoaded (0ms)
			ExecutionOrderSort2 (0ms)
			AwakeInstancesAfterBackupRestoration (10ms)
Platform modules already initialized, skipping
Refreshing native plugins compatible for Editor in 3.06 ms, found 3 plugins.
Preloading 0 native plugins for Editor in 0.00 ms.
Unloading 2501 Unused Serialized files (Serialized files now loaded: 0)
Unloading 20 unused Assets / (24.6 KB). Loaded Objects now: 3061.
Memory consumption went from 114.8 MB to 114.8 MB.
Total: 6.138500 ms (FindLiveObjects: 0.287100 ms CreateObjectMapping: 0.090700 ms MarkObjects: 5.121000 ms  DeleteObjects: 0.638400 ms)

AssetImportParameters requested are different than current active one (requested -> active):
  custom:video-decoder-ogg-theora: a1e56fd34408186e4bbccfd4996cb3dc -> 
  custom:container-muxer-webm: aa71ff27fc2769a1b78a27578f13a17b -> 
  custom:container-demuxer-webm: 4f35f7cbe854078d1ac9338744f61a02 -> 
  custom:video-encoder-webm-vp8: eb34c28f22e8b96e1ab97ce403110664 -> 
  custom:video-codec-MediaFoundation-h265: 746d11721c4dcdbdad8f713fa42b33f4 -> 
  custom:audio-encoder-webm-vorbis: bf7c407c2cedff20999df2af8eb42d56 -> 
  custom:framework-win-MediaFoundation: 216162199b28c13a410421893ffa2e32 -> 
  custom:container-demuxer-ogg: 62fdf1f143b41e24485cea50d1cbac27 -> 
  custom:video-decoder-webm-vp8: 9c59270c3fd7afecdb556c50c9e8de78 -> 
  custom:audio-decoder-ogg-vorbis: bf7c407c2cedff20999df2af8eb42d56 -> 
========================================================================
Received Prepare
Registering precompiled user dll's ...
Registered in 0.005829 seconds.
Begin MonoManager ReloadAssembly
Native extension for WindowsStandalone target not found
Native extension for WebGL target not found
Refreshing native plugins compatible for Editor in 0.80 ms, found 3 plugins.
Preloading 0 native plugins for Editor in 0.00 ms.
Mono: successfully reloaded assembly
- Completed reload, in  0.977 seconds
Domain Reload Profiling:
	ReloadAssembly (978ms)
		BeginReloadAssembly (132ms)
			ExecutionOrderSort (0ms)
			DisableScriptedObjects (6ms)
			BackupInstance (0ms)
			ReleaseScriptingObjects (0ms)
			CreateAndSetChildDomain (35ms)
		EndReloadAssembly (737ms)
			LoadAssemblies (89ms)
			RebuildTransferFunctionScriptingTraits (0ms)
			SetupTypeCache (209ms)
			ReleaseScriptCaches (1ms)
			RebuildScriptCaches (45ms)
			SetupLoadedEditorAssemblies (347ms)
				LogAssemblyErrors (0ms)
				InitializePlatformSupportModulesInManaged (15ms)
				SetLoadedEditorAssemblies (0ms)
				RefreshPlugins (1ms)
				BeforeProcessingInitializeOnLoad (69ms)
				ProcessInitializeOnLoadAttributes (208ms)
				ProcessInitializeOnLoadMethodAttributes (42ms)
				AfterProcessingInitializeOnLoad (11ms)
				EditorAssembliesLoaded (0ms)
			ExecutionOrderSort2 (0ms)
			AwakeInstancesAfterBackupRestoration (9ms)
Platform modules already initialized, skipping
Refreshing native plugins compatible for Editor in 2.70 ms, found 3 plugins.
Preloading 0 native plugins for Editor in 0.00 ms.
Unloading 2501 Unused Serialized files (Serialized files now loaded: 0)
Unloading 20 unused Assets / (24.6 KB). Loaded Objects now: 3064.
Memory consumption went from 114.8 MB to 114.8 MB.
Total: 3.242800 ms (FindLiveObjects: 0.244000 ms CreateObjectMapping: 0.072700 ms MarkObjects: 2.889100 ms  DeleteObjects: 0.033100 ms)

AssetImportParameters requested are different than current active one (requested -> active):
  custom:video-decoder-ogg-theora: a1e56fd34408186e4bbccfd4996cb3dc -> 
  custom:container-muxer-webm: aa71ff27fc2769a1b78a27578f13a17b -> 
  custom:container-demuxer-webm: 4f35f7cbe854078d1ac9338744f61a02 -> 
  custom:video-encoder-webm-vp8: eb34c28f22e8b96e1ab97ce403110664 -> 
  custom:video-codec-MediaFoundation-h265: 746d11721c4dcdbdad8f713fa42b33f4 -> 
  custom:audio-encoder-webm-vorbis: bf7c407c2cedff20999df2af8eb42d56 -> 
  custom:framework-win-MediaFoundation: 216162199b28c13a410421893ffa2e32 -> 
  custom:container-demuxer-ogg: 62fdf1f143b41e24485cea50d1cbac27 -> 
  custom:video-decoder-webm-vp8: 9c59270c3fd7afecdb556c50c9e8de78 -> 
  custom:audio-decoder-ogg-vorbis: bf7c407c2cedff20999df2af8eb42d56 -> 
========================================================================
Received Prepare
Registering precompiled user dll's ...
Registered in 0.005653 seconds.
Begin MonoManager ReloadAssembly
Native extension for WindowsStandalone target not found
Native extension for WebGL target not found
Refreshing native plugins compatible for Editor in 0.73 ms, found 3 plugins.
Preloading 0 native plugins for Editor in 0.00 ms.
Mono: successfully reloaded assembly
- Completed reload, in  0.942 seconds
Domain Reload Profiling:
	ReloadAssembly (942ms)
		BeginReloadAssembly (130ms)
			ExecutionOrderSort (0ms)
			DisableScriptedObjects (7ms)
			BackupInstance (0ms)
			ReleaseScriptingObjects (0ms)
			CreateAndSetChildDomain (32ms)
		EndReloadAssembly (717ms)
			LoadAssemblies (88ms)
			RebuildTransferFunctionScriptingTraits (0ms)
			SetupTypeCache (187ms)
			ReleaseScriptCaches (1ms)
			RebuildScriptCaches (45ms)
			SetupLoadedEditorAssemblies (351ms)
				LogAssemblyErrors (0ms)
				InitializePlatformSupportModulesInManaged (16ms)
				SetLoadedEditorAssemblies (0ms)
				RefreshPlugins (1ms)
				BeforeProcessingInitializeOnLoad (70ms)
				ProcessInitializeOnLoadAttributes (212ms)
				ProcessInitializeOnLoadMethodAttributes (40ms)
				AfterProcessingInitializeOnLoad (11ms)
				EditorAssembliesLoaded (0ms)
			ExecutionOrderSort2 (0ms)
			AwakeInstancesAfterBackupRestoration (11ms)
Platform modules already initialized, skipping
Refreshing native plugins compatible for Editor in 2.20 ms, found 3 plugins.
Preloading 0 native plugins for Editor in 0.00 ms.
Unloading 2501 Unused Serialized files (Serialized files now loaded: 0)
Unloading 20 unused Assets / (24.6 KB). Loaded Objects now: 3067.
Memory consumption went from 114.8 MB to 114.8 MB.
Total: 4.483000 ms (FindLiveObjects: 0.464700 ms CreateObjectMapping: 0.114200 ms MarkObjects: 3.831400 ms  DeleteObjects: 0.068900 ms)

AssetImportParameters requested are different than current active one (requested -> active):
  custom:video-decoder-ogg-theora: a1e56fd34408186e4bbccfd4996cb3dc -> 
  custom:container-muxer-webm: aa71ff27fc2769a1b78a27578f13a17b -> 
  custom:container-demuxer-webm: 4f35f7cbe854078d1ac9338744f61a02 -> 
  custom:video-encoder-webm-vp8: eb34c28f22e8b96e1ab97ce403110664 -> 
  custom:video-codec-MediaFoundation-h265: 746d11721c4dcdbdad8f713fa42b33f4 -> 
  custom:audio-encoder-webm-vorbis: bf7c407c2cedff20999df2af8eb42d56 -> 
  custom:framework-win-MediaFoundation: 216162199b28c13a410421893ffa2e32 -> 
  custom:container-demuxer-ogg: 62fdf1f143b41e24485cea50d1cbac27 -> 
  custom:video-decoder-webm-vp8: 9c59270c3fd7afecdb556c50c9e8de78 -> 
  custom:audio-decoder-ogg-vorbis: bf7c407c2cedff20999df2af8eb42d56 -> 
========================================================================
Received Prepare
Registering precompiled user dll's ...
Registered in 0.005322 seconds.
Begin MonoManager ReloadAssembly
Native extension for WindowsStandalone target not found
Native extension for WebGL target not found
Refreshing native plugins compatible for Editor in 0.64 ms, found 3 plugins.
Preloading 0 native plugins for Editor in 0.00 ms.
Mono: successfully reloaded assembly
- Completed reload, in  0.996 seconds
Domain Reload Profiling:
	ReloadAssembly (997ms)
		BeginReloadAssembly (169ms)
			ExecutionOrderSort (0ms)
			DisableScriptedObjects (10ms)
			BackupInstance (0ms)
			ReleaseScriptingObjects (0ms)
			CreateAndSetChildDomain (44ms)
		EndReloadAssembly (722ms)
			LoadAssemblies (154ms)
			RebuildTransferFunctionScriptingTraits (0ms)
			SetupTypeCache (196ms)
			ReleaseScriptCaches (1ms)
			RebuildScriptCaches (39ms)
			SetupLoadedEditorAssemblies (318ms)
				LogAssemblyErrors (0ms)
				InitializePlatformSupportModulesInManaged (15ms)
				SetLoadedEditorAssemblies (1ms)
				RefreshPlugins (1ms)
				BeforeProcessingInitializeOnLoad (65ms)
				ProcessInitializeOnLoadAttributes (188ms)
				ProcessInitializeOnLoadMethodAttributes (40ms)
				AfterProcessingInitializeOnLoad (8ms)
				EditorAssembliesLoaded (0ms)
			ExecutionOrderSort2 (0ms)
			AwakeInstancesAfterBackupRestoration (8ms)
Platform modules already initialized, skipping
Shader 'Unlit/Outline': fallback shader 'Hidden/Shader Graph/FallbackError' not found
Shader 'Unlit/Outline': fallback shader 'Hidden/Shader Graph/FallbackError' not found
Refreshing native plugins compatible for Editor in 2.54 ms, found 3 plugins.
Preloading 0 native plugins for Editor in 0.00 ms.
Unloading 2505 Unused Serialized files (Serialized files now loaded: 0)
Unloading 21 unused Assets / (110.1 KB). Loaded Objects now: 3073.
Memory consumption went from 117.3 MB to 117.2 MB.
Total: 3.931100 ms (FindLiveObjects: 0.235100 ms CreateObjectMapping: 0.067200 ms MarkObjects: 3.197900 ms  DeleteObjects: 0.428900 ms)

AssetImportParameters requested are different than current active one (requested -> active):
  custom:video-decoder-ogg-theora: a1e56fd34408186e4bbccfd4996cb3dc -> 
  custom:container-muxer-webm: aa71ff27fc2769a1b78a27578f13a17b -> 
  custom:container-demuxer-webm: 4f35f7cbe854078d1ac9338744f61a02 -> 
  custom:video-encoder-webm-vp8: eb34c28f22e8b96e1ab97ce403110664 -> 
  custom:video-codec-MediaFoundation-h265: 746d11721c4dcdbdad8f713fa42b33f4 -> 
  custom:audio-encoder-webm-vorbis: bf7c407c2cedff20999df2af8eb42d56 -> 
  custom:framework-win-MediaFoundation: 216162199b28c13a410421893ffa2e32 -> 
  custom:container-demuxer-ogg: 62fdf1f143b41e24485cea50d1cbac27 -> 
  custom:video-decoder-webm-vp8: 9c59270c3fd7afecdb556c50c9e8de78 -> 
  custom:audio-decoder-ogg-vorbis: bf7c407c2cedff20999df2af8eb42d56 -> 
========================================================================
Received Import Request.
  Time since last request: 2479.696823 seconds.
  path: Assets/POLYTEX - Home/Settings/AudioCompressedInMemory.preset
  artifactKey: Guid(2dd802e4d37c65149922028d3e973832) Importer(815301076,1909f56bfc062723c751e8b465ee728b)
Start importing Assets/POLYTEX - Home/Settings/AudioCompressedInMemory.preset using Guid(2dd802e4d37c65149922028d3e973832) Importer(815301076,1909f56bfc062723c751e8b465ee728b)  -> (artifact id: 'c66447fe26e7ecefb4cce76931a0754b') in 0.058466 seconds 
========================================================================
Received Import Request.
  Time since last request: 0.000036 seconds.
  path: Assets/POLYTEX - Home/Settings/UniversalRP-LowQuality.asset
  artifactKey: Guid(a31e9f9f9c9d4b9429ed0d1234e22103) Importer(815301076,1909f56bfc062723c751e8b465ee728b)
Start importing Assets/POLYTEX - Home/Settings/UniversalRP-LowQuality.asset using Guid(a31e9f9f9c9d4b9429ed0d1234e22103) Importer(815301076,1909f56bfc062723c751e8b465ee728b)  -> (artifact id: '6f6c3672bdd3733ca379c8207bb1cecf') in 0.012375 seconds 
========================================================================
Received Import Request.
  Time since last request: 0.000047 seconds.
  path: Assets/POLYTEX - Home/Settings/UniversalRP-HighQuality.asset
  artifactKey: Guid(19ba41d7c0026c3459d37c2fe90c55a0) Importer(815301076,1909f56bfc062723c751e8b465ee728b)
Start importing Assets/POLYTEX - Home/Settings/UniversalRP-HighQuality.asset using Guid(19ba41d7c0026c3459d37c2fe90c55a0) Importer(815301076,1909f56bfc062723c751e8b465ee728b)  -> (artifact id: '3f6e74d7b775dec08336c377f5f73ebf') in 0.008844 seconds 
========================================================================
Received Import Request.
  Time since last request: 0.000030 seconds.
  path: Assets/POLYTEX - Home/Settings/AudioDecompressOnLoad.preset
  artifactKey: Guid(e7689051185d12f4298e1ebb2693a29f) Importer(815301076,1909f56bfc062723c751e8b465ee728b)
Start importing Assets/POLYTEX - Home/Settings/AudioDecompressOnLoad.preset using Guid(e7689051185d12f4298e1ebb2693a29f) Importer(815301076,1909f56bfc062723c751e8b465ee728b)  -> (artifact id: '068e0e61acf57c3bc2f018ee1d7d7ce2') in 0.013018 seconds 
========================================================================
Received Import Request.
  Time since last request: 0.000060 seconds.
  path: Assets/POLYTEX - Home/Settings/DirectionalLight_Default.preset
  artifactKey: Guid(463065d4f17d1d94d848aa127b94dd43) Importer(815301076,1909f56bfc062723c751e8b465ee728b)
Start importing Assets/POLYTEX - Home/Settings/DirectionalLight_Default.preset using Guid(463065d4f17d1d94d848aa127b94dd43) Importer(815301076,1909f56bfc062723c751e8b465ee728b)  -> (artifact id: 'bc33ae2555d2a7e89fc6371e2b5bc6c0') in 0.010320 seconds 
========================================================================
Received Import Request.
  Time since last request: 9.902863 seconds.
  path: Assets/POLYTEX - Home/Prefabs/Bathroom Prefabs/Bathtub 01_PTX.prefab
  artifactKey: Guid(d31ae4ebc5f1d454d80998db8bd4c346) Importer(815301076,1909f56bfc062723c751e8b465ee728b)
Start importing Assets/POLYTEX - Home/Prefabs/Bathroom Prefabs/Bathtub 01_PTX.prefab using Guid(d31ae4ebc5f1d454d80998db8bd4c346) Importer(815301076,1909f56bfc062723c751e8b465ee728b)  -> (artifact id: '01aa93a653eae400c0157ba37d9de24f') in 0.191801 seconds 
========================================================================
Received Import Request.
  Time since last request: 2.123363 seconds.
  path: Assets/POLYTEX - Home/Prefabs/Camera Lights Post Processing/Post-process Volume.prefab
  artifactKey: Guid(f70a46d74d495764b9981b126710c4ab) Importer(815301076,1909f56bfc062723c751e8b465ee728b)
Start importing Assets/POLYTEX - Home/Prefabs/Camera Lights Post Processing/Post-process Volume.prefab using Guid(f70a46d74d495764b9981b126710c4ab) Importer(815301076,1909f56bfc062723c751e8b465ee728b)  -> (artifact id: '1dbbab39e3d4f48644d2c2e5f2101e3e') in 0.010468 seconds 
========================================================================
Received Import Request.
  Time since last request: 0.407044 seconds.
  path: Assets/POLYTEX - Home/Prefabs/Character Prefabs/Roberto 01_PTX (HUMANOID).prefab
  artifactKey: Guid(69915de1f5dac444687b83fa531bf6cb) Importer(815301076,1909f56bfc062723c751e8b465ee728b)
Start importing Assets/POLYTEX - Home/Prefabs/Character Prefabs/Roberto 01_PTX (HUMANOID).prefab using Guid(69915de1f5dac444687b83fa531bf6cb) Importer(815301076,1909f56bfc062723c751e8b465ee728b)  -> (artifact id: 'c5426a5007b11505878ede3952b9a785') in 0.153891 seconds 
========================================================================
Received Import Request.
  Time since last request: 0.263084 seconds.
  path: Assets/POLYTEX - Home/Prefabs/Furniture Prefabs/Chair 01_PTX.prefab
  artifactKey: Guid(c5d26fc9eed7a0f479bd3c620647cf39) Importer(815301076,1909f56bfc062723c751e8b465ee728b)
Start importing Assets/POLYTEX - Home/Prefabs/Furniture Prefabs/Chair 01_PTX.prefab using Guid(c5d26fc9eed7a0f479bd3c620647cf39) Importer(815301076,1909f56bfc062723c751e8b465ee728b)  -> (artifact id: 'd1f4326719f7bdfd6f0f077c70ef5a56') in 0.025681 seconds 
========================================================================
Received Import Request.
  Time since last request: 0.000023 seconds.
  path: Assets/POLYTEX - Home/Prefabs/Furniture Prefabs/Drawer 03_PTX.prefab
  artifactKey: Guid(cb25d70b85b096149a93422ad272879b) Importer(815301076,1909f56bfc062723c751e8b465ee728b)
Start importing Assets/POLYTEX - Home/Prefabs/Furniture Prefabs/Drawer 03_PTX.prefab using Guid(cb25d70b85b096149a93422ad272879b) Importer(815301076,1909f56bfc062723c751e8b465ee728b)  -> (artifact id: 'f3e9b3b8e4933100adb493b3e3218d98') in 0.025767 seconds 
========================================================================
Received Import Request.
  Time since last request: 0.000021 seconds.
  path: Assets/POLYTEX - Home/Prefabs/Furniture Prefabs/Shelf 01_PTX.prefab
  artifactKey: Guid(c18d1be1f4bf83d4bab6f719043db468) Importer(815301076,1909f56bfc062723c751e8b465ee728b)
Start importing Assets/POLYTEX - Home/Prefabs/Furniture Prefabs/Shelf 01_PTX.prefab using Guid(c18d1be1f4bf83d4bab6f719043db468) Importer(815301076,1909f56bfc062723c751e8b465ee728b)  -> (artifact id: '547a6bffc3200d66b2810ed3ac8b1f0a') in 0.024712 seconds 
========================================================================
Received Import Request.
  Time since last request: 0.000053 seconds.
  path: Assets/POLYTEX - Home/Prefabs/Furniture Prefabs/Drawer 01_PTX.prefab
  artifactKey: Guid(39bac81ec73ccfb4cbaa26f7b84e75ab) Importer(815301076,1909f56bfc062723c751e8b465ee728b)
Start importing Assets/POLYTEX - Home/Prefabs/Furniture Prefabs/Drawer 01_PTX.prefab using Guid(39bac81ec73ccfb4cbaa26f7b84e75ab) Importer(815301076,1909f56bfc062723c751e8b465ee728b)  -> (artifact id: 'd7f770150bcc25f35496ce1e16eb0f85') in 0.026684 seconds 
========================================================================
Received Import Request.
  Time since last request: 0.000058 seconds.
  path: Assets/POLYTEX - Home/Prefabs/Furniture Prefabs/Sofa Feet Rest 01_PTX.prefab
  artifactKey: Guid(2ed259b076016fc479d408b1eaefc489) Importer(815301076,1909f56bfc062723c751e8b465ee728b)
Start importing Assets/POLYTEX - Home/Prefabs/Furniture Prefabs/Sofa Feet Rest 01_PTX.prefab using Guid(2ed259b076016fc479d408b1eaefc489) Importer(815301076,1909f56bfc062723c751e8b465ee728b)  -> (artifact id: '1bd6b3256396f9dc19ce0dca63a1dfd6') in 0.044699 seconds 
========================================================================
Received Import Request.
  Time since last request: 1.685414 seconds.
  path: Assets/POLYTEX - Home/Prefabs/Prop Prefabs/Book 01_PTX.prefab
  artifactKey: Guid(ea8e8613e3187d044b8e43dbe21425ec) Importer(815301076,1909f56bfc062723c751e8b465ee728b)
Start importing Assets/POLYTEX - Home/Prefabs/Prop Prefabs/Book 01_PTX.prefab using Guid(ea8e8613e3187d044b8e43dbe21425ec) Importer(815301076,1909f56bfc062723c751e8b465ee728b)  -> (artifact id: '7ebc7a7d45ed8a0d8c3da302573b049e') in 0.034917 seconds 
========================================================================
Received Import Request.
  Time since last request: 0.000030 seconds.
  path: Assets/POLYTEX - Home/Prefabs/Prop Prefabs/Bottle 02 Blue_PTX.prefab
  artifactKey: Guid(09cba95ae5297a7419fe4f1e7aa35acb) Importer(815301076,1909f56bfc062723c751e8b465ee728b)
Start importing Assets/POLYTEX - Home/Prefabs/Prop Prefabs/Bottle 02 Blue_PTX.prefab using Guid(09cba95ae5297a7419fe4f1e7aa35acb) Importer(815301076,1909f56bfc062723c751e8b465ee728b)  -> (artifact id: '94d3e6a5715633fab0ac5400624766e4') in 0.020263 seconds 
========================================================================
Received Import Request.
  Time since last request: 0.000023 seconds.
  path: Assets/POLYTEX - Home/Prefabs/Prop Prefabs/Painting 02_PTX.prefab
  artifactKey: Guid(134ab6eef31822e4482f626545b2a488) Importer(815301076,1909f56bfc062723c751e8b465ee728b)
Start importing Assets/POLYTEX - Home/Prefabs/Prop Prefabs/Painting 02_PTX.prefab using Guid(134ab6eef31822e4482f626545b2a488) Importer(815301076,1909f56bfc062723c751e8b465ee728b)  -> (artifact id: 'c23dfd673006b397f5db2b58c2196e68') in 0.021440 seconds 
========================================================================
Received Import Request.
  Time since last request: 0.000024 seconds.
  path: Assets/POLYTEX - Home/Prefabs/Prop Prefabs/Bottle 02 Red_PTX.prefab
  artifactKey: Guid(24260a4fd1aaeca4e9574f8a33be79fd) Importer(815301076,1909f56bfc062723c751e8b465ee728b)
Start importing Assets/POLYTEX - Home/Prefabs/Prop Prefabs/Bottle 02 Red_PTX.prefab using Guid(24260a4fd1aaeca4e9574f8a33be79fd) Importer(815301076,1909f56bfc062723c751e8b465ee728b)  -> (artifact id: '69444f42bc740e265eb9a46531a23b75') in 0.023103 seconds 
========================================================================
Received Import Request.
  Time since last request: 0.000032 seconds.
  path: Assets/POLYTEX - Home/Prefabs/Prop Prefabs/Rug 01_PTX.prefab
  artifactKey: Guid(78b0f339c6252f44d9dff1c941defa50) Importer(815301076,1909f56bfc062723c751e8b465ee728b)
Start importing Assets/POLYTEX - Home/Prefabs/Prop Prefabs/Rug 01_PTX.prefab using Guid(78b0f339c6252f44d9dff1c941defa50) Importer(815301076,1909f56bfc062723c751e8b465ee728b)  -> (artifact id: 'a56e3db4792dde743032aee256e63c6f') in 0.037353 seconds 
========================================================================
Received Import Request.
  Time since last request: 7.392035 seconds.
  path: Assets/POLYTEX - Home/Scenes/All Prefabs/Lightmap-0_comp_light.exr
  artifactKey: Guid(d639649ae036e53418998d06a3d3d73f) Importer(815301076,1909f56bfc062723c751e8b465ee728b)
Start importing Assets/POLYTEX - Home/Scenes/All Prefabs/Lightmap-0_comp_light.exr using Guid(d639649ae036e53418998d06a3d3d73f) Importer(815301076,1909f56bfc062723c751e8b465ee728b)  -> (artifact id: '66362160dff82164fd151a59ca7c9cc2') in 0.038666 seconds 
========================================================================
Received Import Request.
  Time since last request: 9.571597 seconds.
  path: Assets/POLYTEX - Home/Prefabs/Vegetation Prefabs/Plant 03_PTX.prefab
  artifactKey: Guid(5a85eccf8f3c159469ba66b3ead5b393) Importer(815301076,1909f56bfc062723c751e8b465ee728b)
Start importing Assets/POLYTEX - Home/Prefabs/Vegetation Prefabs/Plant 03_PTX.prefab using Guid(5a85eccf8f3c159469ba66b3ead5b393) Importer(815301076,1909f56bfc062723c751e8b465ee728b)  -> (artifact id: 'a1717c0f0e852989c36cd0e035b082c3') in 0.028338 seconds 
========================================================================
Received Import Request.
  Time since last request: 0.719210 seconds.
  path: Assets/POLYTEX - Home/Prefabs/Ready Rooms Prefabs/Bedroom Black Outline.prefab
  artifactKey: Guid(35c33fc4e5bde6f4388aa8f9abdb248e) Importer(815301076,1909f56bfc062723c751e8b465ee728b)
Start importing Assets/POLYTEX - Home/Prefabs/Ready Rooms Prefabs/Bedroom Black Outline.prefab using Guid(35c33fc4e5bde6f4388aa8f9abdb248e) Importer(815301076,1909f56bfc062723c751e8b465ee728b) Shader 'Unlit/Outline': fallback shader 'Hidden/Shader Graph/FallbackError' not found
 -> (artifact id: '800d88982e03f5f67cb64ae218ec6961') in 0.356865 seconds 
========================================================================
Received Import Request.
  Time since last request: 0.000037 seconds.
  path: Assets/POLYTEX - Home/Prefabs/Ready Rooms Prefabs/Kitchen Black Outline.prefab
  artifactKey: Guid(59bd13e01056d5b49ac505d28ba59781) Importer(815301076,1909f56bfc062723c751e8b465ee728b)
Start importing Assets/POLYTEX - Home/Prefabs/Ready Rooms Prefabs/Kitchen Black Outline.prefab using Guid(59bd13e01056d5b49ac505d28ba59781) Importer(815301076,1909f56bfc062723c751e8b465ee728b) Shader 'Unlit/Outline': fallback shader 'Hidden/Shader Graph/FallbackError' not found
 -> (artifact id: '24c6e48222bf242233267039f0743ac3') in 0.430338 seconds 
========================================================================
Received Import Request.
  Time since last request: 1.055845 seconds.
  path: Assets/POLYTEX - Home/Prefabs/Electronics Prefabs/Lamp 02_PTX.prefab
  artifactKey: Guid(bc91daf12936666419873ce922206de6) Importer(815301076,1909f56bfc062723c751e8b465ee728b)
Start importing Assets/POLYTEX - Home/Prefabs/Electronics Prefabs/Lamp 02_PTX.prefab using Guid(bc91daf12936666419873ce922206de6) Importer(815301076,1909f56bfc062723c751e8b465ee728b)  -> (artifact id: 'f82f263ecd2ae3f19d8374d6eebcfa18') in 0.019507 seconds 
========================================================================
Received Import Request.
  Time since last request: 0.000022 seconds.
  path: Assets/POLYTEX - Home/Prefabs/Electronics Prefabs/TV 01_PTX.prefab
  artifactKey: Guid(6069d6815d4cc854db92872e2ea8c4aa) Importer(815301076,1909f56bfc062723c751e8b465ee728b)
Start importing Assets/POLYTEX - Home/Prefabs/Electronics Prefabs/TV 01_PTX.prefab using Guid(6069d6815d4cc854db92872e2ea8c4aa) Importer(815301076,1909f56bfc062723c751e8b465ee728b)  -> (artifact id: 'd606cd2ea4b7a562ac9e539f378a3d12') in 0.018269 seconds 
========================================================================
Received Import Request.
  Time since last request: 12.378260 seconds.
  path: Assets/POLYTEX - Home/Materials/Wall Floor Skirting Materials/Wall 01 Mat1.mat
  artifactKey: Guid(8849aec69a051c240b37d6db43256e90) Importer(815301076,1909f56bfc062723c751e8b465ee728b)
Start importing Assets/POLYTEX - Home/Materials/Wall Floor Skirting Materials/Wall 01 Mat1.mat using Guid(8849aec69a051c240b37d6db43256e90) Importer(815301076,1909f56bfc062723c751e8b465ee728b)  -> (artifact id: '08902dac66853f6cd240a90a8aed5c65') in 0.074605 seconds 
========================================================================
Received Import Request.
  Time since last request: 0.000058 seconds.
  path: Assets/POLYTEX - Home/Materials/Wall Floor Skirting Materials/Wall 04 Mat1.mat
  artifactKey: Guid(2c09cae3965699a40a9bb159b62fb292) Importer(815301076,1909f56bfc062723c751e8b465ee728b)
Start importing Assets/POLYTEX - Home/Materials/Wall Floor Skirting Materials/Wall 04 Mat1.mat using Guid(2c09cae3965699a40a9bb159b62fb292) Importer(815301076,1909f56bfc062723c751e8b465ee728b)  -> (artifact id: '59b8251161818791b47acea830b9c322') in 0.041002 seconds 
========================================================================
Received Import Request.
  Time since last request: 5.202747 seconds.
  path: Assets/POLYTEX - Home/Models/Fbx/Bathroom/Shower and rug.fbx
  artifactKey: Guid(4b7b673c25d00314b8f9d4f9c416ddaa) Importer(815301076,1909f56bfc062723c751e8b465ee728b)
Start importing Assets/POLYTEX - Home/Models/Fbx/Bathroom/Shower and rug.fbx using Guid(4b7b673c25d00314b8f9d4f9c416ddaa) Importer(815301076,1909f56bfc062723c751e8b465ee728b)  -> (artifact id: '6907d51c67a6168a1b5282978e8b8d0a') in 0.480060 seconds 
========================================================================
Received Import Request.
  Time since last request: 13.171040 seconds.
  path: Assets/POLYTEX - Home/Models/Fbx/Electronics/Lamp 02_PTX.fbx
  artifactKey: Guid(f4a1a3ceeab52b24194b8af9b428ab7f) Importer(815301076,1909f56bfc062723c751e8b465ee728b)
Start importing Assets/POLYTEX - Home/Models/Fbx/Electronics/Lamp 02_PTX.fbx using Guid(f4a1a3ceeab52b24194b8af9b428ab7f) Importer(815301076,1909f56bfc062723c751e8b465ee728b)  -> (artifact id: '69e4c26eb72ad044199806deb8541608') in 0.020528 seconds 
========================================================================
Received Import Request.
  Time since last request: 2.614974 seconds.
  path: Assets/POLYTEX - Home/Models/Fbx/Furniture/Chair 02_PTX.fbx
  artifactKey: Guid(d5ac03477873be04b854496e5e17f858) Importer(815301076,1909f56bfc062723c751e8b465ee728b)
Start importing Assets/POLYTEX - Home/Models/Fbx/Furniture/Chair 02_PTX.fbx using Guid(d5ac03477873be04b854496e5e17f858) Importer(815301076,1909f56bfc062723c751e8b465ee728b)  -> (artifact id: '525ba0f3e220936e18c9982b33153d5d') in 0.019466 seconds 
========================================================================
Received Import Request.
  Time since last request: 0.000028 seconds.
  path: Assets/POLYTEX - Home/Models/Fbx/Furniture/Shelf 01_PTX.fbx
  artifactKey: Guid(65740f7108c31f84ba2f2f8ffcec414f) Importer(815301076,1909f56bfc062723c751e8b465ee728b)
Start importing Assets/POLYTEX - Home/Models/Fbx/Furniture/Shelf 01_PTX.fbx using Guid(65740f7108c31f84ba2f2f8ffcec414f) Importer(815301076,1909f56bfc062723c751e8b465ee728b)  -> (artifact id: 'c5ac110785807fc160ac788c6dd42baa') in 0.018636 seconds 
========================================================================
Received Import Request.
  Time since last request: 0.000024 seconds.
  path: Assets/POLYTEX - Home/Models/Fbx/Furniture/Office Furniture 01_PTX.fbx
  artifactKey: Guid(0535c65245fc7b24188b3295b6dee4d3) Importer(815301076,1909f56bfc062723c751e8b465ee728b)
Start importing Assets/POLYTEX - Home/Models/Fbx/Furniture/Office Furniture 01_PTX.fbx using Guid(0535c65245fc7b24188b3295b6dee4d3) Importer(815301076,1909f56bfc062723c751e8b465ee728b)  -> (artifact id: '3f73b31dfbfbf5a3cfa518b6759998ba') in 0.070723 seconds 
========================================================================
Received Import Request.
  Time since last request: 0.000039 seconds.
  path: Assets/POLYTEX - Home/Models/Fbx/Furniture/Sofa Table 01_PTX.fbx
  artifactKey: Guid(40c6259dbfc68c24ca1419e9285fbc97) Importer(815301076,1909f56bfc062723c751e8b465ee728b)
Start importing Assets/POLYTEX - Home/Models/Fbx/Furniture/Sofa Table 01_PTX.fbx using Guid(40c6259dbfc68c24ca1419e9285fbc97) Importer(815301076,1909f56bfc062723c751e8b465ee728b)  -> (artifact id: 'd1fc22d8391ee81e4bf5f70965e4db19') in 0.027355 seconds 
========================================================================
Received Import Request.
  Time since last request: 12.710522 seconds.
  path: Assets/POLYTEX - Home/Models/Fbx/Props/Paintings_Book_PTX.fbx
  artifactKey: Guid(25a4a9831f837da40b5b23aebc9d768d) Importer(815301076,1909f56bfc062723c751e8b465ee728b)
Start importing Assets/POLYTEX - Home/Models/Fbx/Props/Paintings_Book_PTX.fbx using Guid(25a4a9831f837da40b5b23aebc9d768d) Importer(815301076,1909f56bfc062723c751e8b465ee728b)  -> (artifact id: '9358008014b25e2429811e8bc596837e') in 0.063753 seconds 
========================================================================
Received Import Request.
  Time since last request: 1.608016 seconds.
  path: Assets/POLYTEX - Home/Models/Fbx/Vegetation/Plant 03_PTX.fbx
  artifactKey: Guid(abf6b391d7a8a07438ecc4fa603e0b8e) Importer(815301076,1909f56bfc062723c751e8b465ee728b)
Start importing Assets/POLYTEX - Home/Models/Fbx/Vegetation/Plant 03_PTX.fbx using Guid(abf6b391d7a8a07438ecc4fa603e0b8e) Importer(815301076,1909f56bfc062723c751e8b465ee728b)  -> (artifact id: 'c383497c9a1312e9427f81e76d22cc12') in 0.023518 seconds 
========================================================================
Received Import Request.
  Time since last request: 1.548450 seconds.
  path: Assets/POLYTEX - Home/Models/Fbx/Walls Floors Skirting/Skirting Bedroom 01_PTX.fbx
  artifactKey: Guid(f9c97a3f7bb7ebf44b0c122ecc36bab3) Importer(815301076,1909f56bfc062723c751e8b465ee728b)
Start importing Assets/POLYTEX - Home/Models/Fbx/Walls Floors Skirting/Skirting Bedroom 01_PTX.fbx using Guid(f9c97a3f7bb7ebf44b0c122ecc36bab3) Importer(815301076,1909f56bfc062723c751e8b465ee728b)  -> (artifact id: '3d344e670cb87f91b098a48cecfec865') in 0.025165 seconds 
========================================================================
Received Import Request.
  Time since last request: 0.000028 seconds.
  path: Assets/POLYTEX - Home/Models/Fbx/Walls Floors Skirting/Wall 07_PTX.fbx
  artifactKey: Guid(f8c8a2e032ba1394c9f7828fbd1b48c6) Importer(815301076,1909f56bfc062723c751e8b465ee728b)
Start importing Assets/POLYTEX - Home/Models/Fbx/Walls Floors Skirting/Wall 07_PTX.fbx using Guid(f8c8a2e032ba1394c9f7828fbd1b48c6) Importer(815301076,1909f56bfc062723c751e8b465ee728b)  -> (artifact id: '1baf4b5714636587c29288c1827f8eac') in 0.021884 seconds 
========================================================================
Received Import Request.
  Time since last request: 0.000024 seconds.
  path: Assets/POLYTEX - Home/Models/Fbx/Walls Floors Skirting/Wall 03_PTX.fbx
  artifactKey: Guid(9dcd2af8762707f47ac3535e752acf17) Importer(815301076,1909f56bfc062723c751e8b465ee728b)
Start importing Assets/POLYTEX - Home/Models/Fbx/Walls Floors Skirting/Wall 03_PTX.fbx using Guid(9dcd2af8762707f47ac3535e752acf17) Importer(815301076,1909f56bfc062723c751e8b465ee728b)  -> (artifact id: '8628582d3204dc3db3fda6577c29257b') in 0.027055 seconds 
========================================================================
Received Import Request.
  Time since last request: 74.198709 seconds.
  path: Assets/POLYTEX - Home/Prefabs/Walls Floors Skirting Prefabs/Floor 01 Dark Wood_PTX.prefab
  artifactKey: Guid(08e4b9fb83bb2e04096f9a920cfdf3ca) Importer(815301076,1909f56bfc062723c751e8b465ee728b)
Start importing Assets/POLYTEX - Home/Prefabs/Walls Floors Skirting Prefabs/Floor 01 Dark Wood_PTX.prefab using Guid(08e4b9fb83bb2e04096f9a920cfdf3ca) Importer(815301076,1909f56bfc062723c751e8b465ee728b)  -> (artifact id: '3e4f567da9dacc42b4a4f547c4f176ea') in 0.056513 seconds 
========================================================================
Received Import Request.
  Time since last request: 0.000034 seconds.
  path: Assets/POLYTEX - Home/Prefabs/Walls Floors Skirting Prefabs/Floor 01 White Tiling_PTX.prefab
  artifactKey: Guid(408117a60d9ab0d4795df3abe7bb91bb) Importer(815301076,1909f56bfc062723c751e8b465ee728b)
Start importing Assets/POLYTEX - Home/Prefabs/Walls Floors Skirting Prefabs/Floor 01 White Tiling_PTX.prefab using Guid(408117a60d9ab0d4795df3abe7bb91bb) Importer(815301076,1909f56bfc062723c751e8b465ee728b)  -> (artifact id: '2869ef9dfab280f4b16c3e78673e68aa') in 0.045599 seconds 
========================================================================
Received Import Request.
  Time since last request: 0.000032 seconds.
  path: Assets/POLYTEX - Home/Prefabs/Walls Floors Skirting Prefabs/Floor 02 White Wood_PTX.prefab
  artifactKey: Guid(d099a5fbdf21f4c4783c7e11b4d9af25) Importer(815301076,1909f56bfc062723c751e8b465ee728b)
Start importing Assets/POLYTEX - Home/Prefabs/Walls Floors Skirting Prefabs/Floor 02 White Wood_PTX.prefab using Guid(d099a5fbdf21f4c4783c7e11b4d9af25) Importer(815301076,1909f56bfc062723c751e8b465ee728b)  -> (artifact id: '47876baf7db1e4e805d71e6a58307658') in 0.033527 seconds 
========================================================================
Received Import Request.
  Time since last request: 0.000036 seconds.
  path: Assets/POLYTEX - Home/Prefabs/Walls Floors Skirting Prefabs/Wall 02 Bedroom_PTX.prefab
  artifactKey: Guid(6874e14f466cbf04e9810c3c8beb9743) Importer(815301076,1909f56bfc062723c751e8b465ee728b)
Start importing Assets/POLYTEX - Home/Prefabs/Walls Floors Skirting Prefabs/Wall 02 Bedroom_PTX.prefab using Guid(6874e14f466cbf04e9810c3c8beb9743) Importer(815301076,1909f56bfc062723c751e8b465ee728b)  -> (artifact id: '6aed73a2dbd8bfb41e27ee5ea070fd3c') in 0.028436 seconds 
========================================================================
Received Import Request.
  Time since last request: 0.000033 seconds.
  path: Assets/POLYTEX - Home/Prefabs/Walls Floors Skirting Prefabs/Floor 02 Brown_PTX.prefab
  artifactKey: Guid(d8ce126573229e34795e0e673e70258b) Importer(815301076,1909f56bfc062723c751e8b465ee728b)
Start importing Assets/POLYTEX - Home/Prefabs/Walls Floors Skirting Prefabs/Floor 02 Brown_PTX.prefab using Guid(d8ce126573229e34795e0e673e70258b) Importer(815301076,1909f56bfc062723c751e8b465ee728b)  -> (artifact id: '86a4162a4e8a170e043324666f161612') in 0.032812 seconds 
========================================================================
Received Import Request.
  Time since last request: 0.000041 seconds.
  path: Assets/POLYTEX - Home/Prefabs/Walls Floors Skirting Prefabs/Wall 03 Livingroom_PTX.prefab
  artifactKey: Guid(d90c9734e738cb748b0aa8a8d04dcb29) Importer(815301076,1909f56bfc062723c751e8b465ee728b)
Start importing Assets/POLYTEX - Home/Prefabs/Walls Floors Skirting Prefabs/Wall 03 Livingroom_PTX.prefab using Guid(d90c9734e738cb748b0aa8a8d04dcb29) Importer(815301076,1909f56bfc062723c751e8b465ee728b)  -> (artifact id: '9a18aa75331f9a9d7b81e35ef870f6fd') in 0.033906 seconds 
========================================================================
Received Import Request.
  Time since last request: 0.000088 seconds.
  path: Assets/POLYTEX - Home/Prefabs/Walls Floors Skirting Prefabs/Wall 02 Kitchen_PTX.prefab
  artifactKey: Guid(415568cb56bf01f4f92250a066df5506) Importer(815301076,1909f56bfc062723c751e8b465ee728b)
Start importing Assets/POLYTEX - Home/Prefabs/Walls Floors Skirting Prefabs/Wall 02 Kitchen_PTX.prefab using Guid(415568cb56bf01f4f92250a066df5506) Importer(815301076,1909f56bfc062723c751e8b465ee728b)  -> (artifact id: 'db5e0ef5cbcd638e78c6a053de54056d') in 0.035901 seconds 
========================================================================
Received Import Request.
  Time since last request: 0.000037 seconds.
  path: Assets/POLYTEX - Home/Prefabs/Walls Floors Skirting Prefabs/Wall 01 Bedroom_PTX.prefab
  artifactKey: Guid(d86f6065d4ebc2d41a097ea5f676e558) Importer(815301076,1909f56bfc062723c751e8b465ee728b)
Start importing Assets/POLYTEX - Home/Prefabs/Walls Floors Skirting Prefabs/Wall 01 Bedroom_PTX.prefab using Guid(d86f6065d4ebc2d41a097ea5f676e558) Importer(815301076,1909f56bfc062723c751e8b465ee728b)  -> (artifact id: '3e052b7f1608ac29bdaf287f20bad7aa') in 0.030981 seconds 
========================================================================
Received Import Request.
  Time since last request: 14.954112 seconds.
  path: Assets/POLYTEX - Home/Textures/Bathroom Textures/Bathroom Stuff Textures/Bathroom Stuff_Bathroom Stuff_Normal.png
  artifactKey: Guid(d9df00ca4102b154a853adf243e5e88d) Importer(815301076,1909f56bfc062723c751e8b465ee728b)
Start importing Assets/POLYTEX - Home/Textures/Bathroom Textures/Bathroom Stuff Textures/Bathroom Stuff_Bathroom Stuff_Normal.png using Guid(d9df00ca4102b154a853adf243e5e88d) Importer(815301076,1909f56bfc062723c751e8b465ee728b)  -> (artifact id: '28d9c5a98466b23332dcfe3452059442') in 0.026264 seconds 
========================================================================
Received Import Request.
  Time since last request: 7.603272 seconds.
  path: Assets/POLYTEX - Home/Textures/Furniture Textures/Closet Textures/Bedroom Closet 01_Normal.png
  artifactKey: Guid(cdfea84b2082af64691b5f451b47b712) Importer(815301076,1909f56bfc062723c751e8b465ee728b)
Start importing Assets/POLYTEX - Home/Textures/Furniture Textures/Closet Textures/Bedroom Closet 01_Normal.png using Guid(cdfea84b2082af64691b5f451b47b712) Importer(815301076,1909f56bfc062723c751e8b465ee728b)  -> (artifact id: '9515ff83012c2670b2c17706b371ce3a') in 0.015703 seconds 
========================================================================
Received Prepare
Registering precompiled user dll's ...
Registered in 0.006571 seconds.
Begin MonoManager ReloadAssembly
Native extension for WindowsStandalone target not found
Native extension for WebGL target not found
Refreshing native plugins compatible for Editor in 0.77 ms, found 3 plugins.
Preloading 0 native plugins for Editor in 0.00 ms.
Mono: successfully reloaded assembly
- Completed reload, in  1.123 seconds
Domain Reload Profiling:
	ReloadAssembly (1124ms)
		BeginReloadAssembly (166ms)
			ExecutionOrderSort (0ms)
			DisableScriptedObjects (6ms)
			BackupInstance (0ms)
			ReleaseScriptingObjects (0ms)
			CreateAndSetChildDomain (45ms)
		EndReloadAssembly (846ms)
			LoadAssemblies (107ms)
			RebuildTransferFunctionScriptingTraits (0ms)
			SetupTypeCache (236ms)
			ReleaseScriptCaches (2ms)
			RebuildScriptCaches (54ms)
			SetupLoadedEditorAssemblies (399ms)
				LogAssemblyErrors (0ms)
				InitializePlatformSupportModulesInManaged (17ms)
				SetLoadedEditorAssemblies (1ms)
				RefreshPlugins (1ms)
				BeforeProcessingInitializeOnLoad (80ms)
				ProcessInitializeOnLoadAttributes (242ms)
				ProcessInitializeOnLoadMethodAttributes (47ms)
				AfterProcessingInitializeOnLoad (11ms)
				EditorAssembliesLoaded (0ms)
			ExecutionOrderSort2 (0ms)
			AwakeInstancesAfterBackupRestoration (11ms)
Platform modules already initialized, skipping
Shader 'Unlit/Outline': fallback shader 'Hidden/Shader Graph/FallbackError' not found
Shader 'Unlit/Outline': fallback shader 'Hidden/Shader Graph/FallbackError' not found
Refreshing native plugins compatible for Editor in 2.69 ms, found 3 plugins.
Preloading 0 native plugins for Editor in 0.00 ms.
Unloading 2505 Unused Serialized files (Serialized files now loaded: 0)
Unloading 21 unused Assets / (110.1 KB). Loaded Objects now: 3122.
Memory consumption went from 118.7 MB to 118.6 MB.
Total: 3.877600 ms (FindLiveObjects: 0.393900 ms CreateObjectMapping: 0.193700 ms MarkObjects: 3.077900 ms  DeleteObjects: 0.210800 ms)

AssetImportParameters requested are different than current active one (requested -> active):
  custom:video-decoder-ogg-theora: a1e56fd34408186e4bbccfd4996cb3dc -> 
  custom:container-muxer-webm: aa71ff27fc2769a1b78a27578f13a17b -> 
  custom:container-demuxer-webm: 4f35f7cbe854078d1ac9338744f61a02 -> 
  custom:video-encoder-webm-vp8: eb34c28f22e8b96e1ab97ce403110664 -> 
  custom:video-codec-MediaFoundation-h265: 746d11721c4dcdbdad8f713fa42b33f4 -> 
  custom:audio-encoder-webm-vorbis: bf7c407c2cedff20999df2af8eb42d56 -> 
  custom:framework-win-MediaFoundation: 216162199b28c13a410421893ffa2e32 -> 
  custom:container-demuxer-ogg: 62fdf1f143b41e24485cea50d1cbac27 -> 
  custom:video-decoder-webm-vp8: 9c59270c3fd7afecdb556c50c9e8de78 -> 
  custom:audio-decoder-ogg-vorbis: bf7c407c2cedff20999df2af8eb42d56 -> 
Editor requested this worker to shutdown with reason: Scaling down because of idle timeout
AssetImportWorker is now disconnected from the server
Process exiting
Exiting without the bug reporter. Application will terminate with return code 0