Using pre-set license
Built from '2021.3/staging' branch; Version is '2021.3.10f1 (1c7d0df0160b) revision 1867021'; Using compiler version '192829333'; Build Type 'Release'
OS: 'Windows 10  (10.0.19043) 64bit Core' Language: 'es' Physical Memory: 7545 MB
BatchMode: 1, IsHumanControllingUs: 0, StartBugReporterOnCrash: 0, Is64bit: 1, IsPro: 1

COMMAND LINE ARGUMENTS:
C:\Program Files\Unity\Hub\Editor\2021.3.10f1\Editor\Unity.exe
-adb2
-batchMode
-noUpm
-name
AssetImportWorker2
-projectPath
C:/Users/Usuario/OneDrive/Documentos/GitHub/Unity
-logFile
Logs/AssetImportWorker2.log
-srvPort
51242
Successfully changed project path to: C:/Users/Usuario/OneDrive/Documentos/GitHub/Unity
C:/Users/Usuario/OneDrive/Documentos/GitHub/Unity
[UnityMemory] Configuration Parameters - Can be set up in boot.config
    "memorysetup-bucket-allocator-granularity=16"
    "memorysetup-bucket-allocator-bucket-count=8"
    "memorysetup-bucket-allocator-block-size=33554432"
    "memorysetup-bucket-allocator-block-count=8"
    "memorysetup-main-allocator-block-size=16777216"
    "memorysetup-thread-allocator-block-size=16777216"
    "memorysetup-gfx-main-allocator-block-size=16777216"
    "memorysetup-gfx-thread-allocator-block-size=16777216"
    "memorysetup-cache-allocator-block-size=4194304"
    "memorysetup-typetree-allocator-block-size=2097152"
    "memorysetup-profiler-bucket-allocator-granularity=16"
    "memorysetup-profiler-bucket-allocator-bucket-count=8"
    "memorysetup-profiler-bucket-allocator-block-size=33554432"
    "memorysetup-profiler-bucket-allocator-block-count=8"
    "memorysetup-profiler-allocator-block-size=16777216"
    "memorysetup-profiler-editor-allocator-block-size=1048576"
    "memorysetup-temp-allocator-size-main=16777216"
    "memorysetup-job-temp-allocator-block-size=2097152"
    "memorysetup-job-temp-allocator-block-size-background=1048576"
    "memorysetup-job-temp-allocator-reduction-small-platforms=262144"
    "memorysetup-temp-allocator-size-background-worker=32768"
    "memorysetup-temp-allocator-size-job-worker=262144"
    "memorysetup-temp-allocator-size-preload-manager=33554432"
    "memorysetup-temp-allocator-size-nav-mesh-worker=65536"
    "memorysetup-temp-allocator-size-audio-worker=65536"
    "memorysetup-temp-allocator-size-cloud-worker=32768"
    "memorysetup-temp-allocator-size-gi-baking-worker=262144"
    "memorysetup-temp-allocator-size-gfx=262144"
Refreshing native plugins compatible for Editor in 84.08 ms, found 3 plugins.
Preloading 0 native plugins for Editor in 0.00 ms.
Initialize engine version: 2021.3.10f1 (1c7d0df0160b)
[Subsystems] Discovering subsystems at path C:/Program Files/Unity/Hub/Editor/2021.3.10f1/Editor/Data/Resources/UnitySubsystems
[Subsystems] Discovering subsystems at path C:/Users/Usuario/OneDrive/Documentos/GitHub/Unity/Assets
GfxDevice: creating device client; threaded=0; jobified=0
Direct3D:
    Version:  Direct3D 11.0 [level 11.1]
    Renderer: AMD Radeon RX 5600M (ID=0x731f)
    Vendor:   ATI
    VRAM:     6103 MB
    Driver:   31.0.12019.11001
Initialize mono
Mono path[0] = 'C:/Program Files/Unity/Hub/Editor/2021.3.10f1/Editor/Data/Managed'
Mono path[1] = 'C:/Program Files/Unity/Hub/Editor/2021.3.10f1/Editor/Data/MonoBleedingEdge/lib/mono/unityjit-win32'
Mono config path = 'C:/Program Files/Unity/Hub/Editor/2021.3.10f1/Editor/Data/MonoBleedingEdge/etc'
Using monoOptions --debugger-agent=transport=dt_socket,embedding=1,server=y,suspend=n,address=127.0.0.1:56000
Begin MonoManager ReloadAssembly
Registering precompiled unity dll's ...
Register platform support module: C:/Program Files/Unity/Hub/Editor/2021.3.10f1/Editor/Data/PlaybackEngines/WebGLSupport/UnityEditor.WebGL.Extensions.dll
Register platform support module: C:/Program Files/Unity/Hub/Editor/2021.3.10f1/Editor/Data/PlaybackEngines/WindowsStandaloneSupport/UnityEditor.WindowsStandalone.Extensions.dll
Registered in 0.010440 seconds.
Native extension for WindowsStandalone target not found
Native extension for WebGL target not found
Refreshing native plugins compatible for Editor in 48.89 ms, found 3 plugins.
Preloading 0 native plugins for Editor in 0.00 ms.
Mono: successfully reloaded assembly
- Completed reload, in  0.699 seconds
Domain Reload Profiling:
	ReloadAssembly (700ms)
		BeginReloadAssembly (138ms)
			ExecutionOrderSort (0ms)
			DisableScriptedObjects (0ms)
			BackupInstance (0ms)
			ReleaseScriptingObjects (0ms)
			CreateAndSetChildDomain (1ms)
		EndReloadAssembly (442ms)
			LoadAssemblies (135ms)
			RebuildTransferFunctionScriptingTraits (0ms)
			SetupTypeCache (110ms)
			ReleaseScriptCaches (0ms)
			RebuildScriptCaches (31ms)
			SetupLoadedEditorAssemblies (243ms)
				LogAssemblyErrors (0ms)
				InitializePlatformSupportModulesInManaged (11ms)
				SetLoadedEditorAssemblies (0ms)
				RefreshPlugins (49ms)
				BeforeProcessingInitializeOnLoad (1ms)
				ProcessInitializeOnLoadAttributes (136ms)
				ProcessInitializeOnLoadMethodAttributes (45ms)
				AfterProcessingInitializeOnLoad (0ms)
				EditorAssembliesLoaded (0ms)
			ExecutionOrderSort2 (0ms)
			AwakeInstancesAfterBackupRestoration (0ms)
Platform modules already initialized, skipping
Registering precompiled user dll's ...
Registered in 0.015867 seconds.
Begin MonoManager ReloadAssembly
Native extension for WindowsStandalone target not found
Native extension for WebGL target not found
Refreshing native plugins compatible for Editor in 51.10 ms, found 3 plugins.
Preloading 0 native plugins for Editor in 0.00 ms.
Mono: successfully reloaded assembly
- Completed reload, in  1.139 seconds
Domain Reload Profiling:
	ReloadAssembly (1140ms)
		BeginReloadAssembly (157ms)
			ExecutionOrderSort (0ms)
			DisableScriptedObjects (6ms)
			BackupInstance (0ms)
			ReleaseScriptingObjects (0ms)
			CreateAndSetChildDomain (23ms)
		EndReloadAssembly (858ms)
			LoadAssemblies (171ms)
			RebuildTransferFunctionScriptingTraits (0ms)
			SetupTypeCache (202ms)
			ReleaseScriptCaches (1ms)
			RebuildScriptCaches (50ms)
			SetupLoadedEditorAssemblies (426ms)
				LogAssemblyErrors (0ms)
				InitializePlatformSupportModulesInManaged (7ms)
				SetLoadedEditorAssemblies (0ms)
				RefreshPlugins (51ms)
				BeforeProcessingInitializeOnLoad (77ms)
				ProcessInitializeOnLoadAttributes (227ms)
				ProcessInitializeOnLoadMethodAttributes (55ms)
				AfterProcessingInitializeOnLoad (8ms)
				EditorAssembliesLoaded (0ms)
			ExecutionOrderSort2 (0ms)
			AwakeInstancesAfterBackupRestoration (8ms)
Platform modules already initialized, skipping
========================================================================
Worker process is ready to serve import requests
Launched and connected shader compiler UnityShaderCompiler.exe after 0.06 seconds
Refreshing native plugins compatible for Editor in 0.64 ms, found 3 plugins.
Preloading 0 native plugins for Editor in 0.00 ms.
Unloading 2525 Unused Serialized files (Serialized files now loaded: 0)
Unloading 33 unused Assets / (56.8 KB). Loaded Objects now: 2989.
Memory consumption went from 113.1 MB to 113.1 MB.
Total: 3.779400 ms (FindLiveObjects: 0.376000 ms CreateObjectMapping: 0.146900 ms MarkObjects: 3.150400 ms  DeleteObjects: 0.104600 ms)

AssetImportParameters requested are different than current active one (requested -> active):
  custom:video-decoder-ogg-theora: a1e56fd34408186e4bbccfd4996cb3dc -> 
  custom:container-muxer-webm: aa71ff27fc2769a1b78a27578f13a17b -> 
  custom:container-demuxer-webm: 4f35f7cbe854078d1ac9338744f61a02 -> 
  custom:video-encoder-webm-vp8: eb34c28f22e8b96e1ab97ce403110664 -> 
  custom:video-codec-MediaFoundation-h265: 746d11721c4dcdbdad8f713fa42b33f4 -> 
  custom:audio-encoder-webm-vorbis: bf7c407c2cedff20999df2af8eb42d56 -> 
  custom:framework-win-MediaFoundation: 216162199b28c13a410421893ffa2e32 -> 
  custom:container-demuxer-ogg: 62fdf1f143b41e24485cea50d1cbac27 -> 
  custom:video-decoder-webm-vp8: 9c59270c3fd7afecdb556c50c9e8de78 -> 
  custom:audio-decoder-ogg-vorbis: bf7c407c2cedff20999df2af8eb42d56 -> 
========================================================================
Received Import Request.
  Time since last request: 372407.310713 seconds.
  path: Assets/Assets_Descargados/Brackeys/2D Mega Pack/Characters/ArcadePlayer.png
  artifactKey: Guid(b4c6e7d0285655f4a9db7355ab7ea678) Importer(815301076,1909f56bfc062723c751e8b465ee728b)
Start importing Assets/Assets_Descargados/Brackeys/2D Mega Pack/Characters/ArcadePlayer.png using Guid(b4c6e7d0285655f4a9db7355ab7ea678) Importer(815301076,1909f56bfc062723c751e8b465ee728b)  -> (artifact id: '755677f1b3ff053000e5822404fb209c') in 0.152416 seconds 
========================================================================
Received Import Request.
  Time since last request: 5.459636 seconds.
  path: Assets/Assets_Descargados/Brackeys/2D Mega Pack/Platforms/Platform_Outline.png
  artifactKey: Guid(662d1569d83ae68469880e52c5214ece) Importer(815301076,1909f56bfc062723c751e8b465ee728b)
Start importing Assets/Assets_Descargados/Brackeys/2D Mega Pack/Platforms/Platform_Outline.png using Guid(662d1569d83ae68469880e52c5214ece) Importer(815301076,1909f56bfc062723c751e8b465ee728b)  -> (artifact id: '4e484441503fcbb9f54a7e7446898768') in 0.041038 seconds 
========================================================================
Received Import Request.
  Time since last request: 0.015586 seconds.
  path: Assets/Assets_Descargados/Brackeys/2D Mega Pack/Platforms/Platform_Vertical_Pink.png
  artifactKey: Guid(1f6dbf787d3d8e84381791aa30d9c292) Importer(815301076,1909f56bfc062723c751e8b465ee728b)
Start importing Assets/Assets_Descargados/Brackeys/2D Mega Pack/Platforms/Platform_Vertical_Pink.png using Guid(1f6dbf787d3d8e84381791aa30d9c292) Importer(815301076,1909f56bfc062723c751e8b465ee728b)  -> (artifact id: '7c8d29923bfdc4b95bf081e4169cee57') in 0.029960 seconds 
========================================================================
Received Import Request.
  Time since last request: 0.000043 seconds.
  path: Assets/Assets_Descargados/Brackeys/2D Mega Pack/Platforms/Platform_Wood_Wide.png
  artifactKey: Guid(93aacd30e6870dc45a5dcafc2d1b3414) Importer(815301076,1909f56bfc062723c751e8b465ee728b)
Start importing Assets/Assets_Descargados/Brackeys/2D Mega Pack/Platforms/Platform_Wood_Wide.png using Guid(93aacd30e6870dc45a5dcafc2d1b3414) Importer(815301076,1909f56bfc062723c751e8b465ee728b)  -> (artifact id: '4eea3ed509a05565ac2f88f10a862ed6') in 0.025296 seconds 
========================================================================
Received Import Request.
  Time since last request: 0.029905 seconds.
  path: Assets/Assets_Descargados/Brackeys/2D Mega Pack/Environment/Tiles/PlatformerTiles.png
  artifactKey: Guid(9d760526269e55b40898d45c96b2a15f) Importer(815301076,1909f56bfc062723c751e8b465ee728b)
Start importing Assets/Assets_Descargados/Brackeys/2D Mega Pack/Environment/Tiles/PlatformerTiles.png using Guid(9d760526269e55b40898d45c96b2a15f) Importer(815301076,1909f56bfc062723c751e8b465ee728b)  -> (artifact id: 'c4a41b2ac4324ffb3060fd4e99306458') in 0.034014 seconds 
========================================================================
Received Import Request.
  Time since last request: 4.906395 seconds.
  path: Assets/Assets_Descargados/Sci-Fi UI/_SciFi_GUISkin_/atlas.png
  artifactKey: Guid(56d84991286850f428b4e7df0cca7380) Importer(815301076,1909f56bfc062723c751e8b465ee728b)
Start importing Assets/Assets_Descargados/Sci-Fi UI/_SciFi_GUISkin_/atlas.png using Guid(56d84991286850f428b4e7df0cca7380) Importer(815301076,1909f56bfc062723c751e8b465ee728b)  -> (artifact id: '9ad0e733b360d94e1879ac02d89ea5be') in 0.278744 seconds 
========================================================================
Received Import Request.
  Time since last request: 0.115681 seconds.
  path: Assets/Assets_Descargados/Brackeys/2D Mega Pack/Enemies/AlienSpaceship.png
  artifactKey: Guid(a8166ea434d337349818825bff42d2f6) Importer(815301076,1909f56bfc062723c751e8b465ee728b)
Start importing Assets/Assets_Descargados/Brackeys/2D Mega Pack/Enemies/AlienSpaceship.png using Guid(a8166ea434d337349818825bff42d2f6) Importer(815301076,1909f56bfc062723c751e8b465ee728b)  -> (artifact id: '430491d9a475ca1802d9c021b80812cf') in 0.021889 seconds 
========================================================================
Received Import Request.
  Time since last request: 1.225563 seconds.
  path: Assets/Assets_Descargados/Brackeys/2D Mega Pack/Environment/Grungy/ApartmentLevel.png
  artifactKey: Guid(21a9c4db5a8aeb24697f53ea4e898402) Importer(815301076,1909f56bfc062723c751e8b465ee728b)
Start importing Assets/Assets_Descargados/Brackeys/2D Mega Pack/Environment/Grungy/ApartmentLevel.png using Guid(21a9c4db5a8aeb24697f53ea4e898402) Importer(815301076,1909f56bfc062723c751e8b465ee728b)  -> (artifact id: '393f05a0bfcd039b575f69cdff5c330b') in 0.054188 seconds 
========================================================================
Received Import Request.
  Time since last request: 3.404870 seconds.
  path: Assets/Assets_Descargados/TextMesh Pro/Examples & Extras/Resources/Color Gradient Presets/Blue to Purple - Vertical.asset
  artifactKey: Guid(479a66fa4b094512a62b0a8e553ad95a) Importer(815301076,1909f56bfc062723c751e8b465ee728b)
Start importing Assets/Assets_Descargados/TextMesh Pro/Examples & Extras/Resources/Color Gradient Presets/Blue to Purple - Vertical.asset using Guid(479a66fa4b094512a62b0a8e553ad95a) Importer(815301076,1909f56bfc062723c751e8b465ee728b)  -> (artifact id: '2936098622c9c2249f11dc9b8685cc61') in 0.017356 seconds 
========================================================================
Received Import Request.
  Time since last request: 0.000026 seconds.
  path: Assets/Assets_Descargados/TextMesh Pro/Examples & Extras/Resources/Sprite Assets/Default Sprite Asset.asset
  artifactKey: Guid(fbef3c704dce48f08a44612d6c856c8d) Importer(815301076,1909f56bfc062723c751e8b465ee728b)
Start importing Assets/Assets_Descargados/TextMesh Pro/Examples & Extras/Resources/Sprite Assets/Default Sprite Asset.asset using Guid(fbef3c704dce48f08a44612d6c856c8d) Importer(815301076,1909f56bfc062723c751e8b465ee728b)  -> (artifact id: '0fa22e04134340b72af1de3bfdf02494') in 0.043816 seconds 
========================================================================
Received Import Request.
  Time since last request: 0.998582 seconds.
  path: Assets/Assets_Descargados/Brackeys/2D Mega Pack/Environment/Gothic/DoorUp_NoGround.png
  artifactKey: Guid(ed301da1d8cd303439a7bc579fad3f29) Importer(815301076,1909f56bfc062723c751e8b465ee728b)
Start importing Assets/Assets_Descargados/Brackeys/2D Mega Pack/Environment/Gothic/DoorUp_NoGround.png using Guid(ed301da1d8cd303439a7bc579fad3f29) Importer(815301076,1909f56bfc062723c751e8b465ee728b)  -> (artifact id: '72cee3a20278911bd8550b3c8515d313') in 0.032208 seconds 
========================================================================
Received Import Request.
  Time since last request: 0.379428 seconds.
  path: Assets/Assets_Descargados/Brackeys/2D Mega Pack/-- Example Photos --/Farm Example.png
  artifactKey: Guid(67a5f1872968ee9419119635bfcbf33d) Importer(815301076,1909f56bfc062723c751e8b465ee728b)
Start importing Assets/Assets_Descargados/Brackeys/2D Mega Pack/-- Example Photos --/Farm Example.png using Guid(67a5f1872968ee9419119635bfcbf33d) Importer(815301076,1909f56bfc062723c751e8b465ee728b)  -> (artifact id: 'f5c42e31b7c038f61d25bcd92ea17e22') in 0.105865 seconds 
========================================================================
Received Import Request.
  Time since last request: 3.686079 seconds.
  path: Assets/Assets_Descargados/Pandazole_Ultimate_Pack/Pandazole Simple Game Pack/Models/Demos/SGP_Demo.fbx
  artifactKey: Guid(2dc020296b8fe8b42a1b2788e9d395e9) Importer(815301076,1909f56bfc062723c751e8b465ee728b)
Start importing Assets/Assets_Descargados/Pandazole_Ultimate_Pack/Pandazole Simple Game Pack/Models/Demos/SGP_Demo.fbx using Guid(2dc020296b8fe8b42a1b2788e9d395e9) Importer(815301076,1909f56bfc062723c751e8b465ee728b)  -> (artifact id: '784d26b97376e3d81d4de07d6cd6d59f') in 1.031122 seconds 
========================================================================
Received Import Request.
  Time since last request: 0.551350 seconds.
  path: Assets/Assets_Descargados/Pandazole_Ultimate_Pack/Pandazole Simple Game Pack/Textures/PandaMat.png
  artifactKey: Guid(9708c258323b0304e967c27a4d9352c5) Importer(815301076,1909f56bfc062723c751e8b465ee728b)
Start importing Assets/Assets_Descargados/Pandazole_Ultimate_Pack/Pandazole Simple Game Pack/Textures/PandaMat.png using Guid(9708c258323b0304e967c27a4d9352c5) Importer(815301076,1909f56bfc062723c751e8b465ee728b)  -> (artifact id: 'e04bca10e905984ee7285429ba578c4d') in 0.016764 seconds 
========================================================================
Received Import Request.
  Time since last request: 0.000037 seconds.
  path: Assets/Assets_Descargados/Brackeys/2D Mega Pack/Environment/Gothic/Pentagram.png
  artifactKey: Guid(e828181400a5c9e4a8a1be3357344d23) Importer(815301076,1909f56bfc062723c751e8b465ee728b)
Start importing Assets/Assets_Descargados/Brackeys/2D Mega Pack/Environment/Gothic/Pentagram.png using Guid(e828181400a5c9e4a8a1be3357344d23) Importer(815301076,1909f56bfc062723c751e8b465ee728b)  -> (artifact id: '0f4f0984f15bf352478c0084d09af1c4') in 0.027695 seconds 
========================================================================
Received Import Request.
  Time since last request: 1.580838 seconds.
  path: Assets/Assets_Descargados/Brackeys/2D Mega Pack/Environment/Gothic/Pentagram_Activated.png
  artifactKey: Guid(45b96aab96433304a8dd459f35996197) Importer(815301076,1909f56bfc062723c751e8b465ee728b)
Start importing Assets/Assets_Descargados/Brackeys/2D Mega Pack/Environment/Gothic/Pentagram_Activated.png using Guid(45b96aab96433304a8dd459f35996197) Importer(815301076,1909f56bfc062723c751e8b465ee728b)  -> (artifact id: '7c1d8b9b63aad6a52f69e5254c0f8482') in 0.030484 seconds 
========================================================================
Received Import Request.
  Time since last request: 0.000097 seconds.
  path: Assets/Assets_Descargados/Brackeys/2D Mega Pack/Food & Plants/Food/Pizza_Done.png
  artifactKey: Guid(c5efe437a3425564a9021a187d541e46) Importer(815301076,1909f56bfc062723c751e8b465ee728b)
Start importing Assets/Assets_Descargados/Brackeys/2D Mega Pack/Food & Plants/Food/Pizza_Done.png using Guid(c5efe437a3425564a9021a187d541e46) Importer(815301076,1909f56bfc062723c751e8b465ee728b)  -> (artifact id: '228d8a3e1863c75d1c9a15b5767b80bc') in 0.026106 seconds 
========================================================================
Received Import Request.
  Time since last request: 0.856595 seconds.
  path: Assets/Assets_Descargados/Brackeys/2D Mega Pack/Food & Plants/Food/Pizza_Seed.png
  artifactKey: Guid(8b7076b3e60bb074bbc624219774fbd8) Importer(815301076,1909f56bfc062723c751e8b465ee728b)
Start importing Assets/Assets_Descargados/Brackeys/2D Mega Pack/Food & Plants/Food/Pizza_Seed.png using Guid(8b7076b3e60bb074bbc624219774fbd8) Importer(815301076,1909f56bfc062723c751e8b465ee728b)  -> (artifact id: 'dc9f29c617e0921d2612ad74d8b67a5b') in 0.023392 seconds 
========================================================================
Received Import Request.
  Time since last request: 2.776133 seconds.
  path: Assets/Assets_Descargados/Brackeys/2D Mega Pack/Weapons & Tools/Plow.png
  artifactKey: Guid(72786b43084161c4c81e83eef0990e1a) Importer(815301076,1909f56bfc062723c751e8b465ee728b)
Start importing Assets/Assets_Descargados/Brackeys/2D Mega Pack/Weapons & Tools/Plow.png using Guid(72786b43084161c4c81e83eef0990e1a) Importer(815301076,1909f56bfc062723c751e8b465ee728b)  -> (artifact id: 'f1f1d5ad0d6eb409555124cc5779a622') in 0.026006 seconds 
========================================================================
Received Import Request.
  Time since last request: 0.018168 seconds.
  path: Assets/Assets_Descargados/Sci-Fi UI/_SciFi_GUISkin_/Bonus_Assets/arrows/plus.png
  artifactKey: Guid(36909c7c187739945aecb80f7c59fa4c) Importer(815301076,1909f56bfc062723c751e8b465ee728b)
Start importing Assets/Assets_Descargados/Sci-Fi UI/_SciFi_GUISkin_/Bonus_Assets/arrows/plus.png using Guid(36909c7c187739945aecb80f7c59fa4c) Importer(815301076,1909f56bfc062723c751e8b465ee728b)  -> (artifact id: '1dd5ba6d46b97a89fde2fff9ef6c622f') in 0.032168 seconds 
========================================================================
Received Import Request.
  Time since last request: 0.000032 seconds.
  path: Assets/Assets_Descargados/Brackeys/2D Mega Pack/Food & Plants/Crops/Potatoes_Seed.png
  artifactKey: Guid(a402c3ecefb2ea44abb2dc8fef3e46d2) Importer(815301076,1909f56bfc062723c751e8b465ee728b)
Start importing Assets/Assets_Descargados/Brackeys/2D Mega Pack/Food & Plants/Crops/Potatoes_Seed.png using Guid(a402c3ecefb2ea44abb2dc8fef3e46d2) Importer(815301076,1909f56bfc062723c751e8b465ee728b)  -> (artifact id: '230d1a36790ce3ce375648ca537d7b4a') in 0.027911 seconds 
========================================================================
Received Import Request.
  Time since last request: 0.635452 seconds.
  path: Assets/Assets_Descargados/Brackeys/2D Mega Pack/Items & Icons/Pixel Art/Potion.png
  artifactKey: Guid(db005d11213e5da47b9769c2e6c56eee) Importer(815301076,1909f56bfc062723c751e8b465ee728b)
Start importing Assets/Assets_Descargados/Brackeys/2D Mega Pack/Items & Icons/Pixel Art/Potion.png using Guid(db005d11213e5da47b9769c2e6c56eee) Importer(815301076,1909f56bfc062723c751e8b465ee728b)  -> (artifact id: '90e4ea5f9dbb3ef0d87c1c3c47e27b91') in 0.030593 seconds 
========================================================================
Received Import Request.
  Time since last request: 4.054609 seconds.
  path: Assets/Assets_Descargados/Brackeys/2D Mega Pack/Food & Plants/Crops/Pumpkin_Dead.png
  artifactKey: Guid(157cb9b2c093a584fba187ec8d423718) Importer(815301076,1909f56bfc062723c751e8b465ee728b)
Start importing Assets/Assets_Descargados/Brackeys/2D Mega Pack/Food & Plants/Crops/Pumpkin_Dead.png using Guid(157cb9b2c093a584fba187ec8d423718) Importer(815301076,1909f56bfc062723c751e8b465ee728b)  -> (artifact id: '2f0381b7cb4c48c90d22c0f9e6cefd12') in 0.029688 seconds 
========================================================================
Received Import Request.
  Time since last request: 0.000037 seconds.
  path: Assets/Assets_Descargados/TextMesh Pro/Examples & Extras/Resources/Fonts & Materials/Roboto-Bold SDF - Drop Shadow.mat
  artifactKey: Guid(b246c4190f4e46ec9352fe15a7b09ce0) Importer(815301076,1909f56bfc062723c751e8b465ee728b)
Start importing Assets/Assets_Descargados/TextMesh Pro/Examples & Extras/Resources/Fonts & Materials/Roboto-Bold SDF - Drop Shadow.mat using Guid(b246c4190f4e46ec9352fe15a7b09ce0) Importer(815301076,1909f56bfc062723c751e8b465ee728b)  -> (artifact id: '2cf3d755c6636959ddd0017fe79e3642') in 0.079074 seconds 
========================================================================
Received Import Request.
  Time since last request: 0.317248 seconds.
  path: Assets/Assets_Descargados/Pandazole_Ultimate_Pack/Pandazole Simple Game Pack/Prefabs/Demo/SGP_Demo.prefab
  artifactKey: Guid(e8aff32f9b3dc6345ad559d03d6338b1) Importer(815301076,1909f56bfc062723c751e8b465ee728b)
Start importing Assets/Assets_Descargados/Pandazole_Ultimate_Pack/Pandazole Simple Game Pack/Prefabs/Demo/SGP_Demo.prefab using Guid(e8aff32f9b3dc6345ad559d03d6338b1) Importer(815301076,1909f56bfc062723c751e8b465ee728b)  -> (artifact id: '40a5c69cf2d610968b751b30f4c7f511') in 0.049361 seconds 
========================================================================
Received Import Request.
  Time since last request: 0.000056 seconds.
  path: Assets/Assets_Descargados/Brackeys/2D Mega Pack/Items & Icons/Arcade/Spawn.png
  artifactKey: Guid(d5983714f6e6d7240a55fc92c9d26e26) Importer(815301076,1909f56bfc062723c751e8b465ee728b)
Start importing Assets/Assets_Descargados/Brackeys/2D Mega Pack/Items & Icons/Arcade/Spawn.png using Guid(d5983714f6e6d7240a55fc92c9d26e26) Importer(815301076,1909f56bfc062723c751e8b465ee728b)  -> (artifact id: '77374d82a4f769bf5bca551168efa9d4') in 0.036069 seconds 
========================================================================
Received Import Request.
  Time since last request: 0.000030 seconds.
  path: Assets/Assets_Descargados/Brackeys/2D Mega Pack/Environment/Tiles/SpikeTile.png
  artifactKey: Guid(6e7580be5a9ef3a4a8afe09141952188) Importer(815301076,1909f56bfc062723c751e8b465ee728b)
Start importing Assets/Assets_Descargados/Brackeys/2D Mega Pack/Environment/Tiles/SpikeTile.png using Guid(6e7580be5a9ef3a4a8afe09141952188) Importer(815301076,1909f56bfc062723c751e8b465ee728b)  -> (artifact id: 'ac154fe4fa359c27bdfba31f27ab952a') in 0.028606 seconds 
========================================================================
Received Import Request.
  Time since last request: 0.000049 seconds.
  path: Assets/Assets_Descargados/Brackeys/2D Mega Pack/Weapons & Tools/Spear.png
  artifactKey: Guid(bf28d1ab5e5c42e4aa2c9b729c09fce3) Importer(815301076,1909f56bfc062723c751e8b465ee728b)
Start importing Assets/Assets_Descargados/Brackeys/2D Mega Pack/Weapons & Tools/Spear.png using Guid(bf28d1ab5e5c42e4aa2c9b729c09fce3) Importer(815301076,1909f56bfc062723c751e8b465ee728b)  -> (artifact id: '69e6dffe584e470cce010bfd7a9fd773') in 0.027260 seconds 
========================================================================
Received Import Request.
  Time since last request: 2.196549 seconds.
  path: Assets/Assets_Descargados/Brackeys/2D Mega Pack/Enemies/SpikyBall.png
  artifactKey: Guid(a2d68081d156f704bb974b65c4ba11c6) Importer(815301076,1909f56bfc062723c751e8b465ee728b)
Start importing Assets/Assets_Descargados/Brackeys/2D Mega Pack/Enemies/SpikyBall.png using Guid(a2d68081d156f704bb974b65c4ba11c6) Importer(815301076,1909f56bfc062723c751e8b465ee728b)  -> (artifact id: '07c9634dcfa5bb3d83257243e98458d3') in 0.027630 seconds 
========================================================================
Received Import Request.
  Time since last request: 5.821034 seconds.
  path: Assets/Assets_Descargados/TextMesh Pro/Shaders/TMPro.cginc
  artifactKey: Guid(407bc68d299748449bbf7f48ee690f8d) Importer(815301076,1909f56bfc062723c751e8b465ee728b)
Start importing Assets/Assets_Descargados/TextMesh Pro/Shaders/TMPro.cginc using Guid(407bc68d299748449bbf7f48ee690f8d) Importer(815301076,1909f56bfc062723c751e8b465ee728b)  -> (artifact id: '7395dd04a5e9f7329f6d00895a1b3f59') in 0.019297 seconds 
========================================================================
Received Import Request.
  Time since last request: 0.000034 seconds.
  path: Assets/Assets_Descargados/Brackeys/2D Mega Pack/-- Example Photos --/Top-down Arcade Example.png
  artifactKey: Guid(b883181ca5756c94b983ff371807da40) Importer(815301076,1909f56bfc062723c751e8b465ee728b)
Start importing Assets/Assets_Descargados/Brackeys/2D Mega Pack/-- Example Photos --/Top-down Arcade Example.png using Guid(b883181ca5756c94b983ff371807da40) Importer(815301076,1909f56bfc062723c751e8b465ee728b)  -> (artifact id: 'c03e69da4547f8292c919f3deb206020') in 0.029190 seconds 
========================================================================
Received Import Request.
  Time since last request: 0.000705 seconds.
  path: Assets/Assets_Descargados/Brackeys/2D Mega Pack/Items & Icons/Pixel Art/WaterDrop1.png
  artifactKey: Guid(2092e1ae9910a3743a653ebf2e627c0c) Importer(815301076,1909f56bfc062723c751e8b465ee728b)
Start importing Assets/Assets_Descargados/Brackeys/2D Mega Pack/Items & Icons/Pixel Art/WaterDrop1.png using Guid(2092e1ae9910a3743a653ebf2e627c0c) Importer(815301076,1909f56bfc062723c751e8b465ee728b)  -> (artifact id: 'efcf6ea8ec434b29aaefedd0b958d87b') in 0.030628 seconds 
========================================================================
Received Import Request.
  Time since last request: 0.000029 seconds.
  path: Assets/Assets_Descargados/TextMesh Pro/Examples & Extras/Textures/Wipe Pattern - Radial Double.psd
  artifactKey: Guid(7631f4eff8f74ed38eb3eb9db17134e1) Importer(815301076,1909f56bfc062723c751e8b465ee728b)
Start importing Assets/Assets_Descargados/TextMesh Pro/Examples & Extras/Textures/Wipe Pattern - Radial Double.psd using Guid(7631f4eff8f74ed38eb3eb9db17134e1) Importer(815301076,1909f56bfc062723c751e8b465ee728b)  -> (artifact id: '1817fcd9dcdf6264a7ad5dd024807ff6') in 0.062998 seconds 
========================================================================
Received Import Request.
  Time since last request: 1.071827 seconds.
  path: Assets/Assets_Descargados/TextMesh Pro/Examples & Extras/Textures/Wipe Pattern - Radial Quad.psd
  artifactKey: Guid(2b5e9ae96c5644d8bae932f8b4ca68a2) Importer(815301076,1909f56bfc062723c751e8b465ee728b)
Start importing Assets/Assets_Descargados/TextMesh Pro/Examples & Extras/Textures/Wipe Pattern - Radial Quad.psd using Guid(2b5e9ae96c5644d8bae932f8b4ca68a2) Importer(815301076,1909f56bfc062723c751e8b465ee728b)  -> (artifact id: '5627a5f1739726ce0eb0e5e94b973fd0') in 0.022283 seconds 
========================================================================
Received Import Request.
  Time since last request: 1236.203107 seconds.
  path: Assets
  artifactKey: Guid(00000000000000001000000000000000) Importer(815301076,1909f56bfc062723c751e8b465ee728b)
Start importing Assets using Guid(00000000000000001000000000000000) Importer(815301076,1909f56bfc062723c751e8b465ee728b)  -> (artifact id: '79842766b460edbeab6a34051e857a80') in 0.008906 seconds 
========================================================================
Received Import Request.
  Time since last request: 11.912303 seconds.
  path: Assets/Proyecto/Elementos_de_prueba/pixil-frame-0 (3).png
  artifactKey: Guid(e6b3bf7fdc7bb4a48bb49d95c22cee7d) Importer(815301076,1909f56bfc062723c751e8b465ee728b)
Start importing Assets/Proyecto/Elementos_de_prueba/pixil-frame-0 (3).png using Guid(e6b3bf7fdc7bb4a48bb49d95c22cee7d) Importer(815301076,1909f56bfc062723c751e8b465ee728b)  -> (artifact id: 'cc11d78dda1af18424085ebcaeb0e599') in 0.042857 seconds 
========================================================================
Received Import Request.
  Time since last request: 23.963938 seconds.
  path: Assets/Proyecto/Scenes/Inicio.unity
  artifactKey: Guid(836628581f4875744ad2358fd15e37b9) Importer(815301076,1909f56bfc062723c751e8b465ee728b)
Start importing Assets/Proyecto/Scenes/Inicio.unity using Guid(836628581f4875744ad2358fd15e37b9) Importer(815301076,1909f56bfc062723c751e8b465ee728b)  -> (artifact id: '8aa49beab1f39ac9d04efe0567ce62d2') in 0.006745 seconds 
========================================================================
Received Import Request.
  Time since last request: 7.613334 seconds.
  path: Assets/Proyecto/Scenes/Juego.unity
  artifactKey: Guid(2cda990e2423bbf4892e6590ba056729) Importer(815301076,1909f56bfc062723c751e8b465ee728b)
Start importing Assets/Proyecto/Scenes/Juego.unity using Guid(2cda990e2423bbf4892e6590ba056729) Importer(815301076,1909f56bfc062723c751e8b465ee728b)  -> (artifact id: '07560763fde8988c39194553a82fe900') in 0.010731 seconds 
========================================================================
Received Import Request.
  Time since last request: 10.332223 seconds.
  path: Assets/Proyecto/Scenes/Final.unity
  artifactKey: Guid(184ea282b4e50fc4f9c922fc38ea9296) Importer(815301076,1909f56bfc062723c751e8b465ee728b)
Start importing Assets/Proyecto/Scenes/Final.unity using Guid(184ea282b4e50fc4f9c922fc38ea9296) Importer(815301076,1909f56bfc062723c751e8b465ee728b)  -> (artifact id: '1118f84ca6144c1df298aa94665d0d1d') in 0.007072 seconds 
========================================================================
Received Import Request.
  Time since last request: 10.792981 seconds.
  path: Assets/Proyecto/Scenes/Opciones.unity
  artifactKey: Guid(0f73836f91cda624b96ced27a2c4a9e2) Importer(815301076,1909f56bfc062723c751e8b465ee728b)
Start importing Assets/Proyecto/Scenes/Opciones.unity using Guid(0f73836f91cda624b96ced27a2c4a9e2) Importer(815301076,1909f56bfc062723c751e8b465ee728b)  -> (artifact id: '181362d98f5900a611ffea4f2082b6f9') in 0.012284 seconds 
========================================================================
Received Import Request.
  Time since last request: 328.586231 seconds.
  path: Assets/Assets_Descargados/Sci-Fi UI
  artifactKey: Guid(0db31bc07c0b3764e987eaaa0530cf3e) Importer(815301076,1909f56bfc062723c751e8b465ee728b)
Start importing Assets/Assets_Descargados/Sci-Fi UI using Guid(0db31bc07c0b3764e987eaaa0530cf3e) Importer(815301076,1909f56bfc062723c751e8b465ee728b)  -> (artifact id: '651368eca795aeaa9e7ad0b8896d9da6') in 0.010193 seconds 
========================================================================
Received Import Request.
  Time since last request: 1.737851 seconds.
  path: Assets/Assets_Descargados/Sci-Fi UI/_SciFi_GUISkin_
  artifactKey: Guid(06c42dacf407f3641bbd9e9a3fa911eb) Importer(815301076,1909f56bfc062723c751e8b465ee728b)
Start importing Assets/Assets_Descargados/Sci-Fi UI/_SciFi_GUISkin_ using Guid(06c42dacf407f3641bbd9e9a3fa911eb) Importer(815301076,1909f56bfc062723c751e8b465ee728b)  -> (artifact id: '87a65f4e208b356bea78df4dbaaa0488') in 0.008670 seconds 
========================================================================
Received Import Request.
  Time since last request: 0.170983 seconds.
  path: Assets/Assets_Descargados/Sci-Fi UI/_SciFi_GUISkin_/SciFi_Skin.guiskin
  artifactKey: Guid(9705c0e7595e14d42bcd9e476468d8d7) Importer(815301076,1909f56bfc062723c751e8b465ee728b)
Start importing Assets/Assets_Descargados/Sci-Fi UI/_SciFi_GUISkin_/SciFi_Skin.guiskin using Guid(9705c0e7595e14d42bcd9e476468d8d7) Importer(815301076,1909f56bfc062723c751e8b465ee728b)  -> (artifact id: 'd7be4b434f26de9fa09ecad84f8c985f') in 0.122423 seconds 
========================================================================
Received Import Request.
  Time since last request: 74.672183 seconds.
  path: Assets/Assets_Descargados/Sci-Fi UI/_SciFi_GUISkin_/Bonus_Assets
  artifactKey: Guid(d26bf89c00db93d43b42399d90ba77e8) Importer(815301076,1909f56bfc062723c751e8b465ee728b)
Start importing Assets/Assets_Descargados/Sci-Fi UI/_SciFi_GUISkin_/Bonus_Assets using Guid(d26bf89c00db93d43b42399d90ba77e8) Importer(815301076,1909f56bfc062723c751e8b465ee728b)  -> (artifact id: 'efb8dd8624214f5374571be773836479') in 0.008158 seconds 
