Using pre-set license
Built from '2021.3/staging' branch; Version is '2021.3.10f1 (1c7d0df0160b) revision 1867021'; Using compiler version '192829333'; Build Type 'Release'
OS: 'Windows 10  (10.0.19043) 64bit Core' Language: 'es' Physical Memory: 7545 MB
BatchMode: 1, IsHumanControllingUs: 0, StartBugReporterOnCrash: 0, Is64bit: 1, IsPro: 1

COMMAND LINE ARGUMENTS:
C:\Program Files\Unity\Hub\Editor\2021.3.10f1\Editor\Unity.exe
-adb2
-batchMode
-noUpm
-name
AssetImportWorker4
-projectPath
C:/Users/Usuario/OneDrive/Documentos/GitHub/Unity
-logFile
Logs/AssetImportWorker4.log
-srvPort
63225
Successfully changed project path to: C:/Users/Usuario/OneDrive/Documentos/GitHub/Unity
C:/Users/Usuario/OneDrive/Documentos/GitHub/Unity
[UnityMemory] Configuration Parameters - Can be set up in boot.config
    "memorysetup-bucket-allocator-granularity=16"
    "memorysetup-bucket-allocator-bucket-count=8"
    "memorysetup-bucket-allocator-block-size=33554432"
    "memorysetup-bucket-allocator-block-count=8"
    "memorysetup-main-allocator-block-size=16777216"
    "memorysetup-thread-allocator-block-size=16777216"
    "memorysetup-gfx-main-allocator-block-size=16777216"
    "memorysetup-gfx-thread-allocator-block-size=16777216"
    "memorysetup-cache-allocator-block-size=4194304"
    "memorysetup-typetree-allocator-block-size=2097152"
    "memorysetup-profiler-bucket-allocator-granularity=16"
    "memorysetup-profiler-bucket-allocator-bucket-count=8"
    "memorysetup-profiler-bucket-allocator-block-size=33554432"
    "memorysetup-profiler-bucket-allocator-block-count=8"
    "memorysetup-profiler-allocator-block-size=16777216"
    "memorysetup-profiler-editor-allocator-block-size=1048576"
    "memorysetup-temp-allocator-size-main=16777216"
    "memorysetup-job-temp-allocator-block-size=2097152"
    "memorysetup-job-temp-allocator-block-size-background=1048576"
    "memorysetup-job-temp-allocator-reduction-small-platforms=262144"
    "memorysetup-temp-allocator-size-background-worker=32768"
    "memorysetup-temp-allocator-size-job-worker=262144"
    "memorysetup-temp-allocator-size-preload-manager=33554432"
    "memorysetup-temp-allocator-size-nav-mesh-worker=65536"
    "memorysetup-temp-allocator-size-audio-worker=65536"
    "memorysetup-temp-allocator-size-cloud-worker=32768"
    "memorysetup-temp-allocator-size-gi-baking-worker=262144"
    "memorysetup-temp-allocator-size-gfx=262144"
Refreshing native plugins compatible for Editor in 54.98 ms, found 3 plugins.
Preloading 0 native plugins for Editor in 0.00 ms.
Initialize engine version: 2021.3.10f1 (1c7d0df0160b)
[Subsystems] Discovering subsystems at path C:/Program Files/Unity/Hub/Editor/2021.3.10f1/Editor/Data/Resources/UnitySubsystems
[Subsystems] Discovering subsystems at path C:/Users/Usuario/OneDrive/Documentos/GitHub/Unity/Assets
GfxDevice: creating device client; threaded=0; jobified=0
Direct3D:
    Version:  Direct3D 11.0 [level 11.1]
    Renderer: AMD Radeon RX 5600M (ID=0x731f)
    Vendor:   ATI
    VRAM:     6103 MB
    Driver:   31.0.12019.11001
Initialize mono
Mono path[0] = 'C:/Program Files/Unity/Hub/Editor/2021.3.10f1/Editor/Data/Managed'
Mono path[1] = 'C:/Program Files/Unity/Hub/Editor/2021.3.10f1/Editor/Data/MonoBleedingEdge/lib/mono/unityjit-win32'
Mono config path = 'C:/Program Files/Unity/Hub/Editor/2021.3.10f1/Editor/Data/MonoBleedingEdge/etc'
Using monoOptions --debugger-agent=transport=dt_socket,embedding=1,server=y,suspend=n,address=127.0.0.1:56196
Begin MonoManager ReloadAssembly
Registering precompiled unity dll's ...
Register platform support module: C:/Program Files/Unity/Hub/Editor/2021.3.10f1/Editor/Data/PlaybackEngines/WebGLSupport/UnityEditor.WebGL.Extensions.dll
Register platform support module: C:/Program Files/Unity/Hub/Editor/2021.3.10f1/Editor/Data/PlaybackEngines/WindowsStandaloneSupport/UnityEditor.WindowsStandalone.Extensions.dll
Registered in 0.010040 seconds.
Native extension for WindowsStandalone target not found
Native extension for WebGL target not found
Refreshing native plugins compatible for Editor in 47.81 ms, found 3 plugins.
Preloading 0 native plugins for Editor in 0.00 ms.
Mono: successfully reloaded assembly
- Completed reload, in  0.625 seconds
Domain Reload Profiling:
	ReloadAssembly (626ms)
		BeginReloadAssembly (83ms)
			ExecutionOrderSort (0ms)
			DisableScriptedObjects (0ms)
			BackupInstance (0ms)
			ReleaseScriptingObjects (0ms)
			CreateAndSetChildDomain (1ms)
		EndReloadAssembly (426ms)
			LoadAssemblies (81ms)
			RebuildTransferFunctionScriptingTraits (0ms)
			SetupTypeCache (110ms)
			ReleaseScriptCaches (0ms)
			RebuildScriptCaches (30ms)
			SetupLoadedEditorAssemblies (235ms)
				LogAssemblyErrors (0ms)
				InitializePlatformSupportModulesInManaged (10ms)
				SetLoadedEditorAssemblies (0ms)
				RefreshPlugins (48ms)
				BeforeProcessingInitializeOnLoad (1ms)
				ProcessInitializeOnLoadAttributes (123ms)
				ProcessInitializeOnLoadMethodAttributes (53ms)
				AfterProcessingInitializeOnLoad (0ms)
				EditorAssembliesLoaded (0ms)
			ExecutionOrderSort2 (0ms)
			AwakeInstancesAfterBackupRestoration (0ms)
Platform modules already initialized, skipping
Registering precompiled user dll's ...
Registered in 0.006310 seconds.
Begin MonoManager ReloadAssembly
Native extension for WindowsStandalone target not found
Native extension for WebGL target not found
Refreshing native plugins compatible for Editor in 48.37 ms, found 3 plugins.
Preloading 0 native plugins for Editor in 0.00 ms.
Mono: successfully reloaded assembly
- Completed reload, in  1.058 seconds
Domain Reload Profiling:
	ReloadAssembly (1059ms)
		BeginReloadAssembly (123ms)
			ExecutionOrderSort (0ms)
			DisableScriptedObjects (5ms)
			BackupInstance (0ms)
			ReleaseScriptingObjects (0ms)
			CreateAndSetChildDomain (23ms)
		EndReloadAssembly (811ms)
			LoadAssemblies (94ms)
			RebuildTransferFunctionScriptingTraits (0ms)
			SetupTypeCache (213ms)
			ReleaseScriptCaches (1ms)
			RebuildScriptCaches (51ms)
			SetupLoadedEditorAssemblies (415ms)
				LogAssemblyErrors (0ms)
				InitializePlatformSupportModulesInManaged (7ms)
				SetLoadedEditorAssemblies (0ms)
				RefreshPlugins (48ms)
				BeforeProcessingInitializeOnLoad (84ms)
				ProcessInitializeOnLoadAttributes (214ms)
				ProcessInitializeOnLoadMethodAttributes (51ms)
				AfterProcessingInitializeOnLoad (10ms)
				EditorAssembliesLoaded (0ms)
			ExecutionOrderSort2 (0ms)
			AwakeInstancesAfterBackupRestoration (6ms)
Platform modules already initialized, skipping
========================================================================
Worker process is ready to serve import requests
Launched and connected shader compiler UnityShaderCompiler.exe after 0.05 seconds
Refreshing native plugins compatible for Editor in 0.73 ms, found 3 plugins.
Preloading 0 native plugins for Editor in 0.00 ms.
Unloading 2525 Unused Serialized files (Serialized files now loaded: 0)
Unloading 33 unused Assets / (56.8 KB). Loaded Objects now: 2989.
Memory consumption went from 113.1 MB to 113.1 MB.
Total: 4.345500 ms (FindLiveObjects: 0.373900 ms CreateObjectMapping: 0.150600 ms MarkObjects: 3.701900 ms  DeleteObjects: 0.116900 ms)

AssetImportParameters requested are different than current active one (requested -> active):
  custom:video-decoder-ogg-theora: a1e56fd34408186e4bbccfd4996cb3dc -> 
  custom:container-muxer-webm: aa71ff27fc2769a1b78a27578f13a17b -> 
  custom:container-demuxer-webm: 4f35f7cbe854078d1ac9338744f61a02 -> 
  custom:video-encoder-webm-vp8: eb34c28f22e8b96e1ab97ce403110664 -> 
  custom:video-codec-MediaFoundation-h265: 746d11721c4dcdbdad8f713fa42b33f4 -> 
  custom:audio-encoder-webm-vorbis: bf7c407c2cedff20999df2af8eb42d56 -> 
  custom:framework-win-MediaFoundation: 216162199b28c13a410421893ffa2e32 -> 
  custom:container-demuxer-ogg: 62fdf1f143b41e24485cea50d1cbac27 -> 
  custom:video-decoder-webm-vp8: 9c59270c3fd7afecdb556c50c9e8de78 -> 
  custom:audio-decoder-ogg-vorbis: bf7c407c2cedff20999df2af8eb42d56 -> 
========================================================================
Received Import Request.
  Time since last request: 379165.720233 seconds.
  path: Assets/Assets_Descargados/Brackeys/2D Mega Pack/Items & Icons/Pixel Art
  artifactKey: Guid(c610bb258d9a61a4f8a35d01bb14b8bf) Importer(815301076,1909f56bfc062723c751e8b465ee728b)
Start importing Assets/Assets_Descargados/Brackeys/2D Mega Pack/Items & Icons/Pixel Art using Guid(c610bb258d9a61a4f8a35d01bb14b8bf) Importer(815301076,1909f56bfc062723c751e8b465ee728b)  -> (artifact id: 'f35d8f4c31fead6212d124a1f12363a6') in 0.016709 seconds 
========================================================================
Received Import Request.
  Time since last request: 0.160206 seconds.
  path: Assets/Assets_Descargados/Brackeys/2D Mega Pack/Items & Icons/Pixel Art/Castle.png
  artifactKey: Guid(29a3d0bd681dee74485f9168cef7e5ec) Importer(815301076,1909f56bfc062723c751e8b465ee728b)
Start importing Assets/Assets_Descargados/Brackeys/2D Mega Pack/Items & Icons/Pixel Art/Castle.png using Guid(29a3d0bd681dee74485f9168cef7e5ec) Importer(815301076,1909f56bfc062723c751e8b465ee728b)  -> (artifact id: '97e2d0755b5f5eb11fcda6aff4204874') in 0.156031 seconds 
========================================================================
Received Import Request.
  Time since last request: 0.000031 seconds.
  path: Assets/Assets_Descargados/Brackeys/2D Mega Pack/Items & Icons/Pixel Art/Diamond.png
  artifactKey: Guid(6b3b8ef492edc304f9230dc368e8af5c) Importer(815301076,1909f56bfc062723c751e8b465ee728b)
Start importing Assets/Assets_Descargados/Brackeys/2D Mega Pack/Items & Icons/Pixel Art/Diamond.png using Guid(6b3b8ef492edc304f9230dc368e8af5c) Importer(815301076,1909f56bfc062723c751e8b465ee728b)  -> (artifact id: 'b6ff96c6da563a2f2e7922e529d6a8e5') in 0.030582 seconds 
========================================================================
Received Import Request.
  Time since last request: 0.000064 seconds.
  path: Assets/Assets_Descargados/Brackeys/2D Mega Pack/Items & Icons/Pixel Art/MagicEssence.png
  artifactKey: Guid(8a14f58b4b600a24ab3fcf9cb3bc82fb) Importer(815301076,1909f56bfc062723c751e8b465ee728b)
Start importing Assets/Assets_Descargados/Brackeys/2D Mega Pack/Items & Icons/Pixel Art/MagicEssence.png using Guid(8a14f58b4b600a24ab3fcf9cb3bc82fb) Importer(815301076,1909f56bfc062723c751e8b465ee728b)  -> (artifact id: '58c31cb7099985366ea813560a449a1c') in 0.045371 seconds 
========================================================================
Received Import Request.
  Time since last request: 0.000035 seconds.
  path: Assets/Assets_Descargados/Brackeys/2D Mega Pack/Items & Icons/Pixel Art/Iron.png
  artifactKey: Guid(9e3850ff9c22c0949954069e855a2a44) Importer(815301076,1909f56bfc062723c751e8b465ee728b)
Start importing Assets/Assets_Descargados/Brackeys/2D Mega Pack/Items & Icons/Pixel Art/Iron.png using Guid(9e3850ff9c22c0949954069e855a2a44) Importer(815301076,1909f56bfc062723c751e8b465ee728b)  -> (artifact id: 'b33d787071c89daf05d320f2739a994a') in 0.030403 seconds 
========================================================================
Received Import Request.
  Time since last request: 0.000030 seconds.
  path: Assets/Assets_Descargados/Brackeys/2D Mega Pack/Items & Icons/Pixel Art/Earth.png
  artifactKey: Guid(a34a8f8870f46c04dbe86c7ed173ba1f) Importer(815301076,1909f56bfc062723c751e8b465ee728b)
Start importing Assets/Assets_Descargados/Brackeys/2D Mega Pack/Items & Icons/Pixel Art/Earth.png using Guid(a34a8f8870f46c04dbe86c7ed173ba1f) Importer(815301076,1909f56bfc062723c751e8b465ee728b)  -> (artifact id: '509def7e43c8d43a432766f428a156ca') in 0.033856 seconds 
========================================================================
Received Import Request.
  Time since last request: 4.944017 seconds.
  path: Assets/Assets_Descargados/Brackeys/2D Mega Pack/Shapes/Arrow.png
  artifactKey: Guid(24726326f0d24dc41875ec34f94e95b2) Importer(815301076,1909f56bfc062723c751e8b465ee728b)
Start importing Assets/Assets_Descargados/Brackeys/2D Mega Pack/Shapes/Arrow.png using Guid(24726326f0d24dc41875ec34f94e95b2) Importer(815301076,1909f56bfc062723c751e8b465ee728b)  -> (artifact id: '22c5e29a1e54af19c318e5b1ab9cbcd5') in 0.031743 seconds 
========================================================================
Received Import Request.
  Time since last request: 0.000026 seconds.
  path: Assets/Assets_Descargados/Brackeys/2D Mega Pack/Shapes/X.png
  artifactKey: Guid(b077818db7df77e4db729d473295e99e) Importer(815301076,1909f56bfc062723c751e8b465ee728b)
Start importing Assets/Assets_Descargados/Brackeys/2D Mega Pack/Shapes/X.png using Guid(b077818db7df77e4db729d473295e99e) Importer(815301076,1909f56bfc062723c751e8b465ee728b)  -> (artifact id: 'ab6d434e543b066a4939c49b690b9c3e') in 0.040438 seconds 
========================================================================
Received Import Request.
  Time since last request: 0.000036 seconds.
  path: Assets/Assets_Descargados/Brackeys/2D Mega Pack/Shapes/Triangle.png
  artifactKey: Guid(1853af91c4d184747801f42772136f14) Importer(815301076,1909f56bfc062723c751e8b465ee728b)
Start importing Assets/Assets_Descargados/Brackeys/2D Mega Pack/Shapes/Triangle.png using Guid(1853af91c4d184747801f42772136f14) Importer(815301076,1909f56bfc062723c751e8b465ee728b)  -> (artifact id: 'e2bcd49867515fd97aab7b0a8208cec8') in 0.028959 seconds 
========================================================================
Received Import Request.
  Time since last request: 1.760306 seconds.
  path: Assets/Assets_Descargados/Brackeys/2D Mega Pack/Sounds/Bonus.wav
  artifactKey: Guid(5ab8fc664ca4d604f820e255005a664a) Importer(815301076,1909f56bfc062723c751e8b465ee728b)
Start importing Assets/Assets_Descargados/Brackeys/2D Mega Pack/Sounds/Bonus.wav using Guid(5ab8fc664ca4d604f820e255005a664a) Importer(815301076,1909f56bfc062723c751e8b465ee728b)  -> (artifact id: 'd477890761251e2c82c0c15d27146dea') in 0.069744 seconds 
========================================================================
Received Import Request.
  Time since last request: 0.000035 seconds.
  path: Assets/Assets_Descargados/Brackeys/2D Mega Pack/Sounds/Shot.wav
  artifactKey: Guid(26e19616f6ba9f6469e9d3d6c38b23fe) Importer(815301076,1909f56bfc062723c751e8b465ee728b)
Start importing Assets/Assets_Descargados/Brackeys/2D Mega Pack/Sounds/Shot.wav using Guid(26e19616f6ba9f6469e9d3d6c38b23fe) Importer(815301076,1909f56bfc062723c751e8b465ee728b)  -> (artifact id: '1b407de2806545af846b24490f20fa22') in 0.030952 seconds 
========================================================================
Received Import Request.
  Time since last request: 0.000054 seconds.
  path: Assets/Assets_Descargados/Brackeys/2D Mega Pack/Sounds/Hit.wav
  artifactKey: Guid(87e2452fe2c754248926c9a9ab93a467) Importer(815301076,1909f56bfc062723c751e8b465ee728b)
Start importing Assets/Assets_Descargados/Brackeys/2D Mega Pack/Sounds/Hit.wav using Guid(87e2452fe2c754248926c9a9ab93a467) Importer(815301076,1909f56bfc062723c751e8b465ee728b)  -> (artifact id: '4d58d1db4e2da95964b27fc311547ec5') in 0.030327 seconds 
========================================================================
Received Import Request.
  Time since last request: 0.000026 seconds.
  path: Assets/Assets_Descargados/Brackeys/2D Mega Pack/Sounds/GameOver.wav
  artifactKey: Guid(832aa39d4fbe053428a67083bb091a1a) Importer(815301076,1909f56bfc062723c751e8b465ee728b)
Start importing Assets/Assets_Descargados/Brackeys/2D Mega Pack/Sounds/GameOver.wav using Guid(832aa39d4fbe053428a67083bb091a1a) Importer(815301076,1909f56bfc062723c751e8b465ee728b)  -> (artifact id: '996c61b192e07cca7610a30de76c39fd') in 0.023397 seconds 
========================================================================
Received Import Request.
  Time since last request: 0.402635 seconds.
  path: Assets/Assets_Descargados/Brackeys/2D Mega Pack/UI/Arrow.png
  artifactKey: Guid(09c0ffabe50dba2449423f828d63133a) Importer(815301076,1909f56bfc062723c751e8b465ee728b)
Start importing Assets/Assets_Descargados/Brackeys/2D Mega Pack/UI/Arrow.png using Guid(09c0ffabe50dba2449423f828d63133a) Importer(815301076,1909f56bfc062723c751e8b465ee728b)  -> (artifact id: 'b6e07b51a6d54df2df6d2939d593d0e5') in 0.034148 seconds 
========================================================================
Received Import Request.
  Time since last request: 3.422168 seconds.
  path: Assets/Assets_Descargados/Brackeys/2D Mega Pack/UI/Cursors
  artifactKey: Guid(cefa5227e8d86944981f760a578e037c) Importer(815301076,1909f56bfc062723c751e8b465ee728b)
Start importing Assets/Assets_Descargados/Brackeys/2D Mega Pack/UI/Cursors using Guid(cefa5227e8d86944981f760a578e037c) Importer(815301076,1909f56bfc062723c751e8b465ee728b)  -> (artifact id: '2205b2af42fe3cb711693cc3bae31a0e') in 0.011070 seconds 
========================================================================
Received Import Request.
  Time since last request: 0.130503 seconds.
  path: Assets/Assets_Descargados/Brackeys/2D Mega Pack/UI/Cursors/Cursor_Normal.png
  artifactKey: Guid(d673263d78ce47f488b74edbdd14b6f2) Importer(815301076,1909f56bfc062723c751e8b465ee728b)
Start importing Assets/Assets_Descargados/Brackeys/2D Mega Pack/UI/Cursors/Cursor_Normal.png using Guid(d673263d78ce47f488b74edbdd14b6f2) Importer(815301076,1909f56bfc062723c751e8b465ee728b)  -> (artifact id: 'adb1360eb04385fcefdfedcfce5b129e') in 0.028977 seconds 
========================================================================
Received Import Request.
  Time since last request: 624.302619 seconds.
  path: Assets/Assets_Descargados/TextMesh Pro/Examples & Extras/Resources/Fonts & Materials/Anton SDF - Outline.mat
  artifactKey: Guid(a00013af81304728b2be1f4309ee2433) Importer(815301076,1909f56bfc062723c751e8b465ee728b)
Start importing Assets/Assets_Descargados/TextMesh Pro/Examples & Extras/Resources/Fonts & Materials/Anton SDF - Outline.mat using Guid(a00013af81304728b2be1f4309ee2433) Importer(815301076,1909f56bfc062723c751e8b465ee728b)  -> (artifact id: 'e7c4e60fcc2639b3fd6662530e598835') in 0.087642 seconds 
========================================================================
Received Import Request.
  Time since last request: 0.000037 seconds.
  path: Assets/Assets_Descargados/TextMesh Pro/Examples & Extras/Resources/Fonts & Materials/LiberationSans SDF - Overlay.mat
  artifactKey: Guid(9ad269c99dcf42b7aedefd83dd5a7b9d) Importer(815301076,1909f56bfc062723c751e8b465ee728b)
Start importing Assets/Assets_Descargados/TextMesh Pro/Examples & Extras/Resources/Fonts & Materials/LiberationSans SDF - Overlay.mat using Guid(9ad269c99dcf42b7aedefd83dd5a7b9d) Importer(815301076,1909f56bfc062723c751e8b465ee728b)  -> (artifact id: 'ba8ef433a902e6b1689b26262e7dde6e') in 0.044501 seconds 
========================================================================
Received Import Request.
  Time since last request: 0.000062 seconds.
  path: Assets/Assets_Descargados/TextMesh Pro/Examples & Extras/Resources/Fonts & Materials/Bangers SDF - Outline.mat
  artifactKey: Guid(f629c6e43dba4bf38cb74d8860150664) Importer(815301076,1909f56bfc062723c751e8b465ee728b)
Start importing Assets/Assets_Descargados/TextMesh Pro/Examples & Extras/Resources/Fonts & Materials/Bangers SDF - Outline.mat using Guid(f629c6e43dba4bf38cb74d8860150664) Importer(815301076,1909f56bfc062723c751e8b465ee728b)  -> (artifact id: '93380334504166f485ed22dfd3a138c2') in 0.039803 seconds 
========================================================================
Received Import Request.
  Time since last request: 0.000028 seconds.
  path: Assets/Assets_Descargados/TextMesh Pro/Examples & Extras/Resources/Fonts & Materials/Bangers SDF Logo.mat
  artifactKey: Guid(f4e195ac1e204eff960149d1cb34e18c) Importer(815301076,1909f56bfc062723c751e8b465ee728b)
Start importing Assets/Assets_Descargados/TextMesh Pro/Examples & Extras/Resources/Fonts & Materials/Bangers SDF Logo.mat using Guid(f4e195ac1e204eff960149d1cb34e18c) Importer(815301076,1909f56bfc062723c751e8b465ee728b)  -> (artifact id: '6ae07bff57cd9dda41599fc252b934e6') in 0.083463 seconds 
========================================================================
Received Import Request.
  Time since last request: 0.000047 seconds.
  path: Assets/Assets_Descargados/TextMesh Pro/Examples & Extras/Resources/Fonts & Materials/Roboto-Bold SDF - Surface.mat
  artifactKey: Guid(e6b276ec991f467aa14ef1f3cc665993) Importer(815301076,1909f56bfc062723c751e8b465ee728b)
Start importing Assets/Assets_Descargados/TextMesh Pro/Examples & Extras/Resources/Fonts & Materials/Roboto-Bold SDF - Surface.mat using Guid(e6b276ec991f467aa14ef1f3cc665993) Importer(815301076,1909f56bfc062723c751e8b465ee728b)  -> (artifact id: '8980c35fcd5f549100bea6de5f4e2da8') in 0.041454 seconds 
Editor requested this worker to shutdown with reason: Scaling down because of idle timeout
AssetImportWorker is now disconnected from the server
Process exiting
Exiting without the bug reporter. Application will terminate with return code 0