Using pre-set license
Built from '2021.3/staging' branch; Version is '2021.3.10f1 (1c7d0df0160b) revision 1867021'; Using compiler version '192829333'; Build Type 'Release'
OS: 'Windows 10  (10.0.19043) 64bit Core' Language: 'es' Physical Memory: 7545 MB
BatchMode: 1, IsHumanControllingUs: 0, StartBugReporterOnCrash: 0, Is64bit: 1, IsPro: 1

COMMAND LINE ARGUMENTS:
C:\Program Files\Unity\Hub\Editor\2021.3.10f1\Editor\Unity.exe
-adb2
-batchMode
-noUpm
-name
AssetImportWorker2
-projectPath
C:/Users/Usuario/OneDrive/Documentos/GitHub/Unity
-logFile
Logs/AssetImportWorker2.log
-srvPort
58586
Successfully changed project path to: C:/Users/Usuario/OneDrive/Documentos/GitHub/Unity
C:/Users/Usuario/OneDrive/Documentos/GitHub/Unity
[UnityMemory] Configuration Parameters - Can be set up in boot.config
    "memorysetup-bucket-allocator-granularity=16"
    "memorysetup-bucket-allocator-bucket-count=8"
    "memorysetup-bucket-allocator-block-size=33554432"
    "memorysetup-bucket-allocator-block-count=8"
    "memorysetup-main-allocator-block-size=16777216"
    "memorysetup-thread-allocator-block-size=16777216"
    "memorysetup-gfx-main-allocator-block-size=16777216"
    "memorysetup-gfx-thread-allocator-block-size=16777216"
    "memorysetup-cache-allocator-block-size=4194304"
    "memorysetup-typetree-allocator-block-size=2097152"
    "memorysetup-profiler-bucket-allocator-granularity=16"
    "memorysetup-profiler-bucket-allocator-bucket-count=8"
    "memorysetup-profiler-bucket-allocator-block-size=33554432"
    "memorysetup-profiler-bucket-allocator-block-count=8"
    "memorysetup-profiler-allocator-block-size=16777216"
    "memorysetup-profiler-editor-allocator-block-size=1048576"
    "memorysetup-temp-allocator-size-main=16777216"
    "memorysetup-job-temp-allocator-block-size=2097152"
    "memorysetup-job-temp-allocator-block-size-background=1048576"
    "memorysetup-job-temp-allocator-reduction-small-platforms=262144"
    "memorysetup-temp-allocator-size-background-worker=32768"
    "memorysetup-temp-allocator-size-job-worker=262144"
    "memorysetup-temp-allocator-size-preload-manager=33554432"
    "memorysetup-temp-allocator-size-nav-mesh-worker=65536"
    "memorysetup-temp-allocator-size-audio-worker=65536"
    "memorysetup-temp-allocator-size-cloud-worker=32768"
    "memorysetup-temp-allocator-size-gi-baking-worker=262144"
    "memorysetup-temp-allocator-size-gfx=262144"
Refreshing native plugins compatible for Editor in 64.61 ms, found 3 plugins.
Preloading 0 native plugins for Editor in 0.00 ms.
Initialize engine version: 2021.3.10f1 (1c7d0df0160b)
[Subsystems] Discovering subsystems at path C:/Program Files/Unity/Hub/Editor/2021.3.10f1/Editor/Data/Resources/UnitySubsystems
[Subsystems] Discovering subsystems at path C:/Users/Usuario/OneDrive/Documentos/GitHub/Unity/Assets
GfxDevice: creating device client; threaded=0; jobified=0
Direct3D:
    Version:  Direct3D 11.0 [level 11.1]
    Renderer: AMD Radeon RX 5600M (ID=0x731f)
    Vendor:   ATI
    VRAM:     6103 MB
    Driver:   31.0.12019.11001
Initialize mono
Mono path[0] = 'C:/Program Files/Unity/Hub/Editor/2021.3.10f1/Editor/Data/Managed'
Mono path[1] = 'C:/Program Files/Unity/Hub/Editor/2021.3.10f1/Editor/Data/MonoBleedingEdge/lib/mono/unityjit-win32'
Mono config path = 'C:/Program Files/Unity/Hub/Editor/2021.3.10f1/Editor/Data/MonoBleedingEdge/etc'
Using monoOptions --debugger-agent=transport=dt_socket,embedding=1,server=y,suspend=n,address=127.0.0.1:56848
Begin MonoManager ReloadAssembly
Registering precompiled unity dll's ...
Register platform support module: C:/Program Files/Unity/Hub/Editor/2021.3.10f1/Editor/Data/PlaybackEngines/WebGLSupport/UnityEditor.WebGL.Extensions.dll
Register platform support module: C:/Program Files/Unity/Hub/Editor/2021.3.10f1/Editor/Data/PlaybackEngines/WindowsStandaloneSupport/UnityEditor.WindowsStandalone.Extensions.dll
Registered in 0.009525 seconds.
Native extension for WindowsStandalone target not found
Native extension for WebGL target not found
Refreshing native plugins compatible for Editor in 50.80 ms, found 3 plugins.
Preloading 0 native plugins for Editor in 0.00 ms.
Mono: successfully reloaded assembly
- Completed reload, in  0.699 seconds
Domain Reload Profiling:
	ReloadAssembly (700ms)
		BeginReloadAssembly (99ms)
			ExecutionOrderSort (0ms)
			DisableScriptedObjects (0ms)
			BackupInstance (0ms)
			ReleaseScriptingObjects (0ms)
			CreateAndSetChildDomain (1ms)
		EndReloadAssembly (464ms)
			LoadAssemblies (96ms)
			RebuildTransferFunctionScriptingTraits (0ms)
			SetupTypeCache (137ms)
			ReleaseScriptCaches (0ms)
			RebuildScriptCaches (31ms)
			SetupLoadedEditorAssemblies (240ms)
				LogAssemblyErrors (0ms)
				InitializePlatformSupportModulesInManaged (10ms)
				SetLoadedEditorAssemblies (0ms)
				RefreshPlugins (51ms)
				BeforeProcessingInitializeOnLoad (1ms)
				ProcessInitializeOnLoadAttributes (126ms)
				ProcessInitializeOnLoadMethodAttributes (51ms)
				AfterProcessingInitializeOnLoad (0ms)
				EditorAssembliesLoaded (0ms)
			ExecutionOrderSort2 (0ms)
			AwakeInstancesAfterBackupRestoration (0ms)
Platform modules already initialized, skipping
Registering precompiled user dll's ...
Registered in 0.007674 seconds.
Begin MonoManager ReloadAssembly
Native extension for WindowsStandalone target not found
Native extension for WebGL target not found
Refreshing native plugins compatible for Editor in 49.37 ms, found 3 plugins.
Preloading 0 native plugins for Editor in 0.00 ms.
Mono: successfully reloaded assembly
- Completed reload, in  1.345 seconds
Domain Reload Profiling:
	ReloadAssembly (1346ms)
		BeginReloadAssembly (299ms)
			ExecutionOrderSort (0ms)
			DisableScriptedObjects (6ms)
			BackupInstance (0ms)
			ReleaseScriptingObjects (0ms)
			CreateAndSetChildDomain (22ms)
		EndReloadAssembly (922ms)
			LoadAssemblies (274ms)
			RebuildTransferFunctionScriptingTraits (0ms)
			SetupTypeCache (247ms)
			ReleaseScriptCaches (1ms)
			RebuildScriptCaches (56ms)
			SetupLoadedEditorAssemblies (459ms)
				LogAssemblyErrors (0ms)
				InitializePlatformSupportModulesInManaged (9ms)
				SetLoadedEditorAssemblies (0ms)
				RefreshPlugins (49ms)
				BeforeProcessingInitializeOnLoad (88ms)
				ProcessInitializeOnLoadAttributes (240ms)
				ProcessInitializeOnLoadMethodAttributes (64ms)
				AfterProcessingInitializeOnLoad (9ms)
				EditorAssembliesLoaded (0ms)
			ExecutionOrderSort2 (0ms)
			AwakeInstancesAfterBackupRestoration (8ms)
Platform modules already initialized, skipping
========================================================================
Worker process is ready to serve import requests
Launched and connected shader compiler UnityShaderCompiler.exe after 0.10 seconds
Refreshing native plugins compatible for Editor in 1.35 ms, found 3 plugins.
Preloading 0 native plugins for Editor in 0.00 ms.
Unloading 2525 Unused Serialized files (Serialized files now loaded: 0)
Unloading 33 unused Assets / (56.8 KB). Loaded Objects now: 2989.
Memory consumption went from 113.2 MB to 113.1 MB.
Total: 5.263600 ms (FindLiveObjects: 0.557800 ms CreateObjectMapping: 0.321200 ms MarkObjects: 4.268300 ms  DeleteObjects: 0.114500 ms)

AssetImportParameters requested are different than current active one (requested -> active):
  custom:video-decoder-ogg-theora: a1e56fd34408186e4bbccfd4996cb3dc -> 
  custom:container-muxer-webm: aa71ff27fc2769a1b78a27578f13a17b -> 
  custom:container-demuxer-webm: 4f35f7cbe854078d1ac9338744f61a02 -> 
  custom:video-encoder-webm-vp8: eb34c28f22e8b96e1ab97ce403110664 -> 
  custom:video-codec-MediaFoundation-h265: 746d11721c4dcdbdad8f713fa42b33f4 -> 
  custom:audio-encoder-webm-vorbis: bf7c407c2cedff20999df2af8eb42d56 -> 
  custom:framework-win-MediaFoundation: 216162199b28c13a410421893ffa2e32 -> 
  custom:container-demuxer-ogg: 62fdf1f143b41e24485cea50d1cbac27 -> 
  custom:video-decoder-webm-vp8: 9c59270c3fd7afecdb556c50c9e8de78 -> 
  custom:audio-decoder-ogg-vorbis: bf7c407c2cedff20999df2af8eb42d56 -> 
========================================================================
Received Import Request.
  Time since last request: 427142.167979 seconds.
  path: Assets/Assets_Descargados/TextMesh Pro/Examples & Extras/Resources/Fonts & Materials/Electronic Highway Sign SDF.asset
  artifactKey: Guid(dc36b3fdc14f47ebb36fd484a67e268a) Importer(815301076,1909f56bfc062723c751e8b465ee728b)
Start importing Assets/Assets_Descargados/TextMesh Pro/Examples & Extras/Resources/Fonts & Materials/Electronic Highway Sign SDF.asset using Guid(dc36b3fdc14f47ebb36fd484a67e268a) Importer(815301076,1909f56bfc062723c751e8b465ee728b)  -> (artifact id: 'b39802a7a2031bd97b010fc9a8b46244') in 0.344217 seconds 
========================================================================
Received Import Request.
  Time since last request: 0.000053 seconds.
  path: Assets/Assets_Descargados/TextMesh Pro/Examples & Extras/Resources/Fonts & Materials/Bangers SDF - Drop Shadow.mat
  artifactKey: Guid(f2dcf029949142e28b974630369c8b4e) Importer(815301076,1909f56bfc062723c751e8b465ee728b)
Start importing Assets/Assets_Descargados/TextMesh Pro/Examples & Extras/Resources/Fonts & Materials/Bangers SDF - Drop Shadow.mat using Guid(f2dcf029949142e28b974630369c8b4e) Importer(815301076,1909f56bfc062723c751e8b465ee728b)  -> (artifact id: '16efddb6ad67a9669c24a3696ef66d29') in 0.055868 seconds 
========================================================================
Received Import Request.
  Time since last request: 0.000513 seconds.
  path: Assets/Assets_Descargados/TextMesh Pro/Examples & Extras/Resources/Fonts & Materials/Anton SDF - Outline.mat
  artifactKey: Guid(a00013af81304728b2be1f4309ee2433) Importer(815301076,1909f56bfc062723c751e8b465ee728b)
Start importing Assets/Assets_Descargados/TextMesh Pro/Examples & Extras/Resources/Fonts & Materials/Anton SDF - Outline.mat using Guid(a00013af81304728b2be1f4309ee2433) Importer(815301076,1909f56bfc062723c751e8b465ee728b)  -> (artifact id: '3c3431ddc4aad0ff28df9dc163289d42') in 0.056018 seconds 
========================================================================
Received Import Request.
  Time since last request: 0.000041 seconds.
  path: Assets/Assets_Descargados/TextMesh Pro/Examples & Extras/Resources/Fonts & Materials/Oswald Bold SDF.asset
  artifactKey: Guid(0161d805a3764c089bef00bfe00793f5) Importer(815301076,1909f56bfc062723c751e8b465ee728b)
Start importing Assets/Assets_Descargados/TextMesh Pro/Examples & Extras/Resources/Fonts & Materials/Oswald Bold SDF.asset using Guid(0161d805a3764c089bef00bfe00793f5) Importer(815301076,1909f56bfc062723c751e8b465ee728b)  -> (artifact id: 'b8c066ee6c5017772e2a11aea0001bf9') in 0.080946 seconds 
========================================================================
Received Import Request.
  Time since last request: 459.448767 seconds.
  path: Assets/Proyecto/Scenes/Inicio.unity
  artifactKey: Guid(836628581f4875744ad2358fd15e37b9) Importer(815301076,1909f56bfc062723c751e8b465ee728b)
Start importing Assets/Proyecto/Scenes/Inicio.unity using Guid(836628581f4875744ad2358fd15e37b9) Importer(815301076,1909f56bfc062723c751e8b465ee728b)  -> (artifact id: '86520a859a89eddbc7faee6c04c99edc') in 0.009053 seconds 
========================================================================
Received Import Request.
  Time since last request: 112.710625 seconds.
  path: Assets/Proyecto/Scenes/Juego.unity
  artifactKey: Guid(2cda990e2423bbf4892e6590ba056729) Importer(815301076,1909f56bfc062723c751e8b465ee728b)
Start importing Assets/Proyecto/Scenes/Juego.unity using Guid(2cda990e2423bbf4892e6590ba056729) Importer(815301076,1909f56bfc062723c751e8b465ee728b)  -> (artifact id: '3ebba84e28e176968e198deffce51834') in 0.006738 seconds 
========================================================================
Received Import Request.
  Time since last request: 88.171491 seconds.
  path: Assets/Proyecto/Scenes/tablero.png
  artifactKey: Guid(aaa863ac39aeca8409fcb07f33b56f3b) Importer(815301076,1909f56bfc062723c751e8b465ee728b)
Start importing Assets/Proyecto/Scenes/tablero.png using Guid(aaa863ac39aeca8409fcb07f33b56f3b) Importer(815301076,1909f56bfc062723c751e8b465ee728b)  -> (artifact id: '6880fd765ca8bb0f9d1cd143ec914e77') in 0.233296 seconds 
========================================================================
Received Import Request.
  Time since last request: 13.097689 seconds.
  path: Assets/Proyecto/Elementos_de_prueba/tablero.png
  artifactKey: Guid(534a4a4d0b980fc45a7825b97c281fa2) Importer(815301076,1909f56bfc062723c751e8b465ee728b)
Start importing Assets/Proyecto/Elementos_de_prueba/tablero.png using Guid(534a4a4d0b980fc45a7825b97c281fa2) Importer(815301076,1909f56bfc062723c751e8b465ee728b)  -> (artifact id: '97ae781e6a8c5302cab2c75de696d5d0') in 0.128235 seconds 
========================================================================
Received Prepare
Registering precompiled user dll's ...
Registered in 0.005282 seconds.
Begin MonoManager ReloadAssembly
Native extension for WindowsStandalone target not found
Native extension for WebGL target not found
Refreshing native plugins compatible for Editor in 1.13 ms, found 3 plugins.
Preloading 0 native plugins for Editor in 0.00 ms.
Mono: successfully reloaded assembly
- Completed reload, in  1.677 seconds
Domain Reload Profiling:
	ReloadAssembly (1678ms)
		BeginReloadAssembly (552ms)
			ExecutionOrderSort (0ms)
			DisableScriptedObjects (31ms)
			BackupInstance (0ms)
			ReleaseScriptingObjects (0ms)
			CreateAndSetChildDomain (322ms)
		EndReloadAssembly (983ms)
			LoadAssemblies (173ms)
			RebuildTransferFunctionScriptingTraits (1ms)
			SetupTypeCache (334ms)
			ReleaseScriptCaches (3ms)
			RebuildScriptCaches (65ms)
			SetupLoadedEditorAssemblies (399ms)
				LogAssemblyErrors (0ms)
				InitializePlatformSupportModulesInManaged (16ms)
				SetLoadedEditorAssemblies (1ms)
				RefreshPlugins (1ms)
				BeforeProcessingInitializeOnLoad (83ms)
				ProcessInitializeOnLoadAttributes (232ms)
				ProcessInitializeOnLoadMethodAttributes (55ms)
				AfterProcessingInitializeOnLoad (9ms)
				EditorAssembliesLoaded (1ms)
			ExecutionOrderSort2 (0ms)
			AwakeInstancesAfterBackupRestoration (9ms)
Platform modules already initialized, skipping
Refreshing native plugins compatible for Editor in 2.87 ms, found 3 plugins.
Preloading 0 native plugins for Editor in 0.00 ms.
Unloading 2501 Unused Serialized files (Serialized files now loaded: 0)
Unloading 20 unused Assets / (24.6 KB). Loaded Objects now: 3038.
Memory consumption went from 115.2 MB to 115.2 MB.
Total: 5.878800 ms (FindLiveObjects: 0.465900 ms CreateObjectMapping: 0.175800 ms MarkObjects: 5.158200 ms  DeleteObjects: 0.077000 ms)

AssetImportParameters requested are different than current active one (requested -> active):
  custom:video-decoder-ogg-theora: a1e56fd34408186e4bbccfd4996cb3dc -> 
  custom:container-muxer-webm: aa71ff27fc2769a1b78a27578f13a17b -> 
  custom:container-demuxer-webm: 4f35f7cbe854078d1ac9338744f61a02 -> 
  custom:video-encoder-webm-vp8: eb34c28f22e8b96e1ab97ce403110664 -> 
  custom:video-codec-MediaFoundation-h265: 746d11721c4dcdbdad8f713fa42b33f4 -> 
  custom:audio-encoder-webm-vorbis: bf7c407c2cedff20999df2af8eb42d56 -> 
  custom:framework-win-MediaFoundation: 216162199b28c13a410421893ffa2e32 -> 
  custom:container-demuxer-ogg: 62fdf1f143b41e24485cea50d1cbac27 -> 
  custom:video-decoder-webm-vp8: 9c59270c3fd7afecdb556c50c9e8de78 -> 
  custom:audio-decoder-ogg-vorbis: bf7c407c2cedff20999df2af8eb42d56 -> 
========================================================================
Received Prepare
Registering precompiled user dll's ...
Registered in 0.010832 seconds.
Begin MonoManager ReloadAssembly
Native extension for WindowsStandalone target not found
Native extension for WebGL target not found
Refreshing native plugins compatible for Editor in 1.36 ms, found 3 plugins.
Preloading 0 native plugins for Editor in 0.00 ms.
Mono: successfully reloaded assembly
- Completed reload, in  1.159 seconds
Domain Reload Profiling:
	ReloadAssembly (1160ms)
		BeginReloadAssembly (140ms)
			ExecutionOrderSort (0ms)
			DisableScriptedObjects (8ms)
			BackupInstance (0ms)
			ReleaseScriptingObjects (0ms)
			CreateAndSetChildDomain (40ms)
		EndReloadAssembly (910ms)
			LoadAssemblies (89ms)
			RebuildTransferFunctionScriptingTraits (0ms)
			SetupTypeCache (251ms)
			ReleaseScriptCaches (1ms)
			RebuildScriptCaches (57ms)
			SetupLoadedEditorAssemblies (438ms)
				LogAssemblyErrors (0ms)
				InitializePlatformSupportModulesInManaged (25ms)
				SetLoadedEditorAssemblies (1ms)
				RefreshPlugins (1ms)
				BeforeProcessingInitializeOnLoad (80ms)
				ProcessInitializeOnLoadAttributes (258ms)
				ProcessInitializeOnLoadMethodAttributes (61ms)
				AfterProcessingInitializeOnLoad (11ms)
				EditorAssembliesLoaded (0ms)
			ExecutionOrderSort2 (0ms)
			AwakeInstancesAfterBackupRestoration (13ms)
Platform modules already initialized, skipping
Refreshing native plugins compatible for Editor in 2.74 ms, found 3 plugins.
Preloading 0 native plugins for Editor in 0.00 ms.
Unloading 2501 Unused Serialized files (Serialized files now loaded: 0)
Unloading 20 unused Assets / (24.7 KB). Loaded Objects now: 3041.
Memory consumption went from 115.2 MB to 115.2 MB.
Total: 4.177300 ms (FindLiveObjects: 0.316900 ms CreateObjectMapping: 0.100700 ms MarkObjects: 3.708600 ms  DeleteObjects: 0.048600 ms)

AssetImportParameters requested are different than current active one (requested -> active):
  custom:video-decoder-ogg-theora: a1e56fd34408186e4bbccfd4996cb3dc -> 
  custom:container-muxer-webm: aa71ff27fc2769a1b78a27578f13a17b -> 
  custom:container-demuxer-webm: 4f35f7cbe854078d1ac9338744f61a02 -> 
  custom:video-encoder-webm-vp8: eb34c28f22e8b96e1ab97ce403110664 -> 
  custom:video-codec-MediaFoundation-h265: 746d11721c4dcdbdad8f713fa42b33f4 -> 
  custom:audio-encoder-webm-vorbis: bf7c407c2cedff20999df2af8eb42d56 -> 
  custom:framework-win-MediaFoundation: 216162199b28c13a410421893ffa2e32 -> 
  custom:container-demuxer-ogg: 62fdf1f143b41e24485cea50d1cbac27 -> 
  custom:video-decoder-webm-vp8: 9c59270c3fd7afecdb556c50c9e8de78 -> 
  custom:audio-decoder-ogg-vorbis: bf7c407c2cedff20999df2af8eb42d56 -> 
========================================================================
Received Prepare
Registering precompiled user dll's ...
Registered in 0.005123 seconds.
Begin MonoManager ReloadAssembly
Native extension for WindowsStandalone target not found
Native extension for WebGL target not found
Refreshing native plugins compatible for Editor in 0.81 ms, found 3 plugins.
Preloading 0 native plugins for Editor in 0.00 ms.
Mono: successfully reloaded assembly
- Completed reload, in  1.037 seconds
Domain Reload Profiling:
	ReloadAssembly (1038ms)
		BeginReloadAssembly (141ms)
			ExecutionOrderSort (0ms)
			DisableScriptedObjects (6ms)
			BackupInstance (0ms)
			ReleaseScriptingObjects (0ms)
			CreateAndSetChildDomain (38ms)
		EndReloadAssembly (790ms)
			LoadAssemblies (97ms)
			RebuildTransferFunctionScriptingTraits (0ms)
			SetupTypeCache (203ms)
			ReleaseScriptCaches (2ms)
			RebuildScriptCaches (49ms)
			SetupLoadedEditorAssemblies (382ms)
				LogAssemblyErrors (0ms)
				InitializePlatformSupportModulesInManaged (22ms)
				SetLoadedEditorAssemblies (1ms)
				RefreshPlugins (1ms)
				BeforeProcessingInitializeOnLoad (75ms)
				ProcessInitializeOnLoadAttributes (227ms)
				ProcessInitializeOnLoadMethodAttributes (46ms)
				AfterProcessingInitializeOnLoad (9ms)
				EditorAssembliesLoaded (0ms)
			ExecutionOrderSort2 (0ms)
			AwakeInstancesAfterBackupRestoration (10ms)
Platform modules already initialized, skipping
Refreshing native plugins compatible for Editor in 2.37 ms, found 3 plugins.
Preloading 0 native plugins for Editor in 0.00 ms.
Unloading 2501 Unused Serialized files (Serialized files now loaded: 0)
Unloading 20 unused Assets / (24.7 KB). Loaded Objects now: 3044.
Memory consumption went from 115.3 MB to 115.2 MB.
Total: 5.080100 ms (FindLiveObjects: 0.631600 ms CreateObjectMapping: 0.088100 ms MarkObjects: 4.328300 ms  DeleteObjects: 0.030600 ms)

AssetImportParameters requested are different than current active one (requested -> active):
  custom:video-decoder-ogg-theora: a1e56fd34408186e4bbccfd4996cb3dc -> 
  custom:container-muxer-webm: aa71ff27fc2769a1b78a27578f13a17b -> 
  custom:container-demuxer-webm: 4f35f7cbe854078d1ac9338744f61a02 -> 
  custom:video-encoder-webm-vp8: eb34c28f22e8b96e1ab97ce403110664 -> 
  custom:video-codec-MediaFoundation-h265: 746d11721c4dcdbdad8f713fa42b33f4 -> 
  custom:audio-encoder-webm-vorbis: bf7c407c2cedff20999df2af8eb42d56 -> 
  custom:framework-win-MediaFoundation: 216162199b28c13a410421893ffa2e32 -> 
  custom:container-demuxer-ogg: 62fdf1f143b41e24485cea50d1cbac27 -> 
  custom:video-decoder-webm-vp8: 9c59270c3fd7afecdb556c50c9e8de78 -> 
  custom:audio-decoder-ogg-vorbis: bf7c407c2cedff20999df2af8eb42d56 -> 
========================================================================
Received Import Request.
  Time since last request: 539.868325 seconds.
  path: Assets/Proyecto/Elementos_de_prueba/Carta_comun.png
  artifactKey: Guid(1e3a0c1df02cb8d43bd37b5e212b469f) Importer(815301076,1909f56bfc062723c751e8b465ee728b)
Start importing Assets/Proyecto/Elementos_de_prueba/Carta_comun.png using Guid(1e3a0c1df02cb8d43bd37b5e212b469f) Importer(815301076,1909f56bfc062723c751e8b465ee728b)  -> (artifact id: 'f766753dca74b4adb2044252508b5fcf') in 0.118745 seconds 
========================================================================
Received Import Request.
  Time since last request: 154.565428 seconds.
  path: Assets/Proyecto/Script
  artifactKey: Guid(3b723a0b8ad0d1546adfc8338da5d917) Importer(815301076,1909f56bfc062723c751e8b465ee728b)
Start importing Assets/Proyecto/Script using Guid(3b723a0b8ad0d1546adfc8338da5d917) Importer(815301076,1909f56bfc062723c751e8b465ee728b)  -> (artifact id: '830c766ac83df3c7c6126e197561af51') in 0.007980 seconds 
========================================================================
Received Import Request.
  Time since last request: 10.909607 seconds.
  path: Assets/Proyecto/Script/Plantilla_Carta.cs
  artifactKey: Guid(7e5e04390f9e61a41962f58f9de3ce18) Importer(815301076,1909f56bfc062723c751e8b465ee728b)
Start importing Assets/Proyecto/Script/Plantilla_Carta.cs using Guid(7e5e04390f9e61a41962f58f9de3ce18) Importer(815301076,1909f56bfc062723c751e8b465ee728b)  -> (artifact id: '5c3a0fdac19d2aeadc10c1e4d16b47cf') in 0.110974 seconds 
========================================================================
Received Prepare
Registering precompiled user dll's ...
Registered in 0.024060 seconds.
Begin MonoManager ReloadAssembly
Native extension for WindowsStandalone target not found
Native extension for WebGL target not found
Refreshing native plugins compatible for Editor in 0.72 ms, found 3 plugins.
Preloading 0 native plugins for Editor in 0.00 ms.
Mono: successfully reloaded assembly
- Completed reload, in  1.386 seconds
Domain Reload Profiling:
	ReloadAssembly (1388ms)
		BeginReloadAssembly (337ms)
			ExecutionOrderSort (0ms)
			DisableScriptedObjects (13ms)
			BackupInstance (0ms)
			ReleaseScriptingObjects (0ms)
			CreateAndSetChildDomain (153ms)
		EndReloadAssembly (906ms)
			LoadAssemblies (206ms)
			RebuildTransferFunctionScriptingTraits (0ms)
			SetupTypeCache (242ms)
			ReleaseScriptCaches (1ms)
			RebuildScriptCaches (42ms)
			SetupLoadedEditorAssemblies (391ms)
				LogAssemblyErrors (0ms)
				InitializePlatformSupportModulesInManaged (15ms)
				SetLoadedEditorAssemblies (0ms)
				RefreshPlugins (1ms)
				BeforeProcessingInitializeOnLoad (68ms)
				ProcessInitializeOnLoadAttributes (250ms)
				ProcessInitializeOnLoadMethodAttributes (47ms)
				AfterProcessingInitializeOnLoad (10ms)
				EditorAssembliesLoaded (0ms)
			ExecutionOrderSort2 (0ms)
			AwakeInstancesAfterBackupRestoration (10ms)
Platform modules already initialized, skipping
Refreshing native plugins compatible for Editor in 4.99 ms, found 3 plugins.
Preloading 0 native plugins for Editor in 0.00 ms.
Unloading 2502 Unused Serialized files (Serialized files now loaded: 0)
Unloading 20 unused Assets / (24.6 KB). Loaded Objects now: 3050.
Memory consumption went from 115.3 MB to 115.3 MB.
Total: 4.099400 ms (FindLiveObjects: 0.335100 ms CreateObjectMapping: 0.128100 ms MarkObjects: 3.609400 ms  DeleteObjects: 0.025300 ms)

AssetImportParameters requested are different than current active one (requested -> active):
  custom:video-decoder-ogg-theora: a1e56fd34408186e4bbccfd4996cb3dc -> 
  custom:container-muxer-webm: aa71ff27fc2769a1b78a27578f13a17b -> 
  custom:container-demuxer-webm: 4f35f7cbe854078d1ac9338744f61a02 -> 
  custom:video-encoder-webm-vp8: eb34c28f22e8b96e1ab97ce403110664 -> 
  custom:video-codec-MediaFoundation-h265: 746d11721c4dcdbdad8f713fa42b33f4 -> 
  custom:audio-encoder-webm-vorbis: bf7c407c2cedff20999df2af8eb42d56 -> 
  custom:framework-win-MediaFoundation: 216162199b28c13a410421893ffa2e32 -> 
  custom:container-demuxer-ogg: 62fdf1f143b41e24485cea50d1cbac27 -> 
  custom:video-decoder-webm-vp8: 9c59270c3fd7afecdb556c50c9e8de78 -> 
  custom:audio-decoder-ogg-vorbis: bf7c407c2cedff20999df2af8eb42d56 -> 
========================================================================
Received Prepare
Registering precompiled user dll's ...
Registered in 0.006046 seconds.
Begin MonoManager ReloadAssembly
Native extension for WindowsStandalone target not found
Native extension for WebGL target not found
Refreshing native plugins compatible for Editor in 0.95 ms, found 3 plugins.
Preloading 0 native plugins for Editor in 0.00 ms.
Mono: successfully reloaded assembly
- Completed reload, in  1.139 seconds
Domain Reload Profiling:
	ReloadAssembly (1140ms)
		BeginReloadAssembly (185ms)
			ExecutionOrderSort (0ms)
			DisableScriptedObjects (8ms)
			BackupInstance (0ms)
			ReleaseScriptingObjects (0ms)
			CreateAndSetChildDomain (51ms)
		EndReloadAssembly (801ms)
			LoadAssemblies (131ms)
			RebuildTransferFunctionScriptingTraits (0ms)
			SetupTypeCache (243ms)
			ReleaseScriptCaches (1ms)
			RebuildScriptCaches (45ms)
			SetupLoadedEditorAssemblies (365ms)
				LogAssemblyErrors (0ms)
				InitializePlatformSupportModulesInManaged (17ms)
				SetLoadedEditorAssemblies (0ms)
				RefreshPlugins (1ms)
				BeforeProcessingInitializeOnLoad (70ms)
				ProcessInitializeOnLoadAttributes (228ms)
				ProcessInitializeOnLoadMethodAttributes (39ms)
				AfterProcessingInitializeOnLoad (8ms)
				EditorAssembliesLoaded (0ms)
			ExecutionOrderSort2 (0ms)
			AwakeInstancesAfterBackupRestoration (9ms)
Platform modules already initialized, skipping
Refreshing native plugins compatible for Editor in 2.53 ms, found 3 plugins.
Preloading 0 native plugins for Editor in 0.00 ms.
Unloading 2502 Unused Serialized files (Serialized files now loaded: 0)
Unloading 20 unused Assets / (24.6 KB). Loaded Objects now: 3053.
Memory consumption went from 115.3 MB to 115.3 MB.
Total: 3.443600 ms (FindLiveObjects: 0.374600 ms CreateObjectMapping: 0.075000 ms MarkObjects: 2.964000 ms  DeleteObjects: 0.028500 ms)

AssetImportParameters requested are different than current active one (requested -> active):
  custom:video-decoder-ogg-theora: a1e56fd34408186e4bbccfd4996cb3dc -> 
  custom:container-muxer-webm: aa71ff27fc2769a1b78a27578f13a17b -> 
  custom:container-demuxer-webm: 4f35f7cbe854078d1ac9338744f61a02 -> 
  custom:video-encoder-webm-vp8: eb34c28f22e8b96e1ab97ce403110664 -> 
  custom:video-codec-MediaFoundation-h265: 746d11721c4dcdbdad8f713fa42b33f4 -> 
  custom:audio-encoder-webm-vorbis: bf7c407c2cedff20999df2af8eb42d56 -> 
  custom:framework-win-MediaFoundation: 216162199b28c13a410421893ffa2e32 -> 
  custom:container-demuxer-ogg: 62fdf1f143b41e24485cea50d1cbac27 -> 
  custom:video-decoder-webm-vp8: 9c59270c3fd7afecdb556c50c9e8de78 -> 
  custom:audio-decoder-ogg-vorbis: bf7c407c2cedff20999df2af8eb42d56 -> 
========================================================================
Received Import Request.
  Time since last request: 515.286037 seconds.
  path: Assets/Proyecto/Script/ModeloCarta.asset
  artifactKey: Guid(606487bf76efba4439c57cccaabae674) Importer(815301076,1909f56bfc062723c751e8b465ee728b)
Start importing Assets/Proyecto/Script/ModeloCarta.asset using Guid(606487bf76efba4439c57cccaabae674) Importer(815301076,1909f56bfc062723c751e8b465ee728b)  -> (artifact id: 'ff6813c2d469bd9b84ffc0208f7228ac') in 0.024237 seconds 
========================================================================
Received Import Request.
  Time since last request: 7.748240 seconds.
  path: Assets/Assets_Descargados/Brackeys/2D Mega Pack/Food & Plants/Crops/Aubergine_Dead.png
  artifactKey: Guid(00f165b1254df1346b4653643b7997d9) Importer(815301076,1909f56bfc062723c751e8b465ee728b)
Start importing Assets/Assets_Descargados/Brackeys/2D Mega Pack/Food & Plants/Crops/Aubergine_Dead.png using Guid(00f165b1254df1346b4653643b7997d9) Importer(815301076,1909f56bfc062723c751e8b465ee728b)  -> (artifact id: '54603d5fc3a9321df994f5da813b7c63') in 0.074024 seconds 
========================================================================
Received Import Request.
  Time since last request: 0.000036 seconds.
  path: Assets/Assets_Descargados/Brackeys/2D Mega Pack/Food & Plants/Crops/Aubergine_Seed.png
  artifactKey: Guid(3e219d5964d7ef1408da169b0cbdbcb6) Importer(815301076,1909f56bfc062723c751e8b465ee728b)
Start importing Assets/Assets_Descargados/Brackeys/2D Mega Pack/Food & Plants/Crops/Aubergine_Seed.png using Guid(3e219d5964d7ef1408da169b0cbdbcb6) Importer(815301076,1909f56bfc062723c751e8b465ee728b)  -> (artifact id: '10b200662bc0f33d0838f13801b487da') in 0.029616 seconds 
========================================================================
Received Import Request.
  Time since last request: 0.000042 seconds.
  path: Assets/Assets_Descargados/Brackeys/2D Mega Pack/Weapons & Tools/Axe.png
  artifactKey: Guid(8708d80070522a043a1ab6a2b2775382) Importer(815301076,1909f56bfc062723c751e8b465ee728b)
Start importing Assets/Assets_Descargados/Brackeys/2D Mega Pack/Weapons & Tools/Axe.png using Guid(8708d80070522a043a1ab6a2b2775382) Importer(815301076,1909f56bfc062723c751e8b465ee728b)  -> (artifact id: '41ec0aa6a732a56a2e354e0472dd684a') in 0.029770 seconds 
========================================================================
Received Import Request.
  Time since last request: 2.879699 seconds.
  path: Assets/Assets_Descargados/Brackeys/2D Mega Pack/Items & Icons/Minimalistic/Ball.png
  artifactKey: Guid(47d9d270483767d44b2ef0a8da994f67) Importer(815301076,1909f56bfc062723c751e8b465ee728b)
Start importing Assets/Assets_Descargados/Brackeys/2D Mega Pack/Items & Icons/Minimalistic/Ball.png using Guid(47d9d270483767d44b2ef0a8da994f67) Importer(815301076,1909f56bfc062723c751e8b465ee728b)  -> (artifact id: '1ff2def9508e0b4c72e470d4ef8bc5c3') in 0.024462 seconds 
========================================================================
Received Import Request.
  Time since last request: 0.691882 seconds.
  path: Assets/Assets_Descargados/Brackeys/2D Mega Pack/Environment/Farming/Barrel.png
  artifactKey: Guid(550b6b4837f3a04499627c35f65670ca) Importer(815301076,1909f56bfc062723c751e8b465ee728b)
Start importing Assets/Assets_Descargados/Brackeys/2D Mega Pack/Environment/Farming/Barrel.png using Guid(550b6b4837f3a04499627c35f65670ca) Importer(815301076,1909f56bfc062723c751e8b465ee728b)  -> (artifact id: 'd59f7f1c68db647e223b7aa871860801') in 0.025588 seconds 
========================================================================
Received Import Request.
  Time since last request: 0.024125 seconds.
  path: Assets/Assets_Descargados/Brackeys/2D Mega Pack/Enemies/Insects/Beetle.png
  artifactKey: Guid(a50747b7090647445a1aa71f3aefd771) Importer(815301076,1909f56bfc062723c751e8b465ee728b)
Start importing Assets/Assets_Descargados/Brackeys/2D Mega Pack/Enemies/Insects/Beetle.png using Guid(a50747b7090647445a1aa71f3aefd771) Importer(815301076,1909f56bfc062723c751e8b465ee728b)  -> (artifact id: 'eb0a53bcb55a15f1f613f69a03db6b1a') in 0.030462 seconds 
========================================================================
Received Import Request.
  Time since last request: 1.527806 seconds.
  path: Assets/Assets_Descargados/Brackeys/2D Mega Pack/Environment/Stick Figure-like/Building.png
  artifactKey: Guid(2797cf66f22b3b848ae0e681796df89d) Importer(815301076,1909f56bfc062723c751e8b465ee728b)
Start importing Assets/Assets_Descargados/Brackeys/2D Mega Pack/Environment/Stick Figure-like/Building.png using Guid(2797cf66f22b3b848ae0e681796df89d) Importer(815301076,1909f56bfc062723c751e8b465ee728b)  -> (artifact id: '6dc63f328ea9ca40c6651c515cb6d656') in 0.040490 seconds 
========================================================================
Received Import Request.
  Time since last request: 0.602886 seconds.
  path: Assets/Assets_Descargados/Brackeys/2D Mega Pack/Environment/Grungy/Car.png
  artifactKey: Guid(e3aef1a80b4be2c4bbb9f135394fc9f4) Importer(815301076,1909f56bfc062723c751e8b465ee728b)
Start importing Assets/Assets_Descargados/Brackeys/2D Mega Pack/Environment/Grungy/Car.png using Guid(e3aef1a80b4be2c4bbb9f135394fc9f4) Importer(815301076,1909f56bfc062723c751e8b465ee728b)  -> (artifact id: '6c67d186fc3520547c2c8e60cfb1d973') in 0.030604 seconds 
========================================================================
Received Import Request.
  Time since last request: 0.129614 seconds.
  path: Assets/Assets_Descargados/Brackeys/2D Mega Pack/Environment/Tiles/CheckerTile.png
  artifactKey: Guid(993403597eaec3c4683fc27cd1dafeb5) Importer(815301076,1909f56bfc062723c751e8b465ee728b)
Start importing Assets/Assets_Descargados/Brackeys/2D Mega Pack/Environment/Tiles/CheckerTile.png using Guid(993403597eaec3c4683fc27cd1dafeb5) Importer(815301076,1909f56bfc062723c751e8b465ee728b)  -> (artifact id: 'a9d7de145dcd93656f9364f3da5e2488') in 0.028067 seconds 
========================================================================
Received Import Request.
  Time since last request: 0.044932 seconds.
  path: Assets/Assets_Descargados/Brackeys/2D Mega Pack/Items & Icons/Cute/Coin.png
  artifactKey: Guid(99af61578a2317c449e29344b2b17479) Importer(815301076,1909f56bfc062723c751e8b465ee728b)
Start importing Assets/Assets_Descargados/Brackeys/2D Mega Pack/Items & Icons/Cute/Coin.png using Guid(99af61578a2317c449e29344b2b17479) Importer(815301076,1909f56bfc062723c751e8b465ee728b)  -> (artifact id: 'e26b03d7b116c349539ba4bf03b3f7ee') in 0.027287 seconds 
========================================================================
Received Import Request.
  Time since last request: 0.076471 seconds.
  path: Assets/Assets_Descargados/Brackeys/2D Mega Pack/Items & Icons/Cute/Crate.png
  artifactKey: Guid(68a41ff097730fb45a9b2adce184a79d) Importer(815301076,1909f56bfc062723c751e8b465ee728b)
Start importing Assets/Assets_Descargados/Brackeys/2D Mega Pack/Items & Icons/Cute/Crate.png using Guid(68a41ff097730fb45a9b2adce184a79d) Importer(815301076,1909f56bfc062723c751e8b465ee728b)  -> (artifact id: '277a3c195c499c9054b7c480051be930') in 0.027261 seconds 
========================================================================
Received Import Request.
  Time since last request: 0.517911 seconds.
  path: Assets/Assets_Descargados/Brackeys/2D Mega Pack/Items & Icons/Gold Miner/Diamond.png
  artifactKey: Guid(d9c7df35c6600dd42b897ce1d9ae898b) Importer(815301076,1909f56bfc062723c751e8b465ee728b)
Start importing Assets/Assets_Descargados/Brackeys/2D Mega Pack/Items & Icons/Gold Miner/Diamond.png using Guid(d9c7df35c6600dd42b897ce1d9ae898b) Importer(815301076,1909f56bfc062723c751e8b465ee728b)  -> (artifact id: '61880882e4cdcfd3909483f7ce229c32') in 0.036785 seconds 
========================================================================
Received Import Request.
  Time since last request: 0.021674 seconds.
  path: Assets/Assets_Descargados/Brackeys/2D Mega Pack/Items & Icons/Cute/DinnerTable2.png
  artifactKey: Guid(6f082b6ddb44f9745a815afaaf44245a) Importer(815301076,1909f56bfc062723c751e8b465ee728b)
Start importing Assets/Assets_Descargados/Brackeys/2D Mega Pack/Items & Icons/Cute/DinnerTable2.png using Guid(6f082b6ddb44f9745a815afaaf44245a) Importer(815301076,1909f56bfc062723c751e8b465ee728b)  -> (artifact id: '6e97ac40a0fc53b1fe073fa446ea7c0d') in 0.028532 seconds 
========================================================================
Received Import Request.
  Time since last request: 0.020227 seconds.
  path: Assets/Assets_Descargados/Brackeys/2D Mega Pack/Environment/Farming/Dirt_Mid.png
  artifactKey: Guid(cdd3802b2839b31409430e4f03c49fe4) Importer(815301076,1909f56bfc062723c751e8b465ee728b)
Start importing Assets/Assets_Descargados/Brackeys/2D Mega Pack/Environment/Farming/Dirt_Mid.png using Guid(cdd3802b2839b31409430e4f03c49fe4) Importer(815301076,1909f56bfc062723c751e8b465ee728b)  -> (artifact id: 'd281eddcf52562fd8dae98a6e2da2ce4') in 0.022233 seconds 
========================================================================
Received Import Request.
  Time since last request: 0.067160 seconds.
  path: Assets/Assets_Descargados/Brackeys/2D Mega Pack/Environment/Farming/DirtRow.png
  artifactKey: Guid(58990ff17db16224eb6d25d150205554) Importer(815301076,1909f56bfc062723c751e8b465ee728b)
Start importing Assets/Assets_Descargados/Brackeys/2D Mega Pack/Environment/Farming/DirtRow.png using Guid(58990ff17db16224eb6d25d150205554) Importer(815301076,1909f56bfc062723c751e8b465ee728b)  -> (artifact id: 'cece0eb6a2a0643e198bb2975fbaa33e') in 0.025854 seconds 
========================================================================
Received Import Request.
  Time since last request: 71.193220 seconds.
  path: Assets/Proyecto/Script/Carta.cs
  artifactKey: Guid(7bd4a778903738e48a9614cf6361df5e) Importer(815301076,1909f56bfc062723c751e8b465ee728b)
Start importing Assets/Proyecto/Script/Carta.cs using Guid(7bd4a778903738e48a9614cf6361df5e) Importer(815301076,1909f56bfc062723c751e8b465ee728b)  -> (artifact id: '6a3cc1fbdc568a4164aaf19776791fc6') in 0.009234 seconds 
========================================================================
Received Prepare
Registering precompiled user dll's ...
Registered in 0.007225 seconds.
Begin MonoManager ReloadAssembly
Native extension for WindowsStandalone target not found
Native extension for WebGL target not found
Refreshing native plugins compatible for Editor in 0.77 ms, found 3 plugins.
Preloading 0 native plugins for Editor in 0.00 ms.
Mono: successfully reloaded assembly
- Completed reload, in  1.362 seconds
Domain Reload Profiling:
	ReloadAssembly (1363ms)
		BeginReloadAssembly (148ms)
			ExecutionOrderSort (0ms)
			DisableScriptedObjects (8ms)
			BackupInstance (0ms)
			ReleaseScriptingObjects (0ms)
			CreateAndSetChildDomain (42ms)
		EndReloadAssembly (1100ms)
			LoadAssemblies (102ms)
			RebuildTransferFunctionScriptingTraits (0ms)
			SetupTypeCache (238ms)
			ReleaseScriptCaches (1ms)
			RebuildScriptCaches (54ms)
			SetupLoadedEditorAssemblies (633ms)
				LogAssemblyErrors (0ms)
				InitializePlatformSupportModulesInManaged (19ms)
				SetLoadedEditorAssemblies (0ms)
				RefreshPlugins (1ms)
				BeforeProcessingInitializeOnLoad (107ms)
				ProcessInitializeOnLoadAttributes (429ms)
				ProcessInitializeOnLoadMethodAttributes (65ms)
				AfterProcessingInitializeOnLoad (11ms)
				EditorAssembliesLoaded (1ms)
			ExecutionOrderSort2 (0ms)
			AwakeInstancesAfterBackupRestoration (14ms)
Platform modules already initialized, skipping
Refreshing native plugins compatible for Editor in 4.56 ms, found 3 plugins.
Preloading 0 native plugins for Editor in 0.00 ms.
Unloading 2503 Unused Serialized files (Serialized files now loaded: 0)
Unloading 20 unused Assets / (24.6 KB). Loaded Objects now: 3086.
Memory consumption went from 115.4 MB to 115.4 MB.
Total: 6.016600 ms (FindLiveObjects: 0.575000 ms CreateObjectMapping: 0.104700 ms MarkObjects: 5.200400 ms  DeleteObjects: 0.132200 ms)

AssetImportParameters requested are different than current active one (requested -> active):
  custom:video-decoder-ogg-theora: a1e56fd34408186e4bbccfd4996cb3dc -> 
  custom:container-muxer-webm: aa71ff27fc2769a1b78a27578f13a17b -> 
  custom:container-demuxer-webm: 4f35f7cbe854078d1ac9338744f61a02 -> 
  custom:video-encoder-webm-vp8: eb34c28f22e8b96e1ab97ce403110664 -> 
  custom:video-codec-MediaFoundation-h265: 746d11721c4dcdbdad8f713fa42b33f4 -> 
  custom:audio-encoder-webm-vorbis: bf7c407c2cedff20999df2af8eb42d56 -> 
  custom:framework-win-MediaFoundation: 216162199b28c13a410421893ffa2e32 -> 
  custom:container-demuxer-ogg: 62fdf1f143b41e24485cea50d1cbac27 -> 
  custom:video-decoder-webm-vp8: 9c59270c3fd7afecdb556c50c9e8de78 -> 
  custom:audio-decoder-ogg-vorbis: bf7c407c2cedff20999df2af8eb42d56 -> 
========================================================================
Received Import Request.
  Time since last request: 145.391184 seconds.
  path: Assets/Proyecto/Script/tablero2
  artifactKey: Guid(d542302157ddd1647bc58416d2b3ff41) Importer(815301076,1909f56bfc062723c751e8b465ee728b)
Start importing Assets/Proyecto/Script/tablero2 using Guid(d542302157ddd1647bc58416d2b3ff41) Importer(815301076,1909f56bfc062723c751e8b465ee728b)  -> (artifact id: '0000c4614ae3e262834ef9552c26b2b7') in 0.020378 seconds 
========================================================================
Received Import Request.
  Time since last request: 26.755661 seconds.
  path: Assets/Proyecto/Elementos_de_prueba/tablero2
  artifactKey: Guid(3c8f3f03ec4defa4eb0f1350078f75d3) Importer(815301076,1909f56bfc062723c751e8b465ee728b)
Start importing Assets/Proyecto/Elementos_de_prueba/tablero2 using Guid(3c8f3f03ec4defa4eb0f1350078f75d3) Importer(815301076,1909f56bfc062723c751e8b465ee728b)  -> (artifact id: '7daeddcd699323ade64f8b240cb22815') in 0.003175 seconds 
========================================================================
Received Import Request.
  Time since last request: 112.130749 seconds.
  path: Assets/Proyecto/Elementos_de_prueba/tablero.png
  artifactKey: Guid(534a4a4d0b980fc45a7825b97c281fa2) Importer(815301076,1909f56bfc062723c751e8b465ee728b)
Start importing Assets/Proyecto/Elementos_de_prueba/tablero.png using Guid(534a4a4d0b980fc45a7825b97c281fa2) Importer(815301076,1909f56bfc062723c751e8b465ee728b)  -> (artifact id: '0df398f9db4e08461f1ab3fdd9142190') in 0.327886 seconds 
========================================================================
Received Prepare
Registering precompiled user dll's ...
Registered in 0.016254 seconds.
Begin MonoManager ReloadAssembly
Native extension for WindowsStandalone target not found
Native extension for WebGL target not found
Refreshing native plugins compatible for Editor in 1.31 ms, found 3 plugins.
Preloading 0 native plugins for Editor in 0.00 ms.
Mono: successfully reloaded assembly
- Completed reload, in  1.365 seconds
Domain Reload Profiling:
	ReloadAssembly (1367ms)
		BeginReloadAssembly (156ms)
			ExecutionOrderSort (0ms)
			DisableScriptedObjects (15ms)
			BackupInstance (0ms)
			ReleaseScriptingObjects (0ms)
			CreateAndSetChildDomain (39ms)
		EndReloadAssembly (1075ms)
			LoadAssemblies (101ms)
			RebuildTransferFunctionScriptingTraits (0ms)
			SetupTypeCache (281ms)
			ReleaseScriptCaches (1ms)
			RebuildScriptCaches (54ms)
			SetupLoadedEditorAssemblies (535ms)
				LogAssemblyErrors (0ms)
				InitializePlatformSupportModulesInManaged (17ms)
				SetLoadedEditorAssemblies (0ms)
				RefreshPlugins (1ms)
				BeforeProcessingInitializeOnLoad (86ms)
				ProcessInitializeOnLoadAttributes (321ms)
				ProcessInitializeOnLoadMethodAttributes (97ms)
				AfterProcessingInitializeOnLoad (11ms)
				EditorAssembliesLoaded (0ms)
			ExecutionOrderSort2 (0ms)
			AwakeInstancesAfterBackupRestoration (13ms)
Platform modules already initialized, skipping
Refreshing native plugins compatible for Editor in 2.85 ms, found 3 plugins.
Preloading 0 native plugins for Editor in 0.00 ms.
Unloading 2503 Unused Serialized files (Serialized files now loaded: 0)
Unloading 20 unused Assets / (24.7 KB). Loaded Objects now: 3092.
Memory consumption went from 115.4 MB to 115.4 MB.
Total: 4.887900 ms (FindLiveObjects: 0.454500 ms CreateObjectMapping: 0.142800 ms MarkObjects: 4.254600 ms  DeleteObjects: 0.034300 ms)

AssetImportParameters requested are different than current active one (requested -> active):
  custom:video-decoder-ogg-theora: a1e56fd34408186e4bbccfd4996cb3dc -> 
  custom:container-muxer-webm: aa71ff27fc2769a1b78a27578f13a17b -> 
  custom:container-demuxer-webm: 4f35f7cbe854078d1ac9338744f61a02 -> 
  custom:video-encoder-webm-vp8: eb34c28f22e8b96e1ab97ce403110664 -> 
  custom:video-codec-MediaFoundation-h265: 746d11721c4dcdbdad8f713fa42b33f4 -> 
  custom:audio-encoder-webm-vorbis: bf7c407c2cedff20999df2af8eb42d56 -> 
  custom:framework-win-MediaFoundation: 216162199b28c13a410421893ffa2e32 -> 
  custom:container-demuxer-ogg: 62fdf1f143b41e24485cea50d1cbac27 -> 
  custom:video-decoder-webm-vp8: 9c59270c3fd7afecdb556c50c9e8de78 -> 
  custom:audio-decoder-ogg-vorbis: bf7c407c2cedff20999df2af8eb42d56 -> 
========================================================================
Received Prepare
Registering precompiled user dll's ...
Registered in 0.007087 seconds.
Begin MonoManager ReloadAssembly
Native extension for WindowsStandalone target not found
Native extension for WebGL target not found
Refreshing native plugins compatible for Editor in 0.80 ms, found 3 plugins.
Preloading 0 native plugins for Editor in 0.00 ms.
Mono: successfully reloaded assembly
- Completed reload, in  1.013 seconds
Domain Reload Profiling:
	ReloadAssembly (1014ms)
		BeginReloadAssembly (133ms)
			ExecutionOrderSort (0ms)
			DisableScriptedObjects (7ms)
			BackupInstance (0ms)
			ReleaseScriptingObjects (0ms)
			CreateAndSetChildDomain (37ms)
		EndReloadAssembly (769ms)
			LoadAssemblies (87ms)
			RebuildTransferFunctionScriptingTraits (0ms)
			SetupTypeCache (214ms)
			ReleaseScriptCaches (1ms)
			RebuildScriptCaches (41ms)
			SetupLoadedEditorAssemblies (387ms)
				LogAssemblyErrors (0ms)
				InitializePlatformSupportModulesInManaged (13ms)
				SetLoadedEditorAssemblies (0ms)
				RefreshPlugins (1ms)
				BeforeProcessingInitializeOnLoad (65ms)
				ProcessInitializeOnLoadAttributes (236ms)
				ProcessInitializeOnLoadMethodAttributes (63ms)
				AfterProcessingInitializeOnLoad (8ms)
				EditorAssembliesLoaded (0ms)
			ExecutionOrderSort2 (0ms)
			AwakeInstancesAfterBackupRestoration (9ms)
Platform modules already initialized, skipping
Refreshing native plugins compatible for Editor in 5.87 ms, found 3 plugins.
Preloading 0 native plugins for Editor in 0.00 ms.
Unloading 2503 Unused Serialized files (Serialized files now loaded: 0)
Unloading 20 unused Assets / (24.6 KB). Loaded Objects now: 3095.
Memory consumption went from 115.4 MB to 115.4 MB.
Total: 5.346300 ms (FindLiveObjects: 0.301900 ms CreateObjectMapping: 0.065500 ms MarkObjects: 4.919200 ms  DeleteObjects: 0.056500 ms)

AssetImportParameters requested are different than current active one (requested -> active):
  custom:video-decoder-ogg-theora: a1e56fd34408186e4bbccfd4996cb3dc -> 
  custom:container-muxer-webm: aa71ff27fc2769a1b78a27578f13a17b -> 
  custom:container-demuxer-webm: 4f35f7cbe854078d1ac9338744f61a02 -> 
  custom:video-encoder-webm-vp8: eb34c28f22e8b96e1ab97ce403110664 -> 
  custom:video-codec-MediaFoundation-h265: 746d11721c4dcdbdad8f713fa42b33f4 -> 
  custom:audio-encoder-webm-vorbis: bf7c407c2cedff20999df2af8eb42d56 -> 
  custom:framework-win-MediaFoundation: 216162199b28c13a410421893ffa2e32 -> 
  custom:container-demuxer-ogg: 62fdf1f143b41e24485cea50d1cbac27 -> 
  custom:video-decoder-webm-vp8: 9c59270c3fd7afecdb556c50c9e8de78 -> 
  custom:audio-decoder-ogg-vorbis: bf7c407c2cedff20999df2af8eb42d56 -> 
========================================================================
Received Import Request.
  Time since last request: 1384.600591 seconds.
  path: Assets/Proyecto/Script/Carta.cs
  artifactKey: Guid(7bd4a778903738e48a9614cf6361df5e) Importer(815301076,1909f56bfc062723c751e8b465ee728b)
Start importing Assets/Proyecto/Script/Carta.cs using Guid(7bd4a778903738e48a9614cf6361df5e) Importer(815301076,1909f56bfc062723c751e8b465ee728b)  -> (artifact id: 'a3299a9c537ae6b1de13a3ac62354c76') in 0.113559 seconds 
========================================================================
Received Prepare
Registering precompiled user dll's ...
Registered in 0.005979 seconds.
Begin MonoManager ReloadAssembly
Native extension for WindowsStandalone target not found
Native extension for WebGL target not found
Refreshing native plugins compatible for Editor in 0.88 ms, found 3 plugins.
Preloading 0 native plugins for Editor in 0.00 ms.
Mono: successfully reloaded assembly
- Completed reload, in  1.115 seconds
Domain Reload Profiling:
	ReloadAssembly (1116ms)
		BeginReloadAssembly (228ms)
			ExecutionOrderSort (0ms)
			DisableScriptedObjects (22ms)
			BackupInstance (0ms)
			ReleaseScriptingObjects (0ms)
			CreateAndSetChildDomain (84ms)
		EndReloadAssembly (781ms)
			LoadAssemblies (118ms)
			RebuildTransferFunctionScriptingTraits (0ms)
			SetupTypeCache (229ms)
			ReleaseScriptCaches (1ms)
			RebuildScriptCaches (46ms)
			SetupLoadedEditorAssemblies (345ms)
				LogAssemblyErrors (0ms)
				InitializePlatformSupportModulesInManaged (17ms)
				SetLoadedEditorAssemblies (1ms)
				RefreshPlugins (1ms)
				BeforeProcessingInitializeOnLoad (70ms)
				ProcessInitializeOnLoadAttributes (205ms)
				ProcessInitializeOnLoadMethodAttributes (42ms)
				AfterProcessingInitializeOnLoad (9ms)
				EditorAssembliesLoaded (0ms)
			ExecutionOrderSort2 (0ms)
			AwakeInstancesAfterBackupRestoration (9ms)
Platform modules already initialized, skipping
Refreshing native plugins compatible for Editor in 2.55 ms, found 3 plugins.
Preloading 0 native plugins for Editor in 0.00 ms.
Unloading 2504 Unused Serialized files (Serialized files now loaded: 0)
Unloading 20 unused Assets / (24.7 KB). Loaded Objects now: 3099.
Memory consumption went from 115.4 MB to 115.4 MB.
Total: 5.726000 ms (FindLiveObjects: 0.309500 ms CreateObjectMapping: 0.069100 ms MarkObjects: 5.195700 ms  DeleteObjects: 0.150100 ms)

AssetImportParameters requested are different than current active one (requested -> active):
  custom:video-decoder-ogg-theora: a1e56fd34408186e4bbccfd4996cb3dc -> 
  custom:container-muxer-webm: aa71ff27fc2769a1b78a27578f13a17b -> 
  custom:container-demuxer-webm: 4f35f7cbe854078d1ac9338744f61a02 -> 
  custom:video-encoder-webm-vp8: eb34c28f22e8b96e1ab97ce403110664 -> 
  custom:video-codec-MediaFoundation-h265: 746d11721c4dcdbdad8f713fa42b33f4 -> 
  custom:audio-encoder-webm-vorbis: bf7c407c2cedff20999df2af8eb42d56 -> 
  custom:framework-win-MediaFoundation: 216162199b28c13a410421893ffa2e32 -> 
  custom:container-demuxer-ogg: 62fdf1f143b41e24485cea50d1cbac27 -> 
  custom:video-decoder-webm-vp8: 9c59270c3fd7afecdb556c50c9e8de78 -> 
  custom:audio-decoder-ogg-vorbis: bf7c407c2cedff20999df2af8eb42d56 -> 
========================================================================
Received Import Request.
  Time since last request: 688.983204 seconds.
  path: Assets/Proyecto/Script/Plantilla_Carta.cs
  artifactKey: Guid(7e5e04390f9e61a41962f58f9de3ce18) Importer(815301076,1909f56bfc062723c751e8b465ee728b)
Start importing Assets/Proyecto/Script/Plantilla_Carta.cs using Guid(7e5e04390f9e61a41962f58f9de3ce18) Importer(815301076,1909f56bfc062723c751e8b465ee728b)  -> (artifact id: 'be0a44769b0d348db497abce05018e56') in 0.062788 seconds 
========================================================================
Received Import Request.
  Time since last request: 134.075861 seconds.
  path: Assets/Proyecto/Script/Enemigo.cs
  artifactKey: Guid(099b020e018fbea4196919d1765bac2a) Importer(815301076,1909f56bfc062723c751e8b465ee728b)
Start importing Assets/Proyecto/Script/Enemigo.cs using Guid(099b020e018fbea4196919d1765bac2a) Importer(815301076,1909f56bfc062723c751e8b465ee728b)  -> (artifact id: '71931a9292eb50da7dfc95413a956580') in 0.011836 seconds 
========================================================================
Received Import Request.
  Time since last request: 3856.700397 seconds.
  path: Assets/Proyecto/Scenes/Juego.unity
  artifactKey: Guid(2cda990e2423bbf4892e6590ba056729) Importer(815301076,1909f56bfc062723c751e8b465ee728b)
Start importing Assets/Proyecto/Scenes/Juego.unity using Guid(2cda990e2423bbf4892e6590ba056729) Importer(815301076,1909f56bfc062723c751e8b465ee728b)  -> (artifact id: '39ca9e960e765927fced723eaa5ec886') in 0.014824 seconds 
========================================================================
Received Import Request.
  Time since last request: 13231.540359 seconds.
  path: Assets/Assets_Descargados/Sci-Fi UI/_SciFi_GUISkin_/Skin_Assets/window
  artifactKey: Guid(856900e36ea72f24a9896ec2db21a71e) Importer(815301076,1909f56bfc062723c751e8b465ee728b)
Start importing Assets/Assets_Descargados/Sci-Fi UI/_SciFi_GUISkin_/Skin_Assets/window using Guid(856900e36ea72f24a9896ec2db21a71e) Importer(815301076,1909f56bfc062723c751e8b465ee728b)  -> (artifact id: '4b532c2514f677636f36f54ea958f2c7') in 0.027088 seconds 
